2023-06-29 14:55:07.102 +08:00 [ERR] Не удалось кликнуть на элементе: stale element reference: stale element not found
  (Session info: chrome=114.0.5735.199); For documentation on this error, please visit: https://www.selenium.dev/documentation/webdriver/troubleshooting/errors#stale-element-reference-exception
OpenQA.Selenium.StaleElementReferenceException: stale element reference: stale element not found
  (Session info: chrome=114.0.5735.199); For documentation on this error, please visit: https://www.selenium.dev/documentation/webdriver/troubleshooting/errors#stale-element-reference-exception
   at OpenQA.Selenium.WebDriver.UnpackAndThrowOnError(Response errorResponse, String commandToExecute)
   at OpenQA.Selenium.WebDriver.Execute(String driverCommandToExecute, Dictionary`2 parameters)
   at OpenQA.Selenium.WebDriver.ExecuteScriptCommand(String script, String commandName, Object[] args)
   at OpenQA.Selenium.WebDriver.ExecuteScript(String script, Object[] args)
   at CianAgencyComplaint.AgencyManager.ClickElement(IWebDriver driver, IWebElement element) in C:\Users\Goga\source\repos\CianAgencyComplaint\AgencyManager.cs:line 544
2023-06-29 14:55:10.342 +08:00 [ERR] Не удалось получить или кликнуть на элемент - Смотреть все предложения: no such element: Unable to locate element: {"method":"css selector","selector":"[data-ga-action='open_all_offers']"}
  (Session info: chrome=114.0.5735.199); For documentation on this error, please visit: https://www.selenium.dev/documentation/webdriver/troubleshooting/errors#no-such-element-exception
OpenQA.Selenium.NoSuchElementException: no such element: Unable to locate element: {"method":"css selector","selector":"[data-ga-action='open_all_offers']"}
  (Session info: chrome=114.0.5735.199); For documentation on this error, please visit: https://www.selenium.dev/documentation/webdriver/troubleshooting/errors#no-such-element-exception
   at OpenQA.Selenium.WebDriver.UnpackAndThrowOnError(Response errorResponse, String commandToExecute)
   at OpenQA.Selenium.WebDriver.Execute(String driverCommandToExecute, Dictionary`2 parameters)
   at OpenQA.Selenium.WebDriver.FindElement(String mechanism, String value)
   at OpenQA.Selenium.By.<.ctor>b__11_0(ISearchContext context)
   at OpenQA.Selenium.By.FindElement(ISearchContext context)
   at OpenQA.Selenium.WebDriver.FindElement(By by)
   at CianAgencyComplaint.AgencyManager.ClickViewAllOffersLink(IWebDriver driver) in C:\Users\Goga\source\repos\CianAgencyComplaint\AgencyManager.cs:line 497
2023-06-29 14:55:10.430 +08:00 [ERR] Ошибка в получении кнопки - ДАЛЬШЕ: no such element: Unable to locate element: {"method":"css selector","selector":"a._93444fe79c--button--Cp1dl._93444fe79c--link-button--Pewgf._93444fe79c--M--T3GjF._93444fe79c--button--dh5GL"}
  (Session info: chrome=114.0.5735.199); For documentation on this error, please visit: https://www.selenium.dev/documentation/webdriver/troubleshooting/errors#no-such-element-exception
OpenQA.Selenium.NoSuchElementException: no such element: Unable to locate element: {"method":"css selector","selector":"a._93444fe79c--button--Cp1dl._93444fe79c--link-button--Pewgf._93444fe79c--M--T3GjF._93444fe79c--button--dh5GL"}
  (Session info: chrome=114.0.5735.199); For documentation on this error, please visit: https://www.selenium.dev/documentation/webdriver/troubleshooting/errors#no-such-element-exception
   at OpenQA.Selenium.WebDriver.UnpackAndThrowOnError(Response errorResponse, String commandToExecute)
   at OpenQA.Selenium.WebDriver.Execute(String driverCommandToExecute, Dictionary`2 parameters)
   at OpenQA.Selenium.WebDriver.FindElement(String mechanism, String value)
   at OpenQA.Selenium.By.<.ctor>b__11_0(ISearchContext context)
   at OpenQA.Selenium.By.FindElement(ISearchContext context)
   at OpenQA.Selenium.WebDriver.FindElement(By by)
   at CianAgencyComplaint.AgencyManager.ProcessAllOffers(IWebDriver driver) in C:\Users\Goga\source\repos\CianAgencyComplaint\AgencyManager.cs:line 185
2023-06-29 14:55:12.499 +08:00 [ERR] Ошибка в получении кнопки - ДАЛЬШЕ: no such element: Unable to locate element: {"method":"css selector","selector":"a._93444fe79c--button--Cp1dl._93444fe79c--link-button--Pewgf._93444fe79c--M--T3GjF._93444fe79c--button--dh5GL"}
  (Session info: chrome=114.0.5735.199); For documentation on this error, please visit: https://www.selenium.dev/documentation/webdriver/troubleshooting/errors#no-such-element-exception
OpenQA.Selenium.NoSuchElementException: no such element: Unable to locate element: {"method":"css selector","selector":"a._93444fe79c--button--Cp1dl._93444fe79c--link-button--Pewgf._93444fe79c--M--T3GjF._93444fe79c--button--dh5GL"}
  (Session info: chrome=114.0.5735.199); For documentation on this error, please visit: https://www.selenium.dev/documentation/webdriver/troubleshooting/errors#no-such-element-exception
   at OpenQA.Selenium.WebDriver.UnpackAndThrowOnError(Response errorResponse, String commandToExecute)
   at OpenQA.Selenium.WebDriver.Execute(String driverCommandToExecute, Dictionary`2 parameters)
   at OpenQA.Selenium.WebDriver.FindElement(String mechanism, String value)
   at OpenQA.Selenium.By.<.ctor>b__11_0(ISearchContext context)
   at OpenQA.Selenium.By.FindElement(ISearchContext context)
   at OpenQA.Selenium.WebDriver.FindElement(By by)
   at CianAgencyComplaint.AgencyManager.ProcessAllOffers(IWebDriver driver) in C:\Users\Goga\source\repos\CianAgencyComplaint\AgencyManager.cs:line 185
2023-06-29 14:55:14.580 +08:00 [ERR] Ошибка в получении кнопки - ДАЛЬШЕ: no such element: Unable to locate element: {"method":"css selector","selector":"a._93444fe79c--button--Cp1dl._93444fe79c--link-button--Pewgf._93444fe79c--M--T3GjF._93444fe79c--button--dh5GL"}
  (Session info: chrome=114.0.5735.199); For documentation on this error, please visit: https://www.selenium.dev/documentation/webdriver/troubleshooting/errors#no-such-element-exception
OpenQA.Selenium.NoSuchElementException: no such element: Unable to locate element: {"method":"css selector","selector":"a._93444fe79c--button--Cp1dl._93444fe79c--link-button--Pewgf._93444fe79c--M--T3GjF._93444fe79c--button--dh5GL"}
  (Session info: chrome=114.0.5735.199); For documentation on this error, please visit: https://www.selenium.dev/documentation/webdriver/troubleshooting/errors#no-such-element-exception
   at OpenQA.Selenium.WebDriver.UnpackAndThrowOnError(Response errorResponse, String commandToExecute)
   at OpenQA.Selenium.WebDriver.Execute(String driverCommandToExecute, Dictionary`2 parameters)
   at OpenQA.Selenium.WebDriver.FindElement(String mechanism, String value)
   at OpenQA.Selenium.By.<.ctor>b__11_0(ISearchContext context)
   at OpenQA.Selenium.By.FindElement(ISearchContext context)
   at OpenQA.Selenium.WebDriver.FindElement(By by)
   at CianAgencyComplaint.AgencyManager.ProcessAllOffers(IWebDriver driver) in C:\Users\Goga\source\repos\CianAgencyComplaint\AgencyManager.cs:line 185
2023-06-29 14:55:16.652 +08:00 [ERR] Ошибка в получении кнопки - ДАЛЬШЕ: no such element: Unable to locate element: {"method":"css selector","selector":"a._93444fe79c--button--Cp1dl._93444fe79c--link-button--Pewgf._93444fe79c--M--T3GjF._93444fe79c--button--dh5GL"}
  (Session info: chrome=114.0.5735.199); For documentation on this error, please visit: https://www.selenium.dev/documentation/webdriver/troubleshooting/errors#no-such-element-exception
OpenQA.Selenium.NoSuchElementException: no such element: Unable to locate element: {"method":"css selector","selector":"a._93444fe79c--button--Cp1dl._93444fe79c--link-button--Pewgf._93444fe79c--M--T3GjF._93444fe79c--button--dh5GL"}
  (Session info: chrome=114.0.5735.199); For documentation on this error, please visit: https://www.selenium.dev/documentation/webdriver/troubleshooting/errors#no-such-element-exception
   at OpenQA.Selenium.WebDriver.UnpackAndThrowOnError(Response errorResponse, String commandToExecute)
   at OpenQA.Selenium.WebDriver.Execute(String driverCommandToExecute, Dictionary`2 parameters)
   at OpenQA.Selenium.WebDriver.FindElement(String mechanism, String value)
   at OpenQA.Selenium.By.<.ctor>b__11_0(ISearchContext context)
   at OpenQA.Selenium.By.FindElement(ISearchContext context)
   at OpenQA.Selenium.WebDriver.FindElement(By by)
   at CianAgencyComplaint.AgencyManager.ProcessAllOffers(IWebDriver driver) in C:\Users\Goga\source\repos\CianAgencyComplaint\AgencyManager.cs:line 185
2023-06-29 14:55:18.713 +08:00 [ERR] Ошибка в получении кнопки - ДАЛЬШЕ: no such element: Unable to locate element: {"method":"css selector","selector":"a._93444fe79c--button--Cp1dl._93444fe79c--link-button--Pewgf._93444fe79c--M--T3GjF._93444fe79c--button--dh5GL"}
  (Session info: chrome=114.0.5735.199); For documentation on this error, please visit: https://www.selenium.dev/documentation/webdriver/troubleshooting/errors#no-such-element-exception
OpenQA.Selenium.NoSuchElementException: no such element: Unable to locate element: {"method":"css selector","selector":"a._93444fe79c--button--Cp1dl._93444fe79c--link-button--Pewgf._93444fe79c--M--T3GjF._93444fe79c--button--dh5GL"}
  (Session info: chrome=114.0.5735.199); For documentation on this error, please visit: https://www.selenium.dev/documentation/webdriver/troubleshooting/errors#no-such-element-exception
   at OpenQA.Selenium.WebDriver.UnpackAndThrowOnError(Response errorResponse, String commandToExecute)
   at OpenQA.Selenium.WebDriver.Execute(String driverCommandToExecute, Dictionary`2 parameters)
   at OpenQA.Selenium.WebDriver.FindElement(String mechanism, String value)
   at OpenQA.Selenium.By.<.ctor>b__11_0(ISearchContext context)
   at OpenQA.Selenium.By.FindElement(ISearchContext context)
   at OpenQA.Selenium.WebDriver.FindElement(By by)
   at CianAgencyComplaint.AgencyManager.ProcessAllOffers(IWebDriver driver) in C:\Users\Goga\source\repos\CianAgencyComplaint\AgencyManager.cs:line 185
2023-06-29 14:55:20.770 +08:00 [ERR] Ошибка в получении кнопки - ДАЛЬШЕ: no such element: Unable to locate element: {"method":"css selector","selector":"a._93444fe79c--button--Cp1dl._93444fe79c--link-button--Pewgf._93444fe79c--M--T3GjF._93444fe79c--button--dh5GL"}
  (Session info: chrome=114.0.5735.199); For documentation on this error, please visit: https://www.selenium.dev/documentation/webdriver/troubleshooting/errors#no-such-element-exception
OpenQA.Selenium.NoSuchElementException: no such element: Unable to locate element: {"method":"css selector","selector":"a._93444fe79c--button--Cp1dl._93444fe79c--link-button--Pewgf._93444fe79c--M--T3GjF._93444fe79c--button--dh5GL"}
  (Session info: chrome=114.0.5735.199); For documentation on this error, please visit: https://www.selenium.dev/documentation/webdriver/troubleshooting/errors#no-such-element-exception
   at OpenQA.Selenium.WebDriver.UnpackAndThrowOnError(Response errorResponse, String commandToExecute)
   at OpenQA.Selenium.WebDriver.Execute(String driverCommandToExecute, Dictionary`2 parameters)
   at OpenQA.Selenium.WebDriver.FindElement(String mechanism, String value)
   at OpenQA.Selenium.By.<.ctor>b__11_0(ISearchContext context)
   at OpenQA.Selenium.By.FindElement(ISearchContext context)
   at OpenQA.Selenium.WebDriver.FindElement(By by)
   at CianAgencyComplaint.AgencyManager.ProcessAllOffers(IWebDriver driver) in C:\Users\Goga\source\repos\CianAgencyComplaint\AgencyManager.cs:line 185
2023-06-29 14:55:22.827 +08:00 [ERR] Ошибка в получении кнопки - ДАЛЬШЕ: no such element: Unable to locate element: {"method":"css selector","selector":"a._93444fe79c--button--Cp1dl._93444fe79c--link-button--Pewgf._93444fe79c--M--T3GjF._93444fe79c--button--dh5GL"}
  (Session info: chrome=114.0.5735.199); For documentation on this error, please visit: https://www.selenium.dev/documentation/webdriver/troubleshooting/errors#no-such-element-exception
OpenQA.Selenium.NoSuchElementException: no such element: Unable to locate element: {"method":"css selector","selector":"a._93444fe79c--button--Cp1dl._93444fe79c--link-button--Pewgf._93444fe79c--M--T3GjF._93444fe79c--button--dh5GL"}
  (Session info: chrome=114.0.5735.199); For documentation on this error, please visit: https://www.selenium.dev/documentation/webdriver/troubleshooting/errors#no-such-element-exception
   at OpenQA.Selenium.WebDriver.UnpackAndThrowOnError(Response errorResponse, String commandToExecute)
   at OpenQA.Selenium.WebDriver.Execute(String driverCommandToExecute, Dictionary`2 parameters)
   at OpenQA.Selenium.WebDriver.FindElement(String mechanism, String value)
   at OpenQA.Selenium.By.<.ctor>b__11_0(ISearchContext context)
   at OpenQA.Selenium.By.FindElement(ISearchContext context)
   at OpenQA.Selenium.WebDriver.FindElement(By by)
   at CianAgencyComplaint.AgencyManager.ProcessAllOffers(IWebDriver driver) in C:\Users\Goga\source\repos\CianAgencyComplaint\AgencyManager.cs:line 185
2023-06-29 14:55:24.884 +08:00 [ERR] Ошибка в получении кнопки - ДАЛЬШЕ: no such element: Unable to locate element: {"method":"css selector","selector":"a._93444fe79c--button--Cp1dl._93444fe79c--link-button--Pewgf._93444fe79c--M--T3GjF._93444fe79c--button--dh5GL"}
  (Session info: chrome=114.0.5735.199); For documentation on this error, please visit: https://www.selenium.dev/documentation/webdriver/troubleshooting/errors#no-such-element-exception
OpenQA.Selenium.NoSuchElementException: no such element: Unable to locate element: {"method":"css selector","selector":"a._93444fe79c--button--Cp1dl._93444fe79c--link-button--Pewgf._93444fe79c--M--T3GjF._93444fe79c--button--dh5GL"}
  (Session info: chrome=114.0.5735.199); For documentation on this error, please visit: https://www.selenium.dev/documentation/webdriver/troubleshooting/errors#no-such-element-exception
   at OpenQA.Selenium.WebDriver.UnpackAndThrowOnError(Response errorResponse, String commandToExecute)
   at OpenQA.Selenium.WebDriver.Execute(String driverCommandToExecute, Dictionary`2 parameters)
   at OpenQA.Selenium.WebDriver.FindElement(String mechanism, String value)
   at OpenQA.Selenium.By.<.ctor>b__11_0(ISearchContext context)
   at OpenQA.Selenium.By.FindElement(ISearchContext context)
   at OpenQA.Selenium.WebDriver.FindElement(By by)
   at CianAgencyComplaint.AgencyManager.ProcessAllOffers(IWebDriver driver) in C:\Users\Goga\source\repos\CianAgencyComplaint\AgencyManager.cs:line 185
2023-06-29 14:55:26.949 +08:00 [ERR] Ошибка в получении кнопки - ДАЛЬШЕ: no such element: Unable to locate element: {"method":"css selector","selector":"a._93444fe79c--button--Cp1dl._93444fe79c--link-button--Pewgf._93444fe79c--M--T3GjF._93444fe79c--button--dh5GL"}
  (Session info: chrome=114.0.5735.199); For documentation on this error, please visit: https://www.selenium.dev/documentation/webdriver/troubleshooting/errors#no-such-element-exception
OpenQA.Selenium.NoSuchElementException: no such element: Unable to locate element: {"method":"css selector","selector":"a._93444fe79c--button--Cp1dl._93444fe79c--link-button--Pewgf._93444fe79c--M--T3GjF._93444fe79c--button--dh5GL"}
  (Session info: chrome=114.0.5735.199); For documentation on this error, please visit: https://www.selenium.dev/documentation/webdriver/troubleshooting/errors#no-such-element-exception
   at OpenQA.Selenium.WebDriver.UnpackAndThrowOnError(Response errorResponse, String commandToExecute)
   at OpenQA.Selenium.WebDriver.Execute(String driverCommandToExecute, Dictionary`2 parameters)
   at OpenQA.Selenium.WebDriver.FindElement(String mechanism, String value)
   at OpenQA.Selenium.By.<.ctor>b__11_0(ISearchContext context)
   at OpenQA.Selenium.By.FindElement(ISearchContext context)
   at OpenQA.Selenium.WebDriver.FindElement(By by)
   at CianAgencyComplaint.AgencyManager.ProcessAllOffers(IWebDriver driver) in C:\Users\Goga\source\repos\CianAgencyComplaint\AgencyManager.cs:line 185
2023-06-29 14:55:29.018 +08:00 [ERR] Ошибка в получении кнопки - ДАЛЬШЕ: no such element: Unable to locate element: {"method":"css selector","selector":"a._93444fe79c--button--Cp1dl._93444fe79c--link-button--Pewgf._93444fe79c--M--T3GjF._93444fe79c--button--dh5GL"}
  (Session info: chrome=114.0.5735.199); For documentation on this error, please visit: https://www.selenium.dev/documentation/webdriver/troubleshooting/errors#no-such-element-exception
OpenQA.Selenium.NoSuchElementException: no such element: Unable to locate element: {"method":"css selector","selector":"a._93444fe79c--button--Cp1dl._93444fe79c--link-button--Pewgf._93444fe79c--M--T3GjF._93444fe79c--button--dh5GL"}
  (Session info: chrome=114.0.5735.199); For documentation on this error, please visit: https://www.selenium.dev/documentation/webdriver/troubleshooting/errors#no-such-element-exception
   at OpenQA.Selenium.WebDriver.UnpackAndThrowOnError(Response errorResponse, String commandToExecute)
   at OpenQA.Selenium.WebDriver.Execute(String driverCommandToExecute, Dictionary`2 parameters)
   at OpenQA.Selenium.WebDriver.FindElement(String mechanism, String value)
   at OpenQA.Selenium.By.<.ctor>b__11_0(ISearchContext context)
   at OpenQA.Selenium.By.FindElement(ISearchContext context)
   at OpenQA.Selenium.WebDriver.FindElement(By by)
   at CianAgencyComplaint.AgencyManager.ProcessAllOffers(IWebDriver driver) in C:\Users\Goga\source\repos\CianAgencyComplaint\AgencyManager.cs:line 185
2023-06-29 14:55:31.080 +08:00 [ERR] Ошибка в получении кнопки - ДАЛЬШЕ: no such element: Unable to locate element: {"method":"css selector","selector":"a._93444fe79c--button--Cp1dl._93444fe79c--link-button--Pewgf._93444fe79c--M--T3GjF._93444fe79c--button--dh5GL"}
  (Session info: chrome=114.0.5735.199); For documentation on this error, please visit: https://www.selenium.dev/documentation/webdriver/troubleshooting/errors#no-such-element-exception
OpenQA.Selenium.NoSuchElementException: no such element: Unable to locate element: {"method":"css selector","selector":"a._93444fe79c--button--Cp1dl._93444fe79c--link-button--Pewgf._93444fe79c--M--T3GjF._93444fe79c--button--dh5GL"}
  (Session info: chrome=114.0.5735.199); For documentation on this error, please visit: https://www.selenium.dev/documentation/webdriver/troubleshooting/errors#no-such-element-exception
   at OpenQA.Selenium.WebDriver.UnpackAndThrowOnError(Response errorResponse, String commandToExecute)
   at OpenQA.Selenium.WebDriver.Execute(String driverCommandToExecute, Dictionary`2 parameters)
   at OpenQA.Selenium.WebDriver.FindElement(String mechanism, String value)
   at OpenQA.Selenium.By.<.ctor>b__11_0(ISearchContext context)
   at OpenQA.Selenium.By.FindElement(ISearchContext context)
   at OpenQA.Selenium.WebDriver.FindElement(By by)
   at CianAgencyComplaint.AgencyManager.ProcessAllOffers(IWebDriver driver) in C:\Users\Goga\source\repos\CianAgencyComplaint\AgencyManager.cs:line 185
2023-06-29 14:55:33.143 +08:00 [ERR] Ошибка в получении кнопки - ДАЛЬШЕ: no such element: Unable to locate element: {"method":"css selector","selector":"a._93444fe79c--button--Cp1dl._93444fe79c--link-button--Pewgf._93444fe79c--M--T3GjF._93444fe79c--button--dh5GL"}
  (Session info: chrome=114.0.5735.199); For documentation on this error, please visit: https://www.selenium.dev/documentation/webdriver/troubleshooting/errors#no-such-element-exception
OpenQA.Selenium.NoSuchElementException: no such element: Unable to locate element: {"method":"css selector","selector":"a._93444fe79c--button--Cp1dl._93444fe79c--link-button--Pewgf._93444fe79c--M--T3GjF._93444fe79c--button--dh5GL"}
  (Session info: chrome=114.0.5735.199); For documentation on this error, please visit: https://www.selenium.dev/documentation/webdriver/troubleshooting/errors#no-such-element-exception
   at OpenQA.Selenium.WebDriver.UnpackAndThrowOnError(Response errorResponse, String commandToExecute)
   at OpenQA.Selenium.WebDriver.Execute(String driverCommandToExecute, Dictionary`2 parameters)
   at OpenQA.Selenium.WebDriver.FindElement(String mechanism, String value)
   at OpenQA.Selenium.By.<.ctor>b__11_0(ISearchContext context)
   at OpenQA.Selenium.By.FindElement(ISearchContext context)
   at OpenQA.Selenium.WebDriver.FindElement(By by)
   at CianAgencyComplaint.AgencyManager.ProcessAllOffers(IWebDriver driver) in C:\Users\Goga\source\repos\CianAgencyComplaint\AgencyManager.cs:line 185
2023-06-29 14:55:35.209 +08:00 [ERR] Ошибка в получении кнопки - ДАЛЬШЕ: no such element: Unable to locate element: {"method":"css selector","selector":"a._93444fe79c--button--Cp1dl._93444fe79c--link-button--Pewgf._93444fe79c--M--T3GjF._93444fe79c--button--dh5GL"}
  (Session info: chrome=114.0.5735.199); For documentation on this error, please visit: https://www.selenium.dev/documentation/webdriver/troubleshooting/errors#no-such-element-exception
OpenQA.Selenium.NoSuchElementException: no such element: Unable to locate element: {"method":"css selector","selector":"a._93444fe79c--button--Cp1dl._93444fe79c--link-button--Pewgf._93444fe79c--M--T3GjF._93444fe79c--button--dh5GL"}
  (Session info: chrome=114.0.5735.199); For documentation on this error, please visit: https://www.selenium.dev/documentation/webdriver/troubleshooting/errors#no-such-element-exception
   at OpenQA.Selenium.WebDriver.UnpackAndThrowOnError(Response errorResponse, String commandToExecute)
   at OpenQA.Selenium.WebDriver.Execute(String driverCommandToExecute, Dictionary`2 parameters)
   at OpenQA.Selenium.WebDriver.FindElement(String mechanism, String value)
   at OpenQA.Selenium.By.<.ctor>b__11_0(ISearchContext context)
   at OpenQA.Selenium.By.FindElement(ISearchContext context)
   at OpenQA.Selenium.WebDriver.FindElement(By by)
   at CianAgencyComplaint.AgencyManager.ProcessAllOffers(IWebDriver driver) in C:\Users\Goga\source\repos\CianAgencyComplaint\AgencyManager.cs:line 185
2023-06-29 14:55:37.276 +08:00 [ERR] Ошибка в получении кнопки - ДАЛЬШЕ: no such element: Unable to locate element: {"method":"css selector","selector":"a._93444fe79c--button--Cp1dl._93444fe79c--link-button--Pewgf._93444fe79c--M--T3GjF._93444fe79c--button--dh5GL"}
  (Session info: chrome=114.0.5735.199); For documentation on this error, please visit: https://www.selenium.dev/documentation/webdriver/troubleshooting/errors#no-such-element-exception
OpenQA.Selenium.NoSuchElementException: no such element: Unable to locate element: {"method":"css selector","selector":"a._93444fe79c--button--Cp1dl._93444fe79c--link-button--Pewgf._93444fe79c--M--T3GjF._93444fe79c--button--dh5GL"}
  (Session info: chrome=114.0.5735.199); For documentation on this error, please visit: https://www.selenium.dev/documentation/webdriver/troubleshooting/errors#no-such-element-exception
   at OpenQA.Selenium.WebDriver.UnpackAndThrowOnError(Response errorResponse, String commandToExecute)
   at OpenQA.Selenium.WebDriver.Execute(String driverCommandToExecute, Dictionary`2 parameters)
   at OpenQA.Selenium.WebDriver.FindElement(String mechanism, String value)
   at OpenQA.Selenium.By.<.ctor>b__11_0(ISearchContext context)
   at OpenQA.Selenium.By.FindElement(ISearchContext context)
   at OpenQA.Selenium.WebDriver.FindElement(By by)
   at CianAgencyComplaint.AgencyManager.ProcessAllOffers(IWebDriver driver) in C:\Users\Goga\source\repos\CianAgencyComplaint\AgencyManager.cs:line 185
2023-06-29 14:55:39.331 +08:00 [ERR] Ошибка в получении кнопки - ДАЛЬШЕ: no such element: Unable to locate element: {"method":"css selector","selector":"a._93444fe79c--button--Cp1dl._93444fe79c--link-button--Pewgf._93444fe79c--M--T3GjF._93444fe79c--button--dh5GL"}
  (Session info: chrome=114.0.5735.199); For documentation on this error, please visit: https://www.selenium.dev/documentation/webdriver/troubleshooting/errors#no-such-element-exception
OpenQA.Selenium.NoSuchElementException: no such element: Unable to locate element: {"method":"css selector","selector":"a._93444fe79c--button--Cp1dl._93444fe79c--link-button--Pewgf._93444fe79c--M--T3GjF._93444fe79c--button--dh5GL"}
  (Session info: chrome=114.0.5735.199); For documentation on this error, please visit: https://www.selenium.dev/documentation/webdriver/troubleshooting/errors#no-such-element-exception
   at OpenQA.Selenium.WebDriver.UnpackAndThrowOnError(Response errorResponse, String commandToExecute)
   at OpenQA.Selenium.WebDriver.Execute(String driverCommandToExecute, Dictionary`2 parameters)
   at OpenQA.Selenium.WebDriver.FindElement(String mechanism, String value)
   at OpenQA.Selenium.By.<.ctor>b__11_0(ISearchContext context)
   at OpenQA.Selenium.By.FindElement(ISearchContext context)
   at OpenQA.Selenium.WebDriver.FindElement(By by)
   at CianAgencyComplaint.AgencyManager.ProcessAllOffers(IWebDriver driver) in C:\Users\Goga\source\repos\CianAgencyComplaint\AgencyManager.cs:line 185
2023-06-29 14:55:41.388 +08:00 [ERR] Ошибка в получении кнопки - ДАЛЬШЕ: no such element: Unable to locate element: {"method":"css selector","selector":"a._93444fe79c--button--Cp1dl._93444fe79c--link-button--Pewgf._93444fe79c--M--T3GjF._93444fe79c--button--dh5GL"}
  (Session info: chrome=114.0.5735.199); For documentation on this error, please visit: https://www.selenium.dev/documentation/webdriver/troubleshooting/errors#no-such-element-exception
OpenQA.Selenium.NoSuchElementException: no such element: Unable to locate element: {"method":"css selector","selector":"a._93444fe79c--button--Cp1dl._93444fe79c--link-button--Pewgf._93444fe79c--M--T3GjF._93444fe79c--button--dh5GL"}
  (Session info: chrome=114.0.5735.199); For documentation on this error, please visit: https://www.selenium.dev/documentation/webdriver/troubleshooting/errors#no-such-element-exception
   at OpenQA.Selenium.WebDriver.UnpackAndThrowOnError(Response errorResponse, String commandToExecute)
   at OpenQA.Selenium.WebDriver.Execute(String driverCommandToExecute, Dictionary`2 parameters)
   at OpenQA.Selenium.WebDriver.FindElement(String mechanism, String value)
   at OpenQA.Selenium.By.<.ctor>b__11_0(ISearchContext context)
   at OpenQA.Selenium.By.FindElement(ISearchContext context)
   at OpenQA.Selenium.WebDriver.FindElement(By by)
   at CianAgencyComplaint.AgencyManager.ProcessAllOffers(IWebDriver driver) in C:\Users\Goga\source\repos\CianAgencyComplaint\AgencyManager.cs:line 185
2023-06-29 14:55:43.449 +08:00 [ERR] Ошибка в получении кнопки - ДАЛЬШЕ: no such element: Unable to locate element: {"method":"css selector","selector":"a._93444fe79c--button--Cp1dl._93444fe79c--link-button--Pewgf._93444fe79c--M--T3GjF._93444fe79c--button--dh5GL"}
  (Session info: chrome=114.0.5735.199); For documentation on this error, please visit: https://www.selenium.dev/documentation/webdriver/troubleshooting/errors#no-such-element-exception
OpenQA.Selenium.NoSuchElementException: no such element: Unable to locate element: {"method":"css selector","selector":"a._93444fe79c--button--Cp1dl._93444fe79c--link-button--Pewgf._93444fe79c--M--T3GjF._93444fe79c--button--dh5GL"}
  (Session info: chrome=114.0.5735.199); For documentation on this error, please visit: https://www.selenium.dev/documentation/webdriver/troubleshooting/errors#no-such-element-exception
   at OpenQA.Selenium.WebDriver.UnpackAndThrowOnError(Response errorResponse, String commandToExecute)
   at OpenQA.Selenium.WebDriver.Execute(String driverCommandToExecute, Dictionary`2 parameters)
   at OpenQA.Selenium.WebDriver.FindElement(String mechanism, String value)
   at OpenQA.Selenium.By.<.ctor>b__11_0(ISearchContext context)
   at OpenQA.Selenium.By.FindElement(ISearchContext context)
   at OpenQA.Selenium.WebDriver.FindElement(By by)
   at CianAgencyComplaint.AgencyManager.ProcessAllOffers(IWebDriver driver) in C:\Users\Goga\source\repos\CianAgencyComplaint\AgencyManager.cs:line 185
2023-06-29 14:55:45.511 +08:00 [ERR] Ошибка в получении кнопки - ДАЛЬШЕ: no such element: Unable to locate element: {"method":"css selector","selector":"a._93444fe79c--button--Cp1dl._93444fe79c--link-button--Pewgf._93444fe79c--M--T3GjF._93444fe79c--button--dh5GL"}
  (Session info: chrome=114.0.5735.199); For documentation on this error, please visit: https://www.selenium.dev/documentation/webdriver/troubleshooting/errors#no-such-element-exception
OpenQA.Selenium.NoSuchElementException: no such element: Unable to locate element: {"method":"css selector","selector":"a._93444fe79c--button--Cp1dl._93444fe79c--link-button--Pewgf._93444fe79c--M--T3GjF._93444fe79c--button--dh5GL"}
  (Session info: chrome=114.0.5735.199); For documentation on this error, please visit: https://www.selenium.dev/documentation/webdriver/troubleshooting/errors#no-such-element-exception
   at OpenQA.Selenium.WebDriver.UnpackAndThrowOnError(Response errorResponse, String commandToExecute)
   at OpenQA.Selenium.WebDriver.Execute(String driverCommandToExecute, Dictionary`2 parameters)
   at OpenQA.Selenium.WebDriver.FindElement(String mechanism, String value)
   at OpenQA.Selenium.By.<.ctor>b__11_0(ISearchContext context)
   at OpenQA.Selenium.By.FindElement(ISearchContext context)
   at OpenQA.Selenium.WebDriver.FindElement(By by)
   at CianAgencyComplaint.AgencyManager.ProcessAllOffers(IWebDriver driver) in C:\Users\Goga\source\repos\CianAgencyComplaint\AgencyManager.cs:line 185
2023-06-29 14:55:47.562 +08:00 [ERR] Ошибка в получении кнопки - ДАЛЬШЕ: no such element: Unable to locate element: {"method":"css selector","selector":"a._93444fe79c--button--Cp1dl._93444fe79c--link-button--Pewgf._93444fe79c--M--T3GjF._93444fe79c--button--dh5GL"}
  (Session info: chrome=114.0.5735.199); For documentation on this error, please visit: https://www.selenium.dev/documentation/webdriver/troubleshooting/errors#no-such-element-exception
OpenQA.Selenium.NoSuchElementException: no such element: Unable to locate element: {"method":"css selector","selector":"a._93444fe79c--button--Cp1dl._93444fe79c--link-button--Pewgf._93444fe79c--M--T3GjF._93444fe79c--button--dh5GL"}
  (Session info: chrome=114.0.5735.199); For documentation on this error, please visit: https://www.selenium.dev/documentation/webdriver/troubleshooting/errors#no-such-element-exception
   at OpenQA.Selenium.WebDriver.UnpackAndThrowOnError(Response errorResponse, String commandToExecute)
   at OpenQA.Selenium.WebDriver.Execute(String driverCommandToExecute, Dictionary`2 parameters)
   at OpenQA.Selenium.WebDriver.FindElement(String mechanism, String value)
   at OpenQA.Selenium.By.<.ctor>b__11_0(ISearchContext context)
   at OpenQA.Selenium.By.FindElement(ISearchContext context)
   at OpenQA.Selenium.WebDriver.FindElement(By by)
   at CianAgencyComplaint.AgencyManager.ProcessAllOffers(IWebDriver driver) in C:\Users\Goga\source\repos\CianAgencyComplaint\AgencyManager.cs:line 185
2023-06-29 14:55:49.627 +08:00 [ERR] Ошибка в получении кнопки - ДАЛЬШЕ: no such element: Unable to locate element: {"method":"css selector","selector":"a._93444fe79c--button--Cp1dl._93444fe79c--link-button--Pewgf._93444fe79c--M--T3GjF._93444fe79c--button--dh5GL"}
  (Session info: chrome=114.0.5735.199); For documentation on this error, please visit: https://www.selenium.dev/documentation/webdriver/troubleshooting/errors#no-such-element-exception
OpenQA.Selenium.NoSuchElementException: no such element: Unable to locate element: {"method":"css selector","selector":"a._93444fe79c--button--Cp1dl._93444fe79c--link-button--Pewgf._93444fe79c--M--T3GjF._93444fe79c--button--dh5GL"}
  (Session info: chrome=114.0.5735.199); For documentation on this error, please visit: https://www.selenium.dev/documentation/webdriver/troubleshooting/errors#no-such-element-exception
   at OpenQA.Selenium.WebDriver.UnpackAndThrowOnError(Response errorResponse, String commandToExecute)
   at OpenQA.Selenium.WebDriver.Execute(String driverCommandToExecute, Dictionary`2 parameters)
   at OpenQA.Selenium.WebDriver.FindElement(String mechanism, String value)
   at OpenQA.Selenium.By.<.ctor>b__11_0(ISearchContext context)
   at OpenQA.Selenium.By.FindElement(ISearchContext context)
   at OpenQA.Selenium.WebDriver.FindElement(By by)
   at CianAgencyComplaint.AgencyManager.ProcessAllOffers(IWebDriver driver) in C:\Users\Goga\source\repos\CianAgencyComplaint\AgencyManager.cs:line 185
2023-06-29 14:55:51.706 +08:00 [ERR] Ошибка в получении кнопки - ДАЛЬШЕ: no such element: Unable to locate element: {"method":"css selector","selector":"a._93444fe79c--button--Cp1dl._93444fe79c--link-button--Pewgf._93444fe79c--M--T3GjF._93444fe79c--button--dh5GL"}
  (Session info: chrome=114.0.5735.199); For documentation on this error, please visit: https://www.selenium.dev/documentation/webdriver/troubleshooting/errors#no-such-element-exception
OpenQA.Selenium.NoSuchElementException: no such element: Unable to locate element: {"method":"css selector","selector":"a._93444fe79c--button--Cp1dl._93444fe79c--link-button--Pewgf._93444fe79c--M--T3GjF._93444fe79c--button--dh5GL"}
  (Session info: chrome=114.0.5735.199); For documentation on this error, please visit: https://www.selenium.dev/documentation/webdriver/troubleshooting/errors#no-such-element-exception
   at OpenQA.Selenium.WebDriver.UnpackAndThrowOnError(Response errorResponse, String commandToExecute)
   at OpenQA.Selenium.WebDriver.Execute(String driverCommandToExecute, Dictionary`2 parameters)
   at OpenQA.Selenium.WebDriver.FindElement(String mechanism, String value)
   at OpenQA.Selenium.By.<.ctor>b__11_0(ISearchContext context)
   at OpenQA.Selenium.By.FindElement(ISearchContext context)
   at OpenQA.Selenium.WebDriver.FindElement(By by)
   at CianAgencyComplaint.AgencyManager.ProcessAllOffers(IWebDriver driver) in C:\Users\Goga\source\repos\CianAgencyComplaint\AgencyManager.cs:line 185
2023-06-29 14:55:53.949 +08:00 [ERR] Ошибка в получении кнопки - ДАЛЬШЕ: no such element: Unable to locate element: {"method":"css selector","selector":"a._93444fe79c--button--Cp1dl._93444fe79c--link-button--Pewgf._93444fe79c--M--T3GjF._93444fe79c--button--dh5GL"}
  (Session info: chrome=114.0.5735.199); For documentation on this error, please visit: https://www.selenium.dev/documentation/webdriver/troubleshooting/errors#no-such-element-exception
OpenQA.Selenium.NoSuchElementException: no such element: Unable to locate element: {"method":"css selector","selector":"a._93444fe79c--button--Cp1dl._93444fe79c--link-button--Pewgf._93444fe79c--M--T3GjF._93444fe79c--button--dh5GL"}
  (Session info: chrome=114.0.5735.199); For documentation on this error, please visit: https://www.selenium.dev/documentation/webdriver/troubleshooting/errors#no-such-element-exception
   at OpenQA.Selenium.WebDriver.UnpackAndThrowOnError(Response errorResponse, String commandToExecute)
   at OpenQA.Selenium.WebDriver.Execute(String driverCommandToExecute, Dictionary`2 parameters)
   at OpenQA.Selenium.WebDriver.FindElement(String mechanism, String value)
   at OpenQA.Selenium.By.<.ctor>b__11_0(ISearchContext context)
   at OpenQA.Selenium.By.FindElement(ISearchContext context)
   at OpenQA.Selenium.WebDriver.FindElement(By by)
   at CianAgencyComplaint.AgencyManager.ProcessAllOffers(IWebDriver driver) in C:\Users\Goga\source\repos\CianAgencyComplaint\AgencyManager.cs:line 185
2023-06-29 14:55:56.007 +08:00 [ERR] Ошибка в получении кнопки - ДАЛЬШЕ: no such element: Unable to locate element: {"method":"css selector","selector":"a._93444fe79c--button--Cp1dl._93444fe79c--link-button--Pewgf._93444fe79c--M--T3GjF._93444fe79c--button--dh5GL"}
  (Session info: chrome=114.0.5735.199); For documentation on this error, please visit: https://www.selenium.dev/documentation/webdriver/troubleshooting/errors#no-such-element-exception
OpenQA.Selenium.NoSuchElementException: no such element: Unable to locate element: {"method":"css selector","selector":"a._93444fe79c--button--Cp1dl._93444fe79c--link-button--Pewgf._93444fe79c--M--T3GjF._93444fe79c--button--dh5GL"}
  (Session info: chrome=114.0.5735.199); For documentation on this error, please visit: https://www.selenium.dev/documentation/webdriver/troubleshooting/errors#no-such-element-exception
   at OpenQA.Selenium.WebDriver.UnpackAndThrowOnError(Response errorResponse, String commandToExecute)
   at OpenQA.Selenium.WebDriver.Execute(String driverCommandToExecute, Dictionary`2 parameters)
   at OpenQA.Selenium.WebDriver.FindElement(String mechanism, String value)
   at OpenQA.Selenium.By.<.ctor>b__11_0(ISearchContext context)
   at OpenQA.Selenium.By.FindElement(ISearchContext context)
   at OpenQA.Selenium.WebDriver.FindElement(By by)
   at CianAgencyComplaint.AgencyManager.ProcessAllOffers(IWebDriver driver) in C:\Users\Goga\source\repos\CianAgencyComplaint\AgencyManager.cs:line 185
2023-06-29 14:55:58.077 +08:00 [ERR] Ошибка в получении кнопки - ДАЛЬШЕ: no such element: Unable to locate element: {"method":"css selector","selector":"a._93444fe79c--button--Cp1dl._93444fe79c--link-button--Pewgf._93444fe79c--M--T3GjF._93444fe79c--button--dh5GL"}
  (Session info: chrome=114.0.5735.199); For documentation on this error, please visit: https://www.selenium.dev/documentation/webdriver/troubleshooting/errors#no-such-element-exception
OpenQA.Selenium.NoSuchElementException: no such element: Unable to locate element: {"method":"css selector","selector":"a._93444fe79c--button--Cp1dl._93444fe79c--link-button--Pewgf._93444fe79c--M--T3GjF._93444fe79c--button--dh5GL"}
  (Session info: chrome=114.0.5735.199); For documentation on this error, please visit: https://www.selenium.dev/documentation/webdriver/troubleshooting/errors#no-such-element-exception
   at OpenQA.Selenium.WebDriver.UnpackAndThrowOnError(Response errorResponse, String commandToExecute)
   at OpenQA.Selenium.WebDriver.Execute(String driverCommandToExecute, Dictionary`2 parameters)
   at OpenQA.Selenium.WebDriver.FindElement(String mechanism, String value)
   at OpenQA.Selenium.By.<.ctor>b__11_0(ISearchContext context)
   at OpenQA.Selenium.By.FindElement(ISearchContext context)
   at OpenQA.Selenium.WebDriver.FindElement(By by)
   at CianAgencyComplaint.AgencyManager.ProcessAllOffers(IWebDriver driver) in C:\Users\Goga\source\repos\CianAgencyComplaint\AgencyManager.cs:line 185
2023-06-29 14:56:00.148 +08:00 [ERR] Ошибка в получении кнопки - ДАЛЬШЕ: no such element: Unable to locate element: {"method":"css selector","selector":"a._93444fe79c--button--Cp1dl._93444fe79c--link-button--Pewgf._93444fe79c--M--T3GjF._93444fe79c--button--dh5GL"}
  (Session info: chrome=114.0.5735.199); For documentation on this error, please visit: https://www.selenium.dev/documentation/webdriver/troubleshooting/errors#no-such-element-exception
OpenQA.Selenium.NoSuchElementException: no such element: Unable to locate element: {"method":"css selector","selector":"a._93444fe79c--button--Cp1dl._93444fe79c--link-button--Pewgf._93444fe79c--M--T3GjF._93444fe79c--button--dh5GL"}
  (Session info: chrome=114.0.5735.199); For documentation on this error, please visit: https://www.selenium.dev/documentation/webdriver/troubleshooting/errors#no-such-element-exception
   at OpenQA.Selenium.WebDriver.UnpackAndThrowOnError(Response errorResponse, String commandToExecute)
   at OpenQA.Selenium.WebDriver.Execute(String driverCommandToExecute, Dictionary`2 parameters)
   at OpenQA.Selenium.WebDriver.FindElement(String mechanism, String value)
   at OpenQA.Selenium.By.<.ctor>b__11_0(ISearchContext context)
   at OpenQA.Selenium.By.FindElement(ISearchContext context)
   at OpenQA.Selenium.WebDriver.FindElement(By by)
   at CianAgencyComplaint.AgencyManager.ProcessAllOffers(IWebDriver driver) in C:\Users\Goga\source\repos\CianAgencyComplaint\AgencyManager.cs:line 185
2023-06-29 14:56:02.205 +08:00 [ERR] Ошибка в получении кнопки - ДАЛЬШЕ: no such element: Unable to locate element: {"method":"css selector","selector":"a._93444fe79c--button--Cp1dl._93444fe79c--link-button--Pewgf._93444fe79c--M--T3GjF._93444fe79c--button--dh5GL"}
  (Session info: chrome=114.0.5735.199); For documentation on this error, please visit: https://www.selenium.dev/documentation/webdriver/troubleshooting/errors#no-such-element-exception
OpenQA.Selenium.NoSuchElementException: no such element: Unable to locate element: {"method":"css selector","selector":"a._93444fe79c--button--Cp1dl._93444fe79c--link-button--Pewgf._93444fe79c--M--T3GjF._93444fe79c--button--dh5GL"}
  (Session info: chrome=114.0.5735.199); For documentation on this error, please visit: https://www.selenium.dev/documentation/webdriver/troubleshooting/errors#no-such-element-exception
   at OpenQA.Selenium.WebDriver.UnpackAndThrowOnError(Response errorResponse, String commandToExecute)
   at OpenQA.Selenium.WebDriver.Execute(String driverCommandToExecute, Dictionary`2 parameters)
   at OpenQA.Selenium.WebDriver.FindElement(String mechanism, String value)
   at OpenQA.Selenium.By.<.ctor>b__11_0(ISearchContext context)
   at OpenQA.Selenium.By.FindElement(ISearchContext context)
   at OpenQA.Selenium.WebDriver.FindElement(By by)
   at CianAgencyComplaint.AgencyManager.ProcessAllOffers(IWebDriver driver) in C:\Users\Goga\source\repos\CianAgencyComplaint\AgencyManager.cs:line 185
2023-06-29 14:56:04.271 +08:00 [ERR] Ошибка в получении кнопки - ДАЛЬШЕ: no such element: Unable to locate element: {"method":"css selector","selector":"a._93444fe79c--button--Cp1dl._93444fe79c--link-button--Pewgf._93444fe79c--M--T3GjF._93444fe79c--button--dh5GL"}
  (Session info: chrome=114.0.5735.199); For documentation on this error, please visit: https://www.selenium.dev/documentation/webdriver/troubleshooting/errors#no-such-element-exception
OpenQA.Selenium.NoSuchElementException: no such element: Unable to locate element: {"method":"css selector","selector":"a._93444fe79c--button--Cp1dl._93444fe79c--link-button--Pewgf._93444fe79c--M--T3GjF._93444fe79c--button--dh5GL"}
  (Session info: chrome=114.0.5735.199); For documentation on this error, please visit: https://www.selenium.dev/documentation/webdriver/troubleshooting/errors#no-such-element-exception
   at OpenQA.Selenium.WebDriver.UnpackAndThrowOnError(Response errorResponse, String commandToExecute)
   at OpenQA.Selenium.WebDriver.Execute(String driverCommandToExecute, Dictionary`2 parameters)
   at OpenQA.Selenium.WebDriver.FindElement(String mechanism, String value)
   at OpenQA.Selenium.By.<.ctor>b__11_0(ISearchContext context)
   at OpenQA.Selenium.By.FindElement(ISearchContext context)
   at OpenQA.Selenium.WebDriver.FindElement(By by)
   at CianAgencyComplaint.AgencyManager.ProcessAllOffers(IWebDriver driver) in C:\Users\Goga\source\repos\CianAgencyComplaint\AgencyManager.cs:line 185
2023-06-29 14:56:06.331 +08:00 [ERR] Ошибка в получении кнопки - ДАЛЬШЕ: no such element: Unable to locate element: {"method":"css selector","selector":"a._93444fe79c--button--Cp1dl._93444fe79c--link-button--Pewgf._93444fe79c--M--T3GjF._93444fe79c--button--dh5GL"}
  (Session info: chrome=114.0.5735.199); For documentation on this error, please visit: https://www.selenium.dev/documentation/webdriver/troubleshooting/errors#no-such-element-exception
OpenQA.Selenium.NoSuchElementException: no such element: Unable to locate element: {"method":"css selector","selector":"a._93444fe79c--button--Cp1dl._93444fe79c--link-button--Pewgf._93444fe79c--M--T3GjF._93444fe79c--button--dh5GL"}
  (Session info: chrome=114.0.5735.199); For documentation on this error, please visit: https://www.selenium.dev/documentation/webdriver/troubleshooting/errors#no-such-element-exception
   at OpenQA.Selenium.WebDriver.UnpackAndThrowOnError(Response errorResponse, String commandToExecute)
   at OpenQA.Selenium.WebDriver.Execute(String driverCommandToExecute, Dictionary`2 parameters)
   at OpenQA.Selenium.WebDriver.FindElement(String mechanism, String value)
   at OpenQA.Selenium.By.<.ctor>b__11_0(ISearchContext context)
   at OpenQA.Selenium.By.FindElement(ISearchContext context)
   at OpenQA.Selenium.WebDriver.FindElement(By by)
   at CianAgencyComplaint.AgencyManager.ProcessAllOffers(IWebDriver driver) in C:\Users\Goga\source\repos\CianAgencyComplaint\AgencyManager.cs:line 185
2023-06-29 14:56:08.398 +08:00 [ERR] Ошибка в получении кнопки - ДАЛЬШЕ: no such element: Unable to locate element: {"method":"css selector","selector":"a._93444fe79c--button--Cp1dl._93444fe79c--link-button--Pewgf._93444fe79c--M--T3GjF._93444fe79c--button--dh5GL"}
  (Session info: chrome=114.0.5735.199); For documentation on this error, please visit: https://www.selenium.dev/documentation/webdriver/troubleshooting/errors#no-such-element-exception
OpenQA.Selenium.NoSuchElementException: no such element: Unable to locate element: {"method":"css selector","selector":"a._93444fe79c--button--Cp1dl._93444fe79c--link-button--Pewgf._93444fe79c--M--T3GjF._93444fe79c--button--dh5GL"}
  (Session info: chrome=114.0.5735.199); For documentation on this error, please visit: https://www.selenium.dev/documentation/webdriver/troubleshooting/errors#no-such-element-exception
   at OpenQA.Selenium.WebDriver.UnpackAndThrowOnError(Response errorResponse, String commandToExecute)
   at OpenQA.Selenium.WebDriver.Execute(String driverCommandToExecute, Dictionary`2 parameters)
   at OpenQA.Selenium.WebDriver.FindElement(String mechanism, String value)
   at OpenQA.Selenium.By.<.ctor>b__11_0(ISearchContext context)
   at OpenQA.Selenium.By.FindElement(ISearchContext context)
   at OpenQA.Selenium.WebDriver.FindElement(By by)
   at CianAgencyComplaint.AgencyManager.ProcessAllOffers(IWebDriver driver) in C:\Users\Goga\source\repos\CianAgencyComplaint\AgencyManager.cs:line 185
2023-06-29 14:56:10.455 +08:00 [ERR] Ошибка в получении кнопки - ДАЛЬШЕ: no such element: Unable to locate element: {"method":"css selector","selector":"a._93444fe79c--button--Cp1dl._93444fe79c--link-button--Pewgf._93444fe79c--M--T3GjF._93444fe79c--button--dh5GL"}
  (Session info: chrome=114.0.5735.199); For documentation on this error, please visit: https://www.selenium.dev/documentation/webdriver/troubleshooting/errors#no-such-element-exception
OpenQA.Selenium.NoSuchElementException: no such element: Unable to locate element: {"method":"css selector","selector":"a._93444fe79c--button--Cp1dl._93444fe79c--link-button--Pewgf._93444fe79c--M--T3GjF._93444fe79c--button--dh5GL"}
  (Session info: chrome=114.0.5735.199); For documentation on this error, please visit: https://www.selenium.dev/documentation/webdriver/troubleshooting/errors#no-such-element-exception
   at OpenQA.Selenium.WebDriver.UnpackAndThrowOnError(Response errorResponse, String commandToExecute)
   at OpenQA.Selenium.WebDriver.Execute(String driverCommandToExecute, Dictionary`2 parameters)
   at OpenQA.Selenium.WebDriver.FindElement(String mechanism, String value)
   at OpenQA.Selenium.By.<.ctor>b__11_0(ISearchContext context)
   at OpenQA.Selenium.By.FindElement(ISearchContext context)
   at OpenQA.Selenium.WebDriver.FindElement(By by)
   at CianAgencyComplaint.AgencyManager.ProcessAllOffers(IWebDriver driver) in C:\Users\Goga\source\repos\CianAgencyComplaint\AgencyManager.cs:line 185
2023-06-29 14:56:12.523 +08:00 [ERR] Ошибка в получении кнопки - ДАЛЬШЕ: no such element: Unable to locate element: {"method":"css selector","selector":"a._93444fe79c--button--Cp1dl._93444fe79c--link-button--Pewgf._93444fe79c--M--T3GjF._93444fe79c--button--dh5GL"}
  (Session info: chrome=114.0.5735.199); For documentation on this error, please visit: https://www.selenium.dev/documentation/webdriver/troubleshooting/errors#no-such-element-exception
OpenQA.Selenium.NoSuchElementException: no such element: Unable to locate element: {"method":"css selector","selector":"a._93444fe79c--button--Cp1dl._93444fe79c--link-button--Pewgf._93444fe79c--M--T3GjF._93444fe79c--button--dh5GL"}
  (Session info: chrome=114.0.5735.199); For documentation on this error, please visit: https://www.selenium.dev/documentation/webdriver/troubleshooting/errors#no-such-element-exception
   at OpenQA.Selenium.WebDriver.UnpackAndThrowOnError(Response errorResponse, String commandToExecute)
   at OpenQA.Selenium.WebDriver.Execute(String driverCommandToExecute, Dictionary`2 parameters)
   at OpenQA.Selenium.WebDriver.FindElement(String mechanism, String value)
   at OpenQA.Selenium.By.<.ctor>b__11_0(ISearchContext context)
   at OpenQA.Selenium.By.FindElement(ISearchContext context)
   at OpenQA.Selenium.WebDriver.FindElement(By by)
   at CianAgencyComplaint.AgencyManager.ProcessAllOffers(IWebDriver driver) in C:\Users\Goga\source\repos\CianAgencyComplaint\AgencyManager.cs:line 185
2023-06-29 14:56:14.589 +08:00 [ERR] Ошибка в получении кнопки - ДАЛЬШЕ: no such element: Unable to locate element: {"method":"css selector","selector":"a._93444fe79c--button--Cp1dl._93444fe79c--link-button--Pewgf._93444fe79c--M--T3GjF._93444fe79c--button--dh5GL"}
  (Session info: chrome=114.0.5735.199); For documentation on this error, please visit: https://www.selenium.dev/documentation/webdriver/troubleshooting/errors#no-such-element-exception
OpenQA.Selenium.NoSuchElementException: no such element: Unable to locate element: {"method":"css selector","selector":"a._93444fe79c--button--Cp1dl._93444fe79c--link-button--Pewgf._93444fe79c--M--T3GjF._93444fe79c--button--dh5GL"}
  (Session info: chrome=114.0.5735.199); For documentation on this error, please visit: https://www.selenium.dev/documentation/webdriver/troubleshooting/errors#no-such-element-exception
   at OpenQA.Selenium.WebDriver.UnpackAndThrowOnError(Response errorResponse, String commandToExecute)
   at OpenQA.Selenium.WebDriver.Execute(String driverCommandToExecute, Dictionary`2 parameters)
   at OpenQA.Selenium.WebDriver.FindElement(String mechanism, String value)
   at OpenQA.Selenium.By.<.ctor>b__11_0(ISearchContext context)
   at OpenQA.Selenium.By.FindElement(ISearchContext context)
   at OpenQA.Selenium.WebDriver.FindElement(By by)
   at CianAgencyComplaint.AgencyManager.ProcessAllOffers(IWebDriver driver) in C:\Users\Goga\source\repos\CianAgencyComplaint\AgencyManager.cs:line 185
2023-06-29 14:56:16.658 +08:00 [ERR] Ошибка в получении кнопки - ДАЛЬШЕ: no such element: Unable to locate element: {"method":"css selector","selector":"a._93444fe79c--button--Cp1dl._93444fe79c--link-button--Pewgf._93444fe79c--M--T3GjF._93444fe79c--button--dh5GL"}
  (Session info: chrome=114.0.5735.199); For documentation on this error, please visit: https://www.selenium.dev/documentation/webdriver/troubleshooting/errors#no-such-element-exception
OpenQA.Selenium.NoSuchElementException: no such element: Unable to locate element: {"method":"css selector","selector":"a._93444fe79c--button--Cp1dl._93444fe79c--link-button--Pewgf._93444fe79c--M--T3GjF._93444fe79c--button--dh5GL"}
  (Session info: chrome=114.0.5735.199); For documentation on this error, please visit: https://www.selenium.dev/documentation/webdriver/troubleshooting/errors#no-such-element-exception
   at OpenQA.Selenium.WebDriver.UnpackAndThrowOnError(Response errorResponse, String commandToExecute)
   at OpenQA.Selenium.WebDriver.Execute(String driverCommandToExecute, Dictionary`2 parameters)
   at OpenQA.Selenium.WebDriver.FindElement(String mechanism, String value)
   at OpenQA.Selenium.By.<.ctor>b__11_0(ISearchContext context)
   at OpenQA.Selenium.By.FindElement(ISearchContext context)
   at OpenQA.Selenium.WebDriver.FindElement(By by)
   at CianAgencyComplaint.AgencyManager.ProcessAllOffers(IWebDriver driver) in C:\Users\Goga\source\repos\CianAgencyComplaint\AgencyManager.cs:line 185
2023-06-29 14:56:18.725 +08:00 [ERR] Ошибка в получении кнопки - ДАЛЬШЕ: no such element: Unable to locate element: {"method":"css selector","selector":"a._93444fe79c--button--Cp1dl._93444fe79c--link-button--Pewgf._93444fe79c--M--T3GjF._93444fe79c--button--dh5GL"}
  (Session info: chrome=114.0.5735.199); For documentation on this error, please visit: https://www.selenium.dev/documentation/webdriver/troubleshooting/errors#no-such-element-exception
OpenQA.Selenium.NoSuchElementException: no such element: Unable to locate element: {"method":"css selector","selector":"a._93444fe79c--button--Cp1dl._93444fe79c--link-button--Pewgf._93444fe79c--M--T3GjF._93444fe79c--button--dh5GL"}
  (Session info: chrome=114.0.5735.199); For documentation on this error, please visit: https://www.selenium.dev/documentation/webdriver/troubleshooting/errors#no-such-element-exception
   at OpenQA.Selenium.WebDriver.UnpackAndThrowOnError(Response errorResponse, String commandToExecute)
   at OpenQA.Selenium.WebDriver.Execute(String driverCommandToExecute, Dictionary`2 parameters)
   at OpenQA.Selenium.WebDriver.FindElement(String mechanism, String value)
   at OpenQA.Selenium.By.<.ctor>b__11_0(ISearchContext context)
   at OpenQA.Selenium.By.FindElement(ISearchContext context)
   at OpenQA.Selenium.WebDriver.FindElement(By by)
   at CianAgencyComplaint.AgencyManager.ProcessAllOffers(IWebDriver driver) in C:\Users\Goga\source\repos\CianAgencyComplaint\AgencyManager.cs:line 185
2023-06-29 14:56:20.780 +08:00 [ERR] Ошибка в получении кнопки - ДАЛЬШЕ: no such element: Unable to locate element: {"method":"css selector","selector":"a._93444fe79c--button--Cp1dl._93444fe79c--link-button--Pewgf._93444fe79c--M--T3GjF._93444fe79c--button--dh5GL"}
  (Session info: chrome=114.0.5735.199); For documentation on this error, please visit: https://www.selenium.dev/documentation/webdriver/troubleshooting/errors#no-such-element-exception
OpenQA.Selenium.NoSuchElementException: no such element: Unable to locate element: {"method":"css selector","selector":"a._93444fe79c--button--Cp1dl._93444fe79c--link-button--Pewgf._93444fe79c--M--T3GjF._93444fe79c--button--dh5GL"}
  (Session info: chrome=114.0.5735.199); For documentation on this error, please visit: https://www.selenium.dev/documentation/webdriver/troubleshooting/errors#no-such-element-exception
   at OpenQA.Selenium.WebDriver.UnpackAndThrowOnError(Response errorResponse, String commandToExecute)
   at OpenQA.Selenium.WebDriver.Execute(String driverCommandToExecute, Dictionary`2 parameters)
   at OpenQA.Selenium.WebDriver.FindElement(String mechanism, String value)
   at OpenQA.Selenium.By.<.ctor>b__11_0(ISearchContext context)
   at OpenQA.Selenium.By.FindElement(ISearchContext context)
   at OpenQA.Selenium.WebDriver.FindElement(By by)
   at CianAgencyComplaint.AgencyManager.ProcessAllOffers(IWebDriver driver) in C:\Users\Goga\source\repos\CianAgencyComplaint\AgencyManager.cs:line 185
2023-06-29 14:56:22.857 +08:00 [ERR] Ошибка в получении кнопки - ДАЛЬШЕ: no such element: Unable to locate element: {"method":"css selector","selector":"a._93444fe79c--button--Cp1dl._93444fe79c--link-button--Pewgf._93444fe79c--M--T3GjF._93444fe79c--button--dh5GL"}
  (Session info: chrome=114.0.5735.199); For documentation on this error, please visit: https://www.selenium.dev/documentation/webdriver/troubleshooting/errors#no-such-element-exception
OpenQA.Selenium.NoSuchElementException: no such element: Unable to locate element: {"method":"css selector","selector":"a._93444fe79c--button--Cp1dl._93444fe79c--link-button--Pewgf._93444fe79c--M--T3GjF._93444fe79c--button--dh5GL"}
  (Session info: chrome=114.0.5735.199); For documentation on this error, please visit: https://www.selenium.dev/documentation/webdriver/troubleshooting/errors#no-such-element-exception
   at OpenQA.Selenium.WebDriver.UnpackAndThrowOnError(Response errorResponse, String commandToExecute)
   at OpenQA.Selenium.WebDriver.Execute(String driverCommandToExecute, Dictionary`2 parameters)
   at OpenQA.Selenium.WebDriver.FindElement(String mechanism, String value)
   at OpenQA.Selenium.By.<.ctor>b__11_0(ISearchContext context)
   at OpenQA.Selenium.By.FindElement(ISearchContext context)
   at OpenQA.Selenium.WebDriver.FindElement(By by)
   at CianAgencyComplaint.AgencyManager.ProcessAllOffers(IWebDriver driver) in C:\Users\Goga\source\repos\CianAgencyComplaint\AgencyManager.cs:line 185
2023-06-29 14:56:24.926 +08:00 [ERR] Ошибка в получении кнопки - ДАЛЬШЕ: no such element: Unable to locate element: {"method":"css selector","selector":"a._93444fe79c--button--Cp1dl._93444fe79c--link-button--Pewgf._93444fe79c--M--T3GjF._93444fe79c--button--dh5GL"}
  (Session info: chrome=114.0.5735.199); For documentation on this error, please visit: https://www.selenium.dev/documentation/webdriver/troubleshooting/errors#no-such-element-exception
OpenQA.Selenium.NoSuchElementException: no such element: Unable to locate element: {"method":"css selector","selector":"a._93444fe79c--button--Cp1dl._93444fe79c--link-button--Pewgf._93444fe79c--M--T3GjF._93444fe79c--button--dh5GL"}
  (Session info: chrome=114.0.5735.199); For documentation on this error, please visit: https://www.selenium.dev/documentation/webdriver/troubleshooting/errors#no-such-element-exception
   at OpenQA.Selenium.WebDriver.UnpackAndThrowOnError(Response errorResponse, String commandToExecute)
   at OpenQA.Selenium.WebDriver.Execute(String driverCommandToExecute, Dictionary`2 parameters)
   at OpenQA.Selenium.WebDriver.FindElement(String mechanism, String value)
   at OpenQA.Selenium.By.<.ctor>b__11_0(ISearchContext context)
   at OpenQA.Selenium.By.FindElement(ISearchContext context)
   at OpenQA.Selenium.WebDriver.FindElement(By by)
   at CianAgencyComplaint.AgencyManager.ProcessAllOffers(IWebDriver driver) in C:\Users\Goga\source\repos\CianAgencyComplaint\AgencyManager.cs:line 185
2023-06-29 14:56:26.988 +08:00 [ERR] Ошибка в получении кнопки - ДАЛЬШЕ: no such element: Unable to locate element: {"method":"css selector","selector":"a._93444fe79c--button--Cp1dl._93444fe79c--link-button--Pewgf._93444fe79c--M--T3GjF._93444fe79c--button--dh5GL"}
  (Session info: chrome=114.0.5735.199); For documentation on this error, please visit: https://www.selenium.dev/documentation/webdriver/troubleshooting/errors#no-such-element-exception
OpenQA.Selenium.NoSuchElementException: no such element: Unable to locate element: {"method":"css selector","selector":"a._93444fe79c--button--Cp1dl._93444fe79c--link-button--Pewgf._93444fe79c--M--T3GjF._93444fe79c--button--dh5GL"}
  (Session info: chrome=114.0.5735.199); For documentation on this error, please visit: https://www.selenium.dev/documentation/webdriver/troubleshooting/errors#no-such-element-exception
   at OpenQA.Selenium.WebDriver.UnpackAndThrowOnError(Response errorResponse, String commandToExecute)
   at OpenQA.Selenium.WebDriver.Execute(String driverCommandToExecute, Dictionary`2 parameters)
   at OpenQA.Selenium.WebDriver.FindElement(String mechanism, String value)
   at OpenQA.Selenium.By.<.ctor>b__11_0(ISearchContext context)
   at OpenQA.Selenium.By.FindElement(ISearchContext context)
   at OpenQA.Selenium.WebDriver.FindElement(By by)
   at CianAgencyComplaint.AgencyManager.ProcessAllOffers(IWebDriver driver) in C:\Users\Goga\source\repos\CianAgencyComplaint\AgencyManager.cs:line 185
2023-06-29 14:56:29.062 +08:00 [ERR] Ошибка в получении кнопки - ДАЛЬШЕ: no such element: Unable to locate element: {"method":"css selector","selector":"a._93444fe79c--button--Cp1dl._93444fe79c--link-button--Pewgf._93444fe79c--M--T3GjF._93444fe79c--button--dh5GL"}
  (Session info: chrome=114.0.5735.199); For documentation on this error, please visit: https://www.selenium.dev/documentation/webdriver/troubleshooting/errors#no-such-element-exception
OpenQA.Selenium.NoSuchElementException: no such element: Unable to locate element: {"method":"css selector","selector":"a._93444fe79c--button--Cp1dl._93444fe79c--link-button--Pewgf._93444fe79c--M--T3GjF._93444fe79c--button--dh5GL"}
  (Session info: chrome=114.0.5735.199); For documentation on this error, please visit: https://www.selenium.dev/documentation/webdriver/troubleshooting/errors#no-such-element-exception
   at OpenQA.Selenium.WebDriver.UnpackAndThrowOnError(Response errorResponse, String commandToExecute)
   at OpenQA.Selenium.WebDriver.Execute(String driverCommandToExecute, Dictionary`2 parameters)
   at OpenQA.Selenium.WebDriver.FindElement(String mechanism, String value)
   at OpenQA.Selenium.By.<.ctor>b__11_0(ISearchContext context)
   at OpenQA.Selenium.By.FindElement(ISearchContext context)
   at OpenQA.Selenium.WebDriver.FindElement(By by)
   at CianAgencyComplaint.AgencyManager.ProcessAllOffers(IWebDriver driver) in C:\Users\Goga\source\repos\CianAgencyComplaint\AgencyManager.cs:line 185
2023-06-29 14:56:31.119 +08:00 [ERR] Ошибка в получении кнопки - ДАЛЬШЕ: no such element: Unable to locate element: {"method":"css selector","selector":"a._93444fe79c--button--Cp1dl._93444fe79c--link-button--Pewgf._93444fe79c--M--T3GjF._93444fe79c--button--dh5GL"}
  (Session info: chrome=114.0.5735.199); For documentation on this error, please visit: https://www.selenium.dev/documentation/webdriver/troubleshooting/errors#no-such-element-exception
OpenQA.Selenium.NoSuchElementException: no such element: Unable to locate element: {"method":"css selector","selector":"a._93444fe79c--button--Cp1dl._93444fe79c--link-button--Pewgf._93444fe79c--M--T3GjF._93444fe79c--button--dh5GL"}
  (Session info: chrome=114.0.5735.199); For documentation on this error, please visit: https://www.selenium.dev/documentation/webdriver/troubleshooting/errors#no-such-element-exception
   at OpenQA.Selenium.WebDriver.UnpackAndThrowOnError(Response errorResponse, String commandToExecute)
   at OpenQA.Selenium.WebDriver.Execute(String driverCommandToExecute, Dictionary`2 parameters)
   at OpenQA.Selenium.WebDriver.FindElement(String mechanism, String value)
   at OpenQA.Selenium.By.<.ctor>b__11_0(ISearchContext context)
   at OpenQA.Selenium.By.FindElement(ISearchContext context)
   at OpenQA.Selenium.WebDriver.FindElement(By by)
   at CianAgencyComplaint.AgencyManager.ProcessAllOffers(IWebDriver driver) in C:\Users\Goga\source\repos\CianAgencyComplaint\AgencyManager.cs:line 185
2023-06-29 14:56:33.179 +08:00 [ERR] Ошибка в получении кнопки - ДАЛЬШЕ: no such element: Unable to locate element: {"method":"css selector","selector":"a._93444fe79c--button--Cp1dl._93444fe79c--link-button--Pewgf._93444fe79c--M--T3GjF._93444fe79c--button--dh5GL"}
  (Session info: chrome=114.0.5735.199); For documentation on this error, please visit: https://www.selenium.dev/documentation/webdriver/troubleshooting/errors#no-such-element-exception
OpenQA.Selenium.NoSuchElementException: no such element: Unable to locate element: {"method":"css selector","selector":"a._93444fe79c--button--Cp1dl._93444fe79c--link-button--Pewgf._93444fe79c--M--T3GjF._93444fe79c--button--dh5GL"}
  (Session info: chrome=114.0.5735.199); For documentation on this error, please visit: https://www.selenium.dev/documentation/webdriver/troubleshooting/errors#no-such-element-exception
   at OpenQA.Selenium.WebDriver.UnpackAndThrowOnError(Response errorResponse, String commandToExecute)
   at OpenQA.Selenium.WebDriver.Execute(String driverCommandToExecute, Dictionary`2 parameters)
   at OpenQA.Selenium.WebDriver.FindElement(String mechanism, String value)
   at OpenQA.Selenium.By.<.ctor>b__11_0(ISearchContext context)
   at OpenQA.Selenium.By.FindElement(ISearchContext context)
   at OpenQA.Selenium.WebDriver.FindElement(By by)
   at CianAgencyComplaint.AgencyManager.ProcessAllOffers(IWebDriver driver) in C:\Users\Goga\source\repos\CianAgencyComplaint\AgencyManager.cs:line 185
2023-06-29 14:56:35.231 +08:00 [ERR] Ошибка в получении кнопки - ДАЛЬШЕ: no such element: Unable to locate element: {"method":"css selector","selector":"a._93444fe79c--button--Cp1dl._93444fe79c--link-button--Pewgf._93444fe79c--M--T3GjF._93444fe79c--button--dh5GL"}
  (Session info: chrome=114.0.5735.199); For documentation on this error, please visit: https://www.selenium.dev/documentation/webdriver/troubleshooting/errors#no-such-element-exception
OpenQA.Selenium.NoSuchElementException: no such element: Unable to locate element: {"method":"css selector","selector":"a._93444fe79c--button--Cp1dl._93444fe79c--link-button--Pewgf._93444fe79c--M--T3GjF._93444fe79c--button--dh5GL"}
  (Session info: chrome=114.0.5735.199); For documentation on this error, please visit: https://www.selenium.dev/documentation/webdriver/troubleshooting/errors#no-such-element-exception
   at OpenQA.Selenium.WebDriver.UnpackAndThrowOnError(Response errorResponse, String commandToExecute)
   at OpenQA.Selenium.WebDriver.Execute(String driverCommandToExecute, Dictionary`2 parameters)
   at OpenQA.Selenium.WebDriver.FindElement(String mechanism, String value)
   at OpenQA.Selenium.By.<.ctor>b__11_0(ISearchContext context)
   at OpenQA.Selenium.By.FindElement(ISearchContext context)
   at OpenQA.Selenium.WebDriver.FindElement(By by)
   at CianAgencyComplaint.AgencyManager.ProcessAllOffers(IWebDriver driver) in C:\Users\Goga\source\repos\CianAgencyComplaint\AgencyManager.cs:line 185
2023-06-29 14:56:37.296 +08:00 [ERR] Ошибка в получении кнопки - ДАЛЬШЕ: no such element: Unable to locate element: {"method":"css selector","selector":"a._93444fe79c--button--Cp1dl._93444fe79c--link-button--Pewgf._93444fe79c--M--T3GjF._93444fe79c--button--dh5GL"}
  (Session info: chrome=114.0.5735.199); For documentation on this error, please visit: https://www.selenium.dev/documentation/webdriver/troubleshooting/errors#no-such-element-exception
OpenQA.Selenium.NoSuchElementException: no such element: Unable to locate element: {"method":"css selector","selector":"a._93444fe79c--button--Cp1dl._93444fe79c--link-button--Pewgf._93444fe79c--M--T3GjF._93444fe79c--button--dh5GL"}
  (Session info: chrome=114.0.5735.199); For documentation on this error, please visit: https://www.selenium.dev/documentation/webdriver/troubleshooting/errors#no-such-element-exception
   at OpenQA.Selenium.WebDriver.UnpackAndThrowOnError(Response errorResponse, String commandToExecute)
   at OpenQA.Selenium.WebDriver.Execute(String driverCommandToExecute, Dictionary`2 parameters)
   at OpenQA.Selenium.WebDriver.FindElement(String mechanism, String value)
   at OpenQA.Selenium.By.<.ctor>b__11_0(ISearchContext context)
   at OpenQA.Selenium.By.FindElement(ISearchContext context)
   at OpenQA.Selenium.WebDriver.FindElement(By by)
   at CianAgencyComplaint.AgencyManager.ProcessAllOffers(IWebDriver driver) in C:\Users\Goga\source\repos\CianAgencyComplaint\AgencyManager.cs:line 185
2023-06-29 14:56:39.363 +08:00 [ERR] Ошибка в получении кнопки - ДАЛЬШЕ: no such element: Unable to locate element: {"method":"css selector","selector":"a._93444fe79c--button--Cp1dl._93444fe79c--link-button--Pewgf._93444fe79c--M--T3GjF._93444fe79c--button--dh5GL"}
  (Session info: chrome=114.0.5735.199); For documentation on this error, please visit: https://www.selenium.dev/documentation/webdriver/troubleshooting/errors#no-such-element-exception
OpenQA.Selenium.NoSuchElementException: no such element: Unable to locate element: {"method":"css selector","selector":"a._93444fe79c--button--Cp1dl._93444fe79c--link-button--Pewgf._93444fe79c--M--T3GjF._93444fe79c--button--dh5GL"}
  (Session info: chrome=114.0.5735.199); For documentation on this error, please visit: https://www.selenium.dev/documentation/webdriver/troubleshooting/errors#no-such-element-exception
   at OpenQA.Selenium.WebDriver.UnpackAndThrowOnError(Response errorResponse, String commandToExecute)
   at OpenQA.Selenium.WebDriver.Execute(String driverCommandToExecute, Dictionary`2 parameters)
   at OpenQA.Selenium.WebDriver.FindElement(String mechanism, String value)
   at OpenQA.Selenium.By.<.ctor>b__11_0(ISearchContext context)
   at OpenQA.Selenium.By.FindElement(ISearchContext context)
   at OpenQA.Selenium.WebDriver.FindElement(By by)
   at CianAgencyComplaint.AgencyManager.ProcessAllOffers(IWebDriver driver) in C:\Users\Goga\source\repos\CianAgencyComplaint\AgencyManager.cs:line 185
2023-06-29 14:56:41.419 +08:00 [ERR] Ошибка в получении кнопки - ДАЛЬШЕ: no such element: Unable to locate element: {"method":"css selector","selector":"a._93444fe79c--button--Cp1dl._93444fe79c--link-button--Pewgf._93444fe79c--M--T3GjF._93444fe79c--button--dh5GL"}
  (Session info: chrome=114.0.5735.199); For documentation on this error, please visit: https://www.selenium.dev/documentation/webdriver/troubleshooting/errors#no-such-element-exception
OpenQA.Selenium.NoSuchElementException: no such element: Unable to locate element: {"method":"css selector","selector":"a._93444fe79c--button--Cp1dl._93444fe79c--link-button--Pewgf._93444fe79c--M--T3GjF._93444fe79c--button--dh5GL"}
  (Session info: chrome=114.0.5735.199); For documentation on this error, please visit: https://www.selenium.dev/documentation/webdriver/troubleshooting/errors#no-such-element-exception
   at OpenQA.Selenium.WebDriver.UnpackAndThrowOnError(Response errorResponse, String commandToExecute)
   at OpenQA.Selenium.WebDriver.Execute(String driverCommandToExecute, Dictionary`2 parameters)
   at OpenQA.Selenium.WebDriver.FindElement(String mechanism, String value)
   at OpenQA.Selenium.By.<.ctor>b__11_0(ISearchContext context)
   at OpenQA.Selenium.By.FindElement(ISearchContext context)
   at OpenQA.Selenium.WebDriver.FindElement(By by)
   at CianAgencyComplaint.AgencyManager.ProcessAllOffers(IWebDriver driver) in C:\Users\Goga\source\repos\CianAgencyComplaint\AgencyManager.cs:line 185
2023-06-29 14:56:43.488 +08:00 [ERR] Ошибка в получении кнопки - ДАЛЬШЕ: no such element: Unable to locate element: {"method":"css selector","selector":"a._93444fe79c--button--Cp1dl._93444fe79c--link-button--Pewgf._93444fe79c--M--T3GjF._93444fe79c--button--dh5GL"}
  (Session info: chrome=114.0.5735.199); For documentation on this error, please visit: https://www.selenium.dev/documentation/webdriver/troubleshooting/errors#no-such-element-exception
OpenQA.Selenium.NoSuchElementException: no such element: Unable to locate element: {"method":"css selector","selector":"a._93444fe79c--button--Cp1dl._93444fe79c--link-button--Pewgf._93444fe79c--M--T3GjF._93444fe79c--button--dh5GL"}
  (Session info: chrome=114.0.5735.199); For documentation on this error, please visit: https://www.selenium.dev/documentation/webdriver/troubleshooting/errors#no-such-element-exception
   at OpenQA.Selenium.WebDriver.UnpackAndThrowOnError(Response errorResponse, String commandToExecute)
   at OpenQA.Selenium.WebDriver.Execute(String driverCommandToExecute, Dictionary`2 parameters)
   at OpenQA.Selenium.WebDriver.FindElement(String mechanism, String value)
   at OpenQA.Selenium.By.<.ctor>b__11_0(ISearchContext context)
   at OpenQA.Selenium.By.FindElement(ISearchContext context)
   at OpenQA.Selenium.WebDriver.FindElement(By by)
   at CianAgencyComplaint.AgencyManager.ProcessAllOffers(IWebDriver driver) in C:\Users\Goga\source\repos\CianAgencyComplaint\AgencyManager.cs:line 185
2023-06-29 14:56:45.553 +08:00 [ERR] Ошибка в получении кнопки - ДАЛЬШЕ: no such element: Unable to locate element: {"method":"css selector","selector":"a._93444fe79c--button--Cp1dl._93444fe79c--link-button--Pewgf._93444fe79c--M--T3GjF._93444fe79c--button--dh5GL"}
  (Session info: chrome=114.0.5735.199); For documentation on this error, please visit: https://www.selenium.dev/documentation/webdriver/troubleshooting/errors#no-such-element-exception
OpenQA.Selenium.NoSuchElementException: no such element: Unable to locate element: {"method":"css selector","selector":"a._93444fe79c--button--Cp1dl._93444fe79c--link-button--Pewgf._93444fe79c--M--T3GjF._93444fe79c--button--dh5GL"}
  (Session info: chrome=114.0.5735.199); For documentation on this error, please visit: https://www.selenium.dev/documentation/webdriver/troubleshooting/errors#no-such-element-exception
   at OpenQA.Selenium.WebDriver.UnpackAndThrowOnError(Response errorResponse, String commandToExecute)
   at OpenQA.Selenium.WebDriver.Execute(String driverCommandToExecute, Dictionary`2 parameters)
   at OpenQA.Selenium.WebDriver.FindElement(String mechanism, String value)
   at OpenQA.Selenium.By.<.ctor>b__11_0(ISearchContext context)
   at OpenQA.Selenium.By.FindElement(ISearchContext context)
   at OpenQA.Selenium.WebDriver.FindElement(By by)
   at CianAgencyComplaint.AgencyManager.ProcessAllOffers(IWebDriver driver) in C:\Users\Goga\source\repos\CianAgencyComplaint\AgencyManager.cs:line 185
2023-06-29 14:56:47.614 +08:00 [ERR] Ошибка в получении кнопки - ДАЛЬШЕ: no such element: Unable to locate element: {"method":"css selector","selector":"a._93444fe79c--button--Cp1dl._93444fe79c--link-button--Pewgf._93444fe79c--M--T3GjF._93444fe79c--button--dh5GL"}
  (Session info: chrome=114.0.5735.199); For documentation on this error, please visit: https://www.selenium.dev/documentation/webdriver/troubleshooting/errors#no-such-element-exception
OpenQA.Selenium.NoSuchElementException: no such element: Unable to locate element: {"method":"css selector","selector":"a._93444fe79c--button--Cp1dl._93444fe79c--link-button--Pewgf._93444fe79c--M--T3GjF._93444fe79c--button--dh5GL"}
  (Session info: chrome=114.0.5735.199); For documentation on this error, please visit: https://www.selenium.dev/documentation/webdriver/troubleshooting/errors#no-such-element-exception
   at OpenQA.Selenium.WebDriver.UnpackAndThrowOnError(Response errorResponse, String commandToExecute)
   at OpenQA.Selenium.WebDriver.Execute(String driverCommandToExecute, Dictionary`2 parameters)
   at OpenQA.Selenium.WebDriver.FindElement(String mechanism, String value)
   at OpenQA.Selenium.By.<.ctor>b__11_0(ISearchContext context)
   at OpenQA.Selenium.By.FindElement(ISearchContext context)
   at OpenQA.Selenium.WebDriver.FindElement(By by)
   at CianAgencyComplaint.AgencyManager.ProcessAllOffers(IWebDriver driver) in C:\Users\Goga\source\repos\CianAgencyComplaint\AgencyManager.cs:line 185
2023-06-29 14:56:49.667 +08:00 [ERR] Ошибка в получении кнопки - ДАЛЬШЕ: no such element: Unable to locate element: {"method":"css selector","selector":"a._93444fe79c--button--Cp1dl._93444fe79c--link-button--Pewgf._93444fe79c--M--T3GjF._93444fe79c--button--dh5GL"}
  (Session info: chrome=114.0.5735.199); For documentation on this error, please visit: https://www.selenium.dev/documentation/webdriver/troubleshooting/errors#no-such-element-exception
OpenQA.Selenium.NoSuchElementException: no such element: Unable to locate element: {"method":"css selector","selector":"a._93444fe79c--button--Cp1dl._93444fe79c--link-button--Pewgf._93444fe79c--M--T3GjF._93444fe79c--button--dh5GL"}
  (Session info: chrome=114.0.5735.199); For documentation on this error, please visit: https://www.selenium.dev/documentation/webdriver/troubleshooting/errors#no-such-element-exception
   at OpenQA.Selenium.WebDriver.UnpackAndThrowOnError(Response errorResponse, String commandToExecute)
   at OpenQA.Selenium.WebDriver.Execute(String driverCommandToExecute, Dictionary`2 parameters)
   at OpenQA.Selenium.WebDriver.FindElement(String mechanism, String value)
   at OpenQA.Selenium.By.<.ctor>b__11_0(ISearchContext context)
   at OpenQA.Selenium.By.FindElement(ISearchContext context)
   at OpenQA.Selenium.WebDriver.FindElement(By by)
   at CianAgencyComplaint.AgencyManager.ProcessAllOffers(IWebDriver driver) in C:\Users\Goga\source\repos\CianAgencyComplaint\AgencyManager.cs:line 185
2023-06-29 14:56:51.731 +08:00 [ERR] Ошибка в получении кнопки - ДАЛЬШЕ: no such element: Unable to locate element: {"method":"css selector","selector":"a._93444fe79c--button--Cp1dl._93444fe79c--link-button--Pewgf._93444fe79c--M--T3GjF._93444fe79c--button--dh5GL"}
  (Session info: chrome=114.0.5735.199); For documentation on this error, please visit: https://www.selenium.dev/documentation/webdriver/troubleshooting/errors#no-such-element-exception
OpenQA.Selenium.NoSuchElementException: no such element: Unable to locate element: {"method":"css selector","selector":"a._93444fe79c--button--Cp1dl._93444fe79c--link-button--Pewgf._93444fe79c--M--T3GjF._93444fe79c--button--dh5GL"}
  (Session info: chrome=114.0.5735.199); For documentation on this error, please visit: https://www.selenium.dev/documentation/webdriver/troubleshooting/errors#no-such-element-exception
   at OpenQA.Selenium.WebDriver.UnpackAndThrowOnError(Response errorResponse, String commandToExecute)
   at OpenQA.Selenium.WebDriver.Execute(String driverCommandToExecute, Dictionary`2 parameters)
   at OpenQA.Selenium.WebDriver.FindElement(String mechanism, String value)
   at OpenQA.Selenium.By.<.ctor>b__11_0(ISearchContext context)
   at OpenQA.Selenium.By.FindElement(ISearchContext context)
   at OpenQA.Selenium.WebDriver.FindElement(By by)
   at CianAgencyComplaint.AgencyManager.ProcessAllOffers(IWebDriver driver) in C:\Users\Goga\source\repos\CianAgencyComplaint\AgencyManager.cs:line 185
2023-06-29 14:56:53.802 +08:00 [ERR] Ошибка в получении кнопки - ДАЛЬШЕ: no such element: Unable to locate element: {"method":"css selector","selector":"a._93444fe79c--button--Cp1dl._93444fe79c--link-button--Pewgf._93444fe79c--M--T3GjF._93444fe79c--button--dh5GL"}
  (Session info: chrome=114.0.5735.199); For documentation on this error, please visit: https://www.selenium.dev/documentation/webdriver/troubleshooting/errors#no-such-element-exception
OpenQA.Selenium.NoSuchElementException: no such element: Unable to locate element: {"method":"css selector","selector":"a._93444fe79c--button--Cp1dl._93444fe79c--link-button--Pewgf._93444fe79c--M--T3GjF._93444fe79c--button--dh5GL"}
  (Session info: chrome=114.0.5735.199); For documentation on this error, please visit: https://www.selenium.dev/documentation/webdriver/troubleshooting/errors#no-such-element-exception
   at OpenQA.Selenium.WebDriver.UnpackAndThrowOnError(Response errorResponse, String commandToExecute)
   at OpenQA.Selenium.WebDriver.Execute(String driverCommandToExecute, Dictionary`2 parameters)
   at OpenQA.Selenium.WebDriver.FindElement(String mechanism, String value)
   at OpenQA.Selenium.By.<.ctor>b__11_0(ISearchContext context)
   at OpenQA.Selenium.By.FindElement(ISearchContext context)
   at OpenQA.Selenium.WebDriver.FindElement(By by)
   at CianAgencyComplaint.AgencyManager.ProcessAllOffers(IWebDriver driver) in C:\Users\Goga\source\repos\CianAgencyComplaint\AgencyManager.cs:line 185
2023-06-29 14:56:55.855 +08:00 [ERR] Ошибка в получении кнопки - ДАЛЬШЕ: no such element: Unable to locate element: {"method":"css selector","selector":"a._93444fe79c--button--Cp1dl._93444fe79c--link-button--Pewgf._93444fe79c--M--T3GjF._93444fe79c--button--dh5GL"}
  (Session info: chrome=114.0.5735.199); For documentation on this error, please visit: https://www.selenium.dev/documentation/webdriver/troubleshooting/errors#no-such-element-exception
OpenQA.Selenium.NoSuchElementException: no such element: Unable to locate element: {"method":"css selector","selector":"a._93444fe79c--button--Cp1dl._93444fe79c--link-button--Pewgf._93444fe79c--M--T3GjF._93444fe79c--button--dh5GL"}
  (Session info: chrome=114.0.5735.199); For documentation on this error, please visit: https://www.selenium.dev/documentation/webdriver/troubleshooting/errors#no-such-element-exception
   at OpenQA.Selenium.WebDriver.UnpackAndThrowOnError(Response errorResponse, String commandToExecute)
   at OpenQA.Selenium.WebDriver.Execute(String driverCommandToExecute, Dictionary`2 parameters)
   at OpenQA.Selenium.WebDriver.FindElement(String mechanism, String value)
   at OpenQA.Selenium.By.<.ctor>b__11_0(ISearchContext context)
   at OpenQA.Selenium.By.FindElement(ISearchContext context)
   at OpenQA.Selenium.WebDriver.FindElement(By by)
   at CianAgencyComplaint.AgencyManager.ProcessAllOffers(IWebDriver driver) in C:\Users\Goga\source\repos\CianAgencyComplaint\AgencyManager.cs:line 185
2023-06-29 14:56:57.911 +08:00 [ERR] Ошибка в получении кнопки - ДАЛЬШЕ: no such element: Unable to locate element: {"method":"css selector","selector":"a._93444fe79c--button--Cp1dl._93444fe79c--link-button--Pewgf._93444fe79c--M--T3GjF._93444fe79c--button--dh5GL"}
  (Session info: chrome=114.0.5735.199); For documentation on this error, please visit: https://www.selenium.dev/documentation/webdriver/troubleshooting/errors#no-such-element-exception
OpenQA.Selenium.NoSuchElementException: no such element: Unable to locate element: {"method":"css selector","selector":"a._93444fe79c--button--Cp1dl._93444fe79c--link-button--Pewgf._93444fe79c--M--T3GjF._93444fe79c--button--dh5GL"}
  (Session info: chrome=114.0.5735.199); For documentation on this error, please visit: https://www.selenium.dev/documentation/webdriver/troubleshooting/errors#no-such-element-exception
   at OpenQA.Selenium.WebDriver.UnpackAndThrowOnError(Response errorResponse, String commandToExecute)
   at OpenQA.Selenium.WebDriver.Execute(String driverCommandToExecute, Dictionary`2 parameters)
   at OpenQA.Selenium.WebDriver.FindElement(String mechanism, String value)
   at OpenQA.Selenium.By.<.ctor>b__11_0(ISearchContext context)
   at OpenQA.Selenium.By.FindElement(ISearchContext context)
   at OpenQA.Selenium.WebDriver.FindElement(By by)
   at CianAgencyComplaint.AgencyManager.ProcessAllOffers(IWebDriver driver) in C:\Users\Goga\source\repos\CianAgencyComplaint\AgencyManager.cs:line 185
2023-06-29 14:56:59.974 +08:00 [ERR] Ошибка в получении кнопки - ДАЛЬШЕ: no such element: Unable to locate element: {"method":"css selector","selector":"a._93444fe79c--button--Cp1dl._93444fe79c--link-button--Pewgf._93444fe79c--M--T3GjF._93444fe79c--button--dh5GL"}
  (Session info: chrome=114.0.5735.199); For documentation on this error, please visit: https://www.selenium.dev/documentation/webdriver/troubleshooting/errors#no-such-element-exception
OpenQA.Selenium.NoSuchElementException: no such element: Unable to locate element: {"method":"css selector","selector":"a._93444fe79c--button--Cp1dl._93444fe79c--link-button--Pewgf._93444fe79c--M--T3GjF._93444fe79c--button--dh5GL"}
  (Session info: chrome=114.0.5735.199); For documentation on this error, please visit: https://www.selenium.dev/documentation/webdriver/troubleshooting/errors#no-such-element-exception
   at OpenQA.Selenium.WebDriver.UnpackAndThrowOnError(Response errorResponse, String commandToExecute)
   at OpenQA.Selenium.WebDriver.Execute(String driverCommandToExecute, Dictionary`2 parameters)
   at OpenQA.Selenium.WebDriver.FindElement(String mechanism, String value)
   at OpenQA.Selenium.By.<.ctor>b__11_0(ISearchContext context)
   at OpenQA.Selenium.By.FindElement(ISearchContext context)
   at OpenQA.Selenium.WebDriver.FindElement(By by)
   at CianAgencyComplaint.AgencyManager.ProcessAllOffers(IWebDriver driver) in C:\Users\Goga\source\repos\CianAgencyComplaint\AgencyManager.cs:line 185
2023-06-29 14:57:02.048 +08:00 [ERR] Ошибка в получении кнопки - ДАЛЬШЕ: no such element: Unable to locate element: {"method":"css selector","selector":"a._93444fe79c--button--Cp1dl._93444fe79c--link-button--Pewgf._93444fe79c--M--T3GjF._93444fe79c--button--dh5GL"}
  (Session info: chrome=114.0.5735.199); For documentation on this error, please visit: https://www.selenium.dev/documentation/webdriver/troubleshooting/errors#no-such-element-exception
OpenQA.Selenium.NoSuchElementException: no such element: Unable to locate element: {"method":"css selector","selector":"a._93444fe79c--button--Cp1dl._93444fe79c--link-button--Pewgf._93444fe79c--M--T3GjF._93444fe79c--button--dh5GL"}
  (Session info: chrome=114.0.5735.199); For documentation on this error, please visit: https://www.selenium.dev/documentation/webdriver/troubleshooting/errors#no-such-element-exception
   at OpenQA.Selenium.WebDriver.UnpackAndThrowOnError(Response errorResponse, String commandToExecute)
   at OpenQA.Selenium.WebDriver.Execute(String driverCommandToExecute, Dictionary`2 parameters)
   at OpenQA.Selenium.WebDriver.FindElement(String mechanism, String value)
   at OpenQA.Selenium.By.<.ctor>b__11_0(ISearchContext context)
   at OpenQA.Selenium.By.FindElement(ISearchContext context)
   at OpenQA.Selenium.WebDriver.FindElement(By by)
   at CianAgencyComplaint.AgencyManager.ProcessAllOffers(IWebDriver driver) in C:\Users\Goga\source\repos\CianAgencyComplaint\AgencyManager.cs:line 185
2023-06-29 14:57:04.108 +08:00 [ERR] Ошибка в получении кнопки - ДАЛЬШЕ: no such element: Unable to locate element: {"method":"css selector","selector":"a._93444fe79c--button--Cp1dl._93444fe79c--link-button--Pewgf._93444fe79c--M--T3GjF._93444fe79c--button--dh5GL"}
  (Session info: chrome=114.0.5735.199); For documentation on this error, please visit: https://www.selenium.dev/documentation/webdriver/troubleshooting/errors#no-such-element-exception
OpenQA.Selenium.NoSuchElementException: no such element: Unable to locate element: {"method":"css selector","selector":"a._93444fe79c--button--Cp1dl._93444fe79c--link-button--Pewgf._93444fe79c--M--T3GjF._93444fe79c--button--dh5GL"}
  (Session info: chrome=114.0.5735.199); For documentation on this error, please visit: https://www.selenium.dev/documentation/webdriver/troubleshooting/errors#no-such-element-exception
   at OpenQA.Selenium.WebDriver.UnpackAndThrowOnError(Response errorResponse, String commandToExecute)
   at OpenQA.Selenium.WebDriver.Execute(String driverCommandToExecute, Dictionary`2 parameters)
   at OpenQA.Selenium.WebDriver.FindElement(String mechanism, String value)
   at OpenQA.Selenium.By.<.ctor>b__11_0(ISearchContext context)
   at OpenQA.Selenium.By.FindElement(ISearchContext context)
   at OpenQA.Selenium.WebDriver.FindElement(By by)
   at CianAgencyComplaint.AgencyManager.ProcessAllOffers(IWebDriver driver) in C:\Users\Goga\source\repos\CianAgencyComplaint\AgencyManager.cs:line 185
2023-06-29 14:57:06.165 +08:00 [ERR] Ошибка в получении кнопки - ДАЛЬШЕ: no such element: Unable to locate element: {"method":"css selector","selector":"a._93444fe79c--button--Cp1dl._93444fe79c--link-button--Pewgf._93444fe79c--M--T3GjF._93444fe79c--button--dh5GL"}
  (Session info: chrome=114.0.5735.199); For documentation on this error, please visit: https://www.selenium.dev/documentation/webdriver/troubleshooting/errors#no-such-element-exception
OpenQA.Selenium.NoSuchElementException: no such element: Unable to locate element: {"method":"css selector","selector":"a._93444fe79c--button--Cp1dl._93444fe79c--link-button--Pewgf._93444fe79c--M--T3GjF._93444fe79c--button--dh5GL"}
  (Session info: chrome=114.0.5735.199); For documentation on this error, please visit: https://www.selenium.dev/documentation/webdriver/troubleshooting/errors#no-such-element-exception
   at OpenQA.Selenium.WebDriver.UnpackAndThrowOnError(Response errorResponse, String commandToExecute)
   at OpenQA.Selenium.WebDriver.Execute(String driverCommandToExecute, Dictionary`2 parameters)
   at OpenQA.Selenium.WebDriver.FindElement(String mechanism, String value)
   at OpenQA.Selenium.By.<.ctor>b__11_0(ISearchContext context)
   at OpenQA.Selenium.By.FindElement(ISearchContext context)
   at OpenQA.Selenium.WebDriver.FindElement(By by)
   at CianAgencyComplaint.AgencyManager.ProcessAllOffers(IWebDriver driver) in C:\Users\Goga\source\repos\CianAgencyComplaint\AgencyManager.cs:line 185
2023-06-29 14:57:08.233 +08:00 [ERR] Ошибка в получении кнопки - ДАЛЬШЕ: no such element: Unable to locate element: {"method":"css selector","selector":"a._93444fe79c--button--Cp1dl._93444fe79c--link-button--Pewgf._93444fe79c--M--T3GjF._93444fe79c--button--dh5GL"}
  (Session info: chrome=114.0.5735.199); For documentation on this error, please visit: https://www.selenium.dev/documentation/webdriver/troubleshooting/errors#no-such-element-exception
OpenQA.Selenium.NoSuchElementException: no such element: Unable to locate element: {"method":"css selector","selector":"a._93444fe79c--button--Cp1dl._93444fe79c--link-button--Pewgf._93444fe79c--M--T3GjF._93444fe79c--button--dh5GL"}
  (Session info: chrome=114.0.5735.199); For documentation on this error, please visit: https://www.selenium.dev/documentation/webdriver/troubleshooting/errors#no-such-element-exception
   at OpenQA.Selenium.WebDriver.UnpackAndThrowOnError(Response errorResponse, String commandToExecute)
   at OpenQA.Selenium.WebDriver.Execute(String driverCommandToExecute, Dictionary`2 parameters)
   at OpenQA.Selenium.WebDriver.FindElement(String mechanism, String value)
   at OpenQA.Selenium.By.<.ctor>b__11_0(ISearchContext context)
   at OpenQA.Selenium.By.FindElement(ISearchContext context)
   at OpenQA.Selenium.WebDriver.FindElement(By by)
   at CianAgencyComplaint.AgencyManager.ProcessAllOffers(IWebDriver driver) in C:\Users\Goga\source\repos\CianAgencyComplaint\AgencyManager.cs:line 185
2023-06-29 14:57:10.304 +08:00 [ERR] Ошибка в получении кнопки - ДАЛЬШЕ: no such element: Unable to locate element: {"method":"css selector","selector":"a._93444fe79c--button--Cp1dl._93444fe79c--link-button--Pewgf._93444fe79c--M--T3GjF._93444fe79c--button--dh5GL"}
  (Session info: chrome=114.0.5735.199); For documentation on this error, please visit: https://www.selenium.dev/documentation/webdriver/troubleshooting/errors#no-such-element-exception
OpenQA.Selenium.NoSuchElementException: no such element: Unable to locate element: {"method":"css selector","selector":"a._93444fe79c--button--Cp1dl._93444fe79c--link-button--Pewgf._93444fe79c--M--T3GjF._93444fe79c--button--dh5GL"}
  (Session info: chrome=114.0.5735.199); For documentation on this error, please visit: https://www.selenium.dev/documentation/webdriver/troubleshooting/errors#no-such-element-exception
   at OpenQA.Selenium.WebDriver.UnpackAndThrowOnError(Response errorResponse, String commandToExecute)
   at OpenQA.Selenium.WebDriver.Execute(String driverCommandToExecute, Dictionary`2 parameters)
   at OpenQA.Selenium.WebDriver.FindElement(String mechanism, String value)
   at OpenQA.Selenium.By.<.ctor>b__11_0(ISearchContext context)
   at OpenQA.Selenium.By.FindElement(ISearchContext context)
   at OpenQA.Selenium.WebDriver.FindElement(By by)
   at CianAgencyComplaint.AgencyManager.ProcessAllOffers(IWebDriver driver) in C:\Users\Goga\source\repos\CianAgencyComplaint\AgencyManager.cs:line 185
2023-06-29 14:57:12.381 +08:00 [ERR] Ошибка в получении кнопки - ДАЛЬШЕ: no such element: Unable to locate element: {"method":"css selector","selector":"a._93444fe79c--button--Cp1dl._93444fe79c--link-button--Pewgf._93444fe79c--M--T3GjF._93444fe79c--button--dh5GL"}
  (Session info: chrome=114.0.5735.199); For documentation on this error, please visit: https://www.selenium.dev/documentation/webdriver/troubleshooting/errors#no-such-element-exception
OpenQA.Selenium.NoSuchElementException: no such element: Unable to locate element: {"method":"css selector","selector":"a._93444fe79c--button--Cp1dl._93444fe79c--link-button--Pewgf._93444fe79c--M--T3GjF._93444fe79c--button--dh5GL"}
  (Session info: chrome=114.0.5735.199); For documentation on this error, please visit: https://www.selenium.dev/documentation/webdriver/troubleshooting/errors#no-such-element-exception
   at OpenQA.Selenium.WebDriver.UnpackAndThrowOnError(Response errorResponse, String commandToExecute)
   at OpenQA.Selenium.WebDriver.Execute(String driverCommandToExecute, Dictionary`2 parameters)
   at OpenQA.Selenium.WebDriver.FindElement(String mechanism, String value)
   at OpenQA.Selenium.By.<.ctor>b__11_0(ISearchContext context)
   at OpenQA.Selenium.By.FindElement(ISearchContext context)
   at OpenQA.Selenium.WebDriver.FindElement(By by)
   at CianAgencyComplaint.AgencyManager.ProcessAllOffers(IWebDriver driver) in C:\Users\Goga\source\repos\CianAgencyComplaint\AgencyManager.cs:line 185
2023-06-29 14:57:14.458 +08:00 [ERR] Ошибка в получении кнопки - ДАЛЬШЕ: no such element: Unable to locate element: {"method":"css selector","selector":"a._93444fe79c--button--Cp1dl._93444fe79c--link-button--Pewgf._93444fe79c--M--T3GjF._93444fe79c--button--dh5GL"}
  (Session info: chrome=114.0.5735.199); For documentation on this error, please visit: https://www.selenium.dev/documentation/webdriver/troubleshooting/errors#no-such-element-exception
OpenQA.Selenium.NoSuchElementException: no such element: Unable to locate element: {"method":"css selector","selector":"a._93444fe79c--button--Cp1dl._93444fe79c--link-button--Pewgf._93444fe79c--M--T3GjF._93444fe79c--button--dh5GL"}
  (Session info: chrome=114.0.5735.199); For documentation on this error, please visit: https://www.selenium.dev/documentation/webdriver/troubleshooting/errors#no-such-element-exception
   at OpenQA.Selenium.WebDriver.UnpackAndThrowOnError(Response errorResponse, String commandToExecute)
   at OpenQA.Selenium.WebDriver.Execute(String driverCommandToExecute, Dictionary`2 parameters)
   at OpenQA.Selenium.WebDriver.FindElement(String mechanism, String value)
   at OpenQA.Selenium.By.<.ctor>b__11_0(ISearchContext context)
   at OpenQA.Selenium.By.FindElement(ISearchContext context)
   at OpenQA.Selenium.WebDriver.FindElement(By by)
   at CianAgencyComplaint.AgencyManager.ProcessAllOffers(IWebDriver driver) in C:\Users\Goga\source\repos\CianAgencyComplaint\AgencyManager.cs:line 185
2023-06-29 14:57:16.522 +08:00 [ERR] Ошибка в получении кнопки - ДАЛЬШЕ: no such element: Unable to locate element: {"method":"css selector","selector":"a._93444fe79c--button--Cp1dl._93444fe79c--link-button--Pewgf._93444fe79c--M--T3GjF._93444fe79c--button--dh5GL"}
  (Session info: chrome=114.0.5735.199); For documentation on this error, please visit: https://www.selenium.dev/documentation/webdriver/troubleshooting/errors#no-such-element-exception
OpenQA.Selenium.NoSuchElementException: no such element: Unable to locate element: {"method":"css selector","selector":"a._93444fe79c--button--Cp1dl._93444fe79c--link-button--Pewgf._93444fe79c--M--T3GjF._93444fe79c--button--dh5GL"}
  (Session info: chrome=114.0.5735.199); For documentation on this error, please visit: https://www.selenium.dev/documentation/webdriver/troubleshooting/errors#no-such-element-exception
   at OpenQA.Selenium.WebDriver.UnpackAndThrowOnError(Response errorResponse, String commandToExecute)
   at OpenQA.Selenium.WebDriver.Execute(String driverCommandToExecute, Dictionary`2 parameters)
   at OpenQA.Selenium.WebDriver.FindElement(String mechanism, String value)
   at OpenQA.Selenium.By.<.ctor>b__11_0(ISearchContext context)
   at OpenQA.Selenium.By.FindElement(ISearchContext context)
   at OpenQA.Selenium.WebDriver.FindElement(By by)
   at CianAgencyComplaint.AgencyManager.ProcessAllOffers(IWebDriver driver) in C:\Users\Goga\source\repos\CianAgencyComplaint\AgencyManager.cs:line 185
2023-06-29 14:57:18.581 +08:00 [ERR] Ошибка в получении кнопки - ДАЛЬШЕ: no such element: Unable to locate element: {"method":"css selector","selector":"a._93444fe79c--button--Cp1dl._93444fe79c--link-button--Pewgf._93444fe79c--M--T3GjF._93444fe79c--button--dh5GL"}
  (Session info: chrome=114.0.5735.199); For documentation on this error, please visit: https://www.selenium.dev/documentation/webdriver/troubleshooting/errors#no-such-element-exception
OpenQA.Selenium.NoSuchElementException: no such element: Unable to locate element: {"method":"css selector","selector":"a._93444fe79c--button--Cp1dl._93444fe79c--link-button--Pewgf._93444fe79c--M--T3GjF._93444fe79c--button--dh5GL"}
  (Session info: chrome=114.0.5735.199); For documentation on this error, please visit: https://www.selenium.dev/documentation/webdriver/troubleshooting/errors#no-such-element-exception
   at OpenQA.Selenium.WebDriver.UnpackAndThrowOnError(Response errorResponse, String commandToExecute)
   at OpenQA.Selenium.WebDriver.Execute(String driverCommandToExecute, Dictionary`2 parameters)
   at OpenQA.Selenium.WebDriver.FindElement(String mechanism, String value)
   at OpenQA.Selenium.By.<.ctor>b__11_0(ISearchContext context)
   at OpenQA.Selenium.By.FindElement(ISearchContext context)
   at OpenQA.Selenium.WebDriver.FindElement(By by)
   at CianAgencyComplaint.AgencyManager.ProcessAllOffers(IWebDriver driver) in C:\Users\Goga\source\repos\CianAgencyComplaint\AgencyManager.cs:line 185
2023-06-29 14:57:20.635 +08:00 [ERR] Ошибка в получении кнопки - ДАЛЬШЕ: no such element: Unable to locate element: {"method":"css selector","selector":"a._93444fe79c--button--Cp1dl._93444fe79c--link-button--Pewgf._93444fe79c--M--T3GjF._93444fe79c--button--dh5GL"}
  (Session info: chrome=114.0.5735.199); For documentation on this error, please visit: https://www.selenium.dev/documentation/webdriver/troubleshooting/errors#no-such-element-exception
OpenQA.Selenium.NoSuchElementException: no such element: Unable to locate element: {"method":"css selector","selector":"a._93444fe79c--button--Cp1dl._93444fe79c--link-button--Pewgf._93444fe79c--M--T3GjF._93444fe79c--button--dh5GL"}
  (Session info: chrome=114.0.5735.199); For documentation on this error, please visit: https://www.selenium.dev/documentation/webdriver/troubleshooting/errors#no-such-element-exception
   at OpenQA.Selenium.WebDriver.UnpackAndThrowOnError(Response errorResponse, String commandToExecute)
   at OpenQA.Selenium.WebDriver.Execute(String driverCommandToExecute, Dictionary`2 parameters)
   at OpenQA.Selenium.WebDriver.FindElement(String mechanism, String value)
   at OpenQA.Selenium.By.<.ctor>b__11_0(ISearchContext context)
   at OpenQA.Selenium.By.FindElement(ISearchContext context)
   at OpenQA.Selenium.WebDriver.FindElement(By by)
   at CianAgencyComplaint.AgencyManager.ProcessAllOffers(IWebDriver driver) in C:\Users\Goga\source\repos\CianAgencyComplaint\AgencyManager.cs:line 185
2023-06-29 14:57:22.715 +08:00 [ERR] Ошибка в получении кнопки - ДАЛЬШЕ: no such element: Unable to locate element: {"method":"css selector","selector":"a._93444fe79c--button--Cp1dl._93444fe79c--link-button--Pewgf._93444fe79c--M--T3GjF._93444fe79c--button--dh5GL"}
  (Session info: chrome=114.0.5735.199); For documentation on this error, please visit: https://www.selenium.dev/documentation/webdriver/troubleshooting/errors#no-such-element-exception
OpenQA.Selenium.NoSuchElementException: no such element: Unable to locate element: {"method":"css selector","selector":"a._93444fe79c--button--Cp1dl._93444fe79c--link-button--Pewgf._93444fe79c--M--T3GjF._93444fe79c--button--dh5GL"}
  (Session info: chrome=114.0.5735.199); For documentation on this error, please visit: https://www.selenium.dev/documentation/webdriver/troubleshooting/errors#no-such-element-exception
   at OpenQA.Selenium.WebDriver.UnpackAndThrowOnError(Response errorResponse, String commandToExecute)
   at OpenQA.Selenium.WebDriver.Execute(String driverCommandToExecute, Dictionary`2 parameters)
   at OpenQA.Selenium.WebDriver.FindElement(String mechanism, String value)
   at OpenQA.Selenium.By.<.ctor>b__11_0(ISearchContext context)
   at OpenQA.Selenium.By.FindElement(ISearchContext context)
   at OpenQA.Selenium.WebDriver.FindElement(By by)
   at CianAgencyComplaint.AgencyManager.ProcessAllOffers(IWebDriver driver) in C:\Users\Goga\source\repos\CianAgencyComplaint\AgencyManager.cs:line 185
2023-06-29 14:57:24.772 +08:00 [ERR] Ошибка в получении кнопки - ДАЛЬШЕ: no such element: Unable to locate element: {"method":"css selector","selector":"a._93444fe79c--button--Cp1dl._93444fe79c--link-button--Pewgf._93444fe79c--M--T3GjF._93444fe79c--button--dh5GL"}
  (Session info: chrome=114.0.5735.199); For documentation on this error, please visit: https://www.selenium.dev/documentation/webdriver/troubleshooting/errors#no-such-element-exception
OpenQA.Selenium.NoSuchElementException: no such element: Unable to locate element: {"method":"css selector","selector":"a._93444fe79c--button--Cp1dl._93444fe79c--link-button--Pewgf._93444fe79c--M--T3GjF._93444fe79c--button--dh5GL"}
  (Session info: chrome=114.0.5735.199); For documentation on this error, please visit: https://www.selenium.dev/documentation/webdriver/troubleshooting/errors#no-such-element-exception
   at OpenQA.Selenium.WebDriver.UnpackAndThrowOnError(Response errorResponse, String commandToExecute)
   at OpenQA.Selenium.WebDriver.Execute(String driverCommandToExecute, Dictionary`2 parameters)
   at OpenQA.Selenium.WebDriver.FindElement(String mechanism, String value)
   at OpenQA.Selenium.By.<.ctor>b__11_0(ISearchContext context)
   at OpenQA.Selenium.By.FindElement(ISearchContext context)
   at OpenQA.Selenium.WebDriver.FindElement(By by)
   at CianAgencyComplaint.AgencyManager.ProcessAllOffers(IWebDriver driver) in C:\Users\Goga\source\repos\CianAgencyComplaint\AgencyManager.cs:line 185
2023-06-29 21:41:49.669 +08:00 [ERR] Не удалось кликнуть на элементе: stale element reference: stale element not found
  (Session info: chrome=114.0.5735.199); For documentation on this error, please visit: https://www.selenium.dev/documentation/webdriver/troubleshooting/errors#stale-element-reference-exception
OpenQA.Selenium.StaleElementReferenceException: stale element reference: stale element not found
  (Session info: chrome=114.0.5735.199); For documentation on this error, please visit: https://www.selenium.dev/documentation/webdriver/troubleshooting/errors#stale-element-reference-exception
   at OpenQA.Selenium.WebDriver.UnpackAndThrowOnError(Response errorResponse, String commandToExecute)
   at OpenQA.Selenium.WebDriver.Execute(String driverCommandToExecute, Dictionary`2 parameters)
   at OpenQA.Selenium.WebDriver.ExecuteScriptCommand(String script, String commandName, Object[] args)
   at OpenQA.Selenium.WebDriver.ExecuteScript(String script, Object[] args)
   at CianAgencyComplaint.AgencyManager.ClickElement(IWebDriver driver, IWebElement element) in C:\Users\Goga\source\repos\CianAgencyComplaint\AgencyManager.cs:line 544
2023-06-29 21:41:52.834 +08:00 [ERR] Не удалось получить или кликнуть на элемент - Смотреть все предложения: no such element: Unable to locate element: {"method":"css selector","selector":"[data-ga-action='open_all_offers']"}
  (Session info: chrome=114.0.5735.199); For documentation on this error, please visit: https://www.selenium.dev/documentation/webdriver/troubleshooting/errors#no-such-element-exception
OpenQA.Selenium.NoSuchElementException: no such element: Unable to locate element: {"method":"css selector","selector":"[data-ga-action='open_all_offers']"}
  (Session info: chrome=114.0.5735.199); For documentation on this error, please visit: https://www.selenium.dev/documentation/webdriver/troubleshooting/errors#no-such-element-exception
   at OpenQA.Selenium.WebDriver.UnpackAndThrowOnError(Response errorResponse, String commandToExecute)
   at OpenQA.Selenium.WebDriver.Execute(String driverCommandToExecute, Dictionary`2 parameters)
   at OpenQA.Selenium.WebDriver.FindElement(String mechanism, String value)
   at OpenQA.Selenium.By.<.ctor>b__11_0(ISearchContext context)
   at OpenQA.Selenium.By.FindElement(ISearchContext context)
   at OpenQA.Selenium.WebDriver.FindElement(By by)
   at CianAgencyComplaint.AgencyManager.ClickViewAllOffersLink(IWebDriver driver) in C:\Users\Goga\source\repos\CianAgencyComplaint\AgencyManager.cs:line 497
2023-06-29 21:41:52.919 +08:00 [ERR] Ошибка в получении кнопки - ДАЛЬШЕ: no such element: Unable to locate element: {"method":"css selector","selector":"a._93444fe79c--button--Cp1dl._93444fe79c--link-button--Pewgf._93444fe79c--M--T3GjF._93444fe79c--button--dh5GL"}
  (Session info: chrome=114.0.5735.199); For documentation on this error, please visit: https://www.selenium.dev/documentation/webdriver/troubleshooting/errors#no-such-element-exception
OpenQA.Selenium.NoSuchElementException: no such element: Unable to locate element: {"method":"css selector","selector":"a._93444fe79c--button--Cp1dl._93444fe79c--link-button--Pewgf._93444fe79c--M--T3GjF._93444fe79c--button--dh5GL"}
  (Session info: chrome=114.0.5735.199); For documentation on this error, please visit: https://www.selenium.dev/documentation/webdriver/troubleshooting/errors#no-such-element-exception
   at OpenQA.Selenium.WebDriver.UnpackAndThrowOnError(Response errorResponse, String commandToExecute)
   at OpenQA.Selenium.WebDriver.Execute(String driverCommandToExecute, Dictionary`2 parameters)
   at OpenQA.Selenium.WebDriver.FindElement(String mechanism, String value)
   at OpenQA.Selenium.By.<.ctor>b__11_0(ISearchContext context)
   at OpenQA.Selenium.By.FindElement(ISearchContext context)
   at OpenQA.Selenium.WebDriver.FindElement(By by)
   at CianAgencyComplaint.AgencyManager.ProcessAllOffers(IWebDriver driver) in C:\Users\Goga\source\repos\CianAgencyComplaint\AgencyManager.cs:line 185
2023-06-29 21:41:54.981 +08:00 [ERR] Ошибка в получении кнопки - ДАЛЬШЕ: no such element: Unable to locate element: {"method":"css selector","selector":"a._93444fe79c--button--Cp1dl._93444fe79c--link-button--Pewgf._93444fe79c--M--T3GjF._93444fe79c--button--dh5GL"}
  (Session info: chrome=114.0.5735.199); For documentation on this error, please visit: https://www.selenium.dev/documentation/webdriver/troubleshooting/errors#no-such-element-exception
OpenQA.Selenium.NoSuchElementException: no such element: Unable to locate element: {"method":"css selector","selector":"a._93444fe79c--button--Cp1dl._93444fe79c--link-button--Pewgf._93444fe79c--M--T3GjF._93444fe79c--button--dh5GL"}
  (Session info: chrome=114.0.5735.199); For documentation on this error, please visit: https://www.selenium.dev/documentation/webdriver/troubleshooting/errors#no-such-element-exception
   at OpenQA.Selenium.WebDriver.UnpackAndThrowOnError(Response errorResponse, String commandToExecute)
   at OpenQA.Selenium.WebDriver.Execute(String driverCommandToExecute, Dictionary`2 parameters)
   at OpenQA.Selenium.WebDriver.FindElement(String mechanism, String value)
   at OpenQA.Selenium.By.<.ctor>b__11_0(ISearchContext context)
   at OpenQA.Selenium.By.FindElement(ISearchContext context)
   at OpenQA.Selenium.WebDriver.FindElement(By by)
   at CianAgencyComplaint.AgencyManager.ProcessAllOffers(IWebDriver driver) in C:\Users\Goga\source\repos\CianAgencyComplaint\AgencyManager.cs:line 185
2023-06-29 21:41:57.059 +08:00 [ERR] Ошибка в получении кнопки - ДАЛЬШЕ: no such element: Unable to locate element: {"method":"css selector","selector":"a._93444fe79c--button--Cp1dl._93444fe79c--link-button--Pewgf._93444fe79c--M--T3GjF._93444fe79c--button--dh5GL"}
  (Session info: chrome=114.0.5735.199); For documentation on this error, please visit: https://www.selenium.dev/documentation/webdriver/troubleshooting/errors#no-such-element-exception
OpenQA.Selenium.NoSuchElementException: no such element: Unable to locate element: {"method":"css selector","selector":"a._93444fe79c--button--Cp1dl._93444fe79c--link-button--Pewgf._93444fe79c--M--T3GjF._93444fe79c--button--dh5GL"}
  (Session info: chrome=114.0.5735.199); For documentation on this error, please visit: https://www.selenium.dev/documentation/webdriver/troubleshooting/errors#no-such-element-exception
   at OpenQA.Selenium.WebDriver.UnpackAndThrowOnError(Response errorResponse, String commandToExecute)
   at OpenQA.Selenium.WebDriver.Execute(String driverCommandToExecute, Dictionary`2 parameters)
   at OpenQA.Selenium.WebDriver.FindElement(String mechanism, String value)
   at OpenQA.Selenium.By.<.ctor>b__11_0(ISearchContext context)
   at OpenQA.Selenium.By.FindElement(ISearchContext context)
   at OpenQA.Selenium.WebDriver.FindElement(By by)
   at CianAgencyComplaint.AgencyManager.ProcessAllOffers(IWebDriver driver) in C:\Users\Goga\source\repos\CianAgencyComplaint\AgencyManager.cs:line 185
2023-06-29 21:53:26.841 +08:00 [ERR] Не удалось кликнуть на элементе: stale element reference: stale element not found
  (Session info: chrome=114.0.5735.199); For documentation on this error, please visit: https://www.selenium.dev/documentation/webdriver/troubleshooting/errors#stale-element-reference-exception
OpenQA.Selenium.StaleElementReferenceException: stale element reference: stale element not found
  (Session info: chrome=114.0.5735.199); For documentation on this error, please visit: https://www.selenium.dev/documentation/webdriver/troubleshooting/errors#stale-element-reference-exception
   at OpenQA.Selenium.WebDriver.UnpackAndThrowOnError(Response errorResponse, String commandToExecute)
   at OpenQA.Selenium.WebDriver.Execute(String driverCommandToExecute, Dictionary`2 parameters)
   at OpenQA.Selenium.WebDriver.ExecuteScriptCommand(String script, String commandName, Object[] args)
   at OpenQA.Selenium.WebDriver.ExecuteScript(String script, Object[] args)
   at CianAgencyComplaint.AgencyManager.ClickElement(IWebDriver driver, IWebElement element) in C:\Users\Goga\source\repos\CianAgencyComplaint\AgencyManager.cs:line 544
2023-06-29 21:53:30.029 +08:00 [ERR] Не удалось получить или кликнуть на элемент - Смотреть все предложения: no such element: Unable to locate element: {"method":"css selector","selector":"[data-ga-action='open_all_offers']"}
  (Session info: chrome=114.0.5735.199); For documentation on this error, please visit: https://www.selenium.dev/documentation/webdriver/troubleshooting/errors#no-such-element-exception
OpenQA.Selenium.NoSuchElementException: no such element: Unable to locate element: {"method":"css selector","selector":"[data-ga-action='open_all_offers']"}
  (Session info: chrome=114.0.5735.199); For documentation on this error, please visit: https://www.selenium.dev/documentation/webdriver/troubleshooting/errors#no-such-element-exception
   at OpenQA.Selenium.WebDriver.UnpackAndThrowOnError(Response errorResponse, String commandToExecute)
   at OpenQA.Selenium.WebDriver.Execute(String driverCommandToExecute, Dictionary`2 parameters)
   at OpenQA.Selenium.WebDriver.FindElement(String mechanism, String value)
   at OpenQA.Selenium.By.<.ctor>b__11_0(ISearchContext context)
   at OpenQA.Selenium.By.FindElement(ISearchContext context)
   at OpenQA.Selenium.WebDriver.FindElement(By by)
   at CianAgencyComplaint.AgencyManager.ClickViewAllOffersLink(IWebDriver driver) in C:\Users\Goga\source\repos\CianAgencyComplaint\AgencyManager.cs:line 497
2023-06-29 21:58:30.129 +08:00 [ERR] Не удалось кликнуть на элементе: stale element reference: stale element not found
  (Session info: chrome=114.0.5735.199); For documentation on this error, please visit: https://www.selenium.dev/documentation/webdriver/troubleshooting/errors#stale-element-reference-exception
OpenQA.Selenium.StaleElementReferenceException: stale element reference: stale element not found
  (Session info: chrome=114.0.5735.199); For documentation on this error, please visit: https://www.selenium.dev/documentation/webdriver/troubleshooting/errors#stale-element-reference-exception
   at OpenQA.Selenium.WebDriver.UnpackAndThrowOnError(Response errorResponse, String commandToExecute)
   at OpenQA.Selenium.WebDriver.Execute(String driverCommandToExecute, Dictionary`2 parameters)
   at OpenQA.Selenium.WebDriver.ExecuteScriptCommand(String script, String commandName, Object[] args)
   at OpenQA.Selenium.WebDriver.ExecuteScript(String script, Object[] args)
   at CianAgencyComplaint.AgencyManager.ClickElement(IWebDriver driver, IWebElement element) in C:\Users\Goga\source\repos\CianAgencyComplaint\AgencyManager.cs:line 545
2023-06-30 06:57:02.833 +08:00 [ERR] Не удалось отправить жалобу: no such element: Unable to locate element: {"method":"css selector","selector":"[data-name='ComplaintItemForm']"}
  (Session info: chrome=114.0.5735.199); For documentation on this error, please visit: https://www.selenium.dev/documentation/webdriver/troubleshooting/errors#no-such-element-exception
OpenQA.Selenium.NoSuchElementException: no such element: Unable to locate element: {"method":"css selector","selector":"[data-name='ComplaintItemForm']"}
  (Session info: chrome=114.0.5735.199); For documentation on this error, please visit: https://www.selenium.dev/documentation/webdriver/troubleshooting/errors#no-such-element-exception
   at OpenQA.Selenium.WebDriver.UnpackAndThrowOnError(Response errorResponse, String commandToExecute)
   at OpenQA.Selenium.WebDriver.Execute(String driverCommandToExecute, Dictionary`2 parameters)
   at OpenQA.Selenium.WebDriver.FindElement(String mechanism, String value)
   at OpenQA.Selenium.By.<.ctor>b__11_0(ISearchContext context)
   at OpenQA.Selenium.By.FindElement(ISearchContext context)
   at OpenQA.Selenium.WebDriver.FindElement(By by)
   at CianAgencyComplaint.AgencyManager.SendComplaint(IWebDriver driver) in C:\Users\Goga\source\repos\CianAgencyComplaint\AgencyManager.cs:line 283
2023-06-30 06:57:12.492 +08:00 [ERR] Не удалось отправить жалобу: no such element: Unable to locate element: {"method":"css selector","selector":"[data-name='ComplaintItemForm']"}
  (Session info: chrome=114.0.5735.199); For documentation on this error, please visit: https://www.selenium.dev/documentation/webdriver/troubleshooting/errors#no-such-element-exception
OpenQA.Selenium.NoSuchElementException: no such element: Unable to locate element: {"method":"css selector","selector":"[data-name='ComplaintItemForm']"}
  (Session info: chrome=114.0.5735.199); For documentation on this error, please visit: https://www.selenium.dev/documentation/webdriver/troubleshooting/errors#no-such-element-exception
   at OpenQA.Selenium.WebDriver.UnpackAndThrowOnError(Response errorResponse, String commandToExecute)
   at OpenQA.Selenium.WebDriver.Execute(String driverCommandToExecute, Dictionary`2 parameters)
   at OpenQA.Selenium.WebDriver.FindElement(String mechanism, String value)
   at OpenQA.Selenium.By.<.ctor>b__11_0(ISearchContext context)
   at OpenQA.Selenium.By.FindElement(ISearchContext context)
   at OpenQA.Selenium.WebDriver.FindElement(By by)
   at CianAgencyComplaint.AgencyManager.SendComplaint(IWebDriver driver) in C:\Users\Goga\source\repos\CianAgencyComplaint\AgencyManager.cs:line 283
2023-06-30 06:57:21.950 +08:00 [ERR] Не удалось отправить жалобу: no such element: Unable to locate element: {"method":"css selector","selector":"[data-name='ComplaintItemForm']"}
  (Session info: chrome=114.0.5735.199); For documentation on this error, please visit: https://www.selenium.dev/documentation/webdriver/troubleshooting/errors#no-such-element-exception
OpenQA.Selenium.NoSuchElementException: no such element: Unable to locate element: {"method":"css selector","selector":"[data-name='ComplaintItemForm']"}
  (Session info: chrome=114.0.5735.199); For documentation on this error, please visit: https://www.selenium.dev/documentation/webdriver/troubleshooting/errors#no-such-element-exception
   at OpenQA.Selenium.WebDriver.UnpackAndThrowOnError(Response errorResponse, String commandToExecute)
   at OpenQA.Selenium.WebDriver.Execute(String driverCommandToExecute, Dictionary`2 parameters)
   at OpenQA.Selenium.WebDriver.FindElement(String mechanism, String value)
   at OpenQA.Selenium.By.<.ctor>b__11_0(ISearchContext context)
   at OpenQA.Selenium.By.FindElement(ISearchContext context)
   at OpenQA.Selenium.WebDriver.FindElement(By by)
   at CianAgencyComplaint.AgencyManager.SendComplaint(IWebDriver driver) in C:\Users\Goga\source\repos\CianAgencyComplaint\AgencyManager.cs:line 283
2023-06-30 06:57:34.138 +08:00 [ERR] Не удалось отправить вставить email: no such element: Unable to locate element: {"method":"css selector","selector":"input[name='email']"}
  (Session info: chrome=114.0.5735.199); For documentation on this error, please visit: https://www.selenium.dev/documentation/webdriver/troubleshooting/errors#no-such-element-exception
OpenQA.Selenium.NoSuchElementException: no such element: Unable to locate element: {"method":"css selector","selector":"input[name='email']"}
  (Session info: chrome=114.0.5735.199); For documentation on this error, please visit: https://www.selenium.dev/documentation/webdriver/troubleshooting/errors#no-such-element-exception
   at OpenQA.Selenium.WebDriver.UnpackAndThrowOnError(Response errorResponse, String commandToExecute)
   at OpenQA.Selenium.WebDriver.Execute(String driverCommandToExecute, Dictionary`2 parameters)
   at OpenQA.Selenium.WebDriver.FindElement(String mechanism, String value)
   at OpenQA.Selenium.By.<.ctor>b__11_0(ISearchContext context)
   at OpenQA.Selenium.By.FindElement(ISearchContext context)
   at OpenQA.Selenium.WebDriver.FindElement(By by)
   at CianAgencyComplaint.AgencyManager.SendComplaint(IWebDriver driver) in C:\Users\Goga\source\repos\CianAgencyComplaint\AgencyManager.cs:line 313
2023-06-30 06:58:03.155 +08:00 [ERR] Не удалось отправить жалобу: no such element: Unable to locate element: {"method":"css selector","selector":"[data-name='ComplaintItemForm']"}
  (Session info: chrome=114.0.5735.199); For documentation on this error, please visit: https://www.selenium.dev/documentation/webdriver/troubleshooting/errors#no-such-element-exception
OpenQA.Selenium.NoSuchElementException: no such element: Unable to locate element: {"method":"css selector","selector":"[data-name='ComplaintItemForm']"}
  (Session info: chrome=114.0.5735.199); For documentation on this error, please visit: https://www.selenium.dev/documentation/webdriver/troubleshooting/errors#no-such-element-exception
   at OpenQA.Selenium.WebDriver.UnpackAndThrowOnError(Response errorResponse, String commandToExecute)
   at OpenQA.Selenium.WebDriver.Execute(String driverCommandToExecute, Dictionary`2 parameters)
   at OpenQA.Selenium.WebDriver.FindElement(String mechanism, String value)
   at OpenQA.Selenium.By.<.ctor>b__11_0(ISearchContext context)
   at OpenQA.Selenium.By.FindElement(ISearchContext context)
   at OpenQA.Selenium.WebDriver.FindElement(By by)
   at CianAgencyComplaint.AgencyManager.SendComplaint(IWebDriver driver) in C:\Users\Goga\source\repos\CianAgencyComplaint\AgencyManager.cs:line 283
2023-06-30 06:59:01.564 +08:00 [ERR] Не удалось отправить жалобу: no such element: Unable to locate element: {"method":"css selector","selector":"[data-name='ComplaintItemForm']"}
  (Session info: chrome=114.0.5735.199); For documentation on this error, please visit: https://www.selenium.dev/documentation/webdriver/troubleshooting/errors#no-such-element-exception
OpenQA.Selenium.NoSuchElementException: no such element: Unable to locate element: {"method":"css selector","selector":"[data-name='ComplaintItemForm']"}
  (Session info: chrome=114.0.5735.199); For documentation on this error, please visit: https://www.selenium.dev/documentation/webdriver/troubleshooting/errors#no-such-element-exception
   at OpenQA.Selenium.WebDriver.UnpackAndThrowOnError(Response errorResponse, String commandToExecute)
   at OpenQA.Selenium.WebDriver.Execute(String driverCommandToExecute, Dictionary`2 parameters)
   at OpenQA.Selenium.WebDriver.FindElement(String mechanism, String value)
   at OpenQA.Selenium.By.<.ctor>b__11_0(ISearchContext context)
   at OpenQA.Selenium.By.FindElement(ISearchContext context)
   at OpenQA.Selenium.WebDriver.FindElement(By by)
   at CianAgencyComplaint.AgencyManager.SendComplaint(IWebDriver driver) in C:\Users\Goga\source\repos\CianAgencyComplaint\AgencyManager.cs:line 283
2023-06-30 06:59:11.057 +08:00 [ERR] Не удалось отправить жалобу: no such element: Unable to locate element: {"method":"css selector","selector":"[data-name='ComplaintItemForm']"}
  (Session info: chrome=114.0.5735.199); For documentation on this error, please visit: https://www.selenium.dev/documentation/webdriver/troubleshooting/errors#no-such-element-exception
OpenQA.Selenium.NoSuchElementException: no such element: Unable to locate element: {"method":"css selector","selector":"[data-name='ComplaintItemForm']"}
  (Session info: chrome=114.0.5735.199); For documentation on this error, please visit: https://www.selenium.dev/documentation/webdriver/troubleshooting/errors#no-such-element-exception
   at OpenQA.Selenium.WebDriver.UnpackAndThrowOnError(Response errorResponse, String commandToExecute)
   at OpenQA.Selenium.WebDriver.Execute(String driverCommandToExecute, Dictionary`2 parameters)
   at OpenQA.Selenium.WebDriver.FindElement(String mechanism, String value)
   at OpenQA.Selenium.By.<.ctor>b__11_0(ISearchContext context)
   at OpenQA.Selenium.By.FindElement(ISearchContext context)
   at OpenQA.Selenium.WebDriver.FindElement(By by)
   at CianAgencyComplaint.AgencyManager.SendComplaint(IWebDriver driver) in C:\Users\Goga\source\repos\CianAgencyComplaint\AgencyManager.cs:line 283
