2023-07-11 19:39:35.451 +08:00 [ERR] Не удалось отправить жалобу: no such element: Unable to locate element: {"method":"css selector","selector":"[data-name='ComplaintItemForm'] textarea[name='message']"}
  (Session info: chrome=114.0.5735.199); For documentation on this error, please visit: https://www.selenium.dev/documentation/webdriver/troubleshooting/errors#no-such-element-exception
OpenQA.Selenium.NoSuchElementException: no such element: Unable to locate element: {"method":"css selector","selector":"[data-name='ComplaintItemForm'] textarea[name='message']"}
  (Session info: chrome=114.0.5735.199); For documentation on this error, please visit: https://www.selenium.dev/documentation/webdriver/troubleshooting/errors#no-such-element-exception
   at OpenQA.Selenium.WebDriver.UnpackAndThrowOnError(Response errorResponse, String commandToExecute)
   at OpenQA.Selenium.WebDriver.Execute(String driverCommandToExecute, Dictionary`2 parameters)
   at OpenQA.Selenium.WebDriver.FindElement(String mechanism, String value)
   at OpenQA.Selenium.By.<.ctor>b__11_0(ISearchContext context)
   at OpenQA.Selenium.By.FindElement(ISearchContext context)
   at OpenQA.Selenium.WebDriver.FindElement(By by)
   at CianAgencyComplaint.AgencyManager.SendComplaintAsync(IWebDriver driver, IWebElement offerCard) in C:\Users\Goga\source\repos\CianAgencyComplaint\AgencyManager.cs:line 332
2023-07-11 19:39:54.775 +08:00 [ERR] Не удалось отправить жалобу: stale element reference: stale element not found
  (Session info: chrome=114.0.5735.199); For documentation on this error, please visit: https://www.selenium.dev/documentation/webdriver/troubleshooting/errors#stale-element-reference-exception
OpenQA.Selenium.StaleElementReferenceException: stale element reference: stale element not found
  (Session info: chrome=114.0.5735.199); For documentation on this error, please visit: https://www.selenium.dev/documentation/webdriver/troubleshooting/errors#stale-element-reference-exception
   at OpenQA.Selenium.WebDriver.UnpackAndThrowOnError(Response errorResponse, String commandToExecute)
   at OpenQA.Selenium.WebDriver.Execute(String driverCommandToExecute, Dictionary`2 parameters)
   at OpenQA.Selenium.WebDriver.InternalExecute(String driverCommandToExecute, Dictionary`2 parameters)
   at OpenQA.Selenium.WebElement.Execute(String commandToExecute, Dictionary`2 parameters)
   at OpenQA.Selenium.WebElement.SendKeys(String text)
   at CianAgencyComplaint.AgencyManager.ClearAndEnterText(IWebElement element, String text) in C:\Users\Goga\source\repos\CianAgencyComplaint\AgencyManager.cs:line 615
   at CianAgencyComplaint.AgencyManager.SendComplaintAsync(IWebDriver driver, IWebElement offerCard) in C:\Users\Goga\source\repos\CianAgencyComplaint\AgencyManager.cs:line 343
2023-07-21 18:07:12.530 +08:00 [ERR] Не удалось получить или кликнуть на элемент - Смотреть все предложения: no such element: Unable to locate element: {"method":"css selector","selector":"[data-ga-action='open_all_offers']"}
  (Session info: chrome=114.0.5735.199); For documentation on this error, please visit: https://www.selenium.dev/documentation/webdriver/troubleshooting/errors#no-such-element-exception
OpenQA.Selenium.NoSuchElementException: no such element: Unable to locate element: {"method":"css selector","selector":"[data-ga-action='open_all_offers']"}
  (Session info: chrome=114.0.5735.199); For documentation on this error, please visit: https://www.selenium.dev/documentation/webdriver/troubleshooting/errors#no-such-element-exception
   at OpenQA.Selenium.WebDriver.UnpackAndThrowOnError(Response errorResponse, String commandToExecute)
   at OpenQA.Selenium.WebDriver.Execute(String driverCommandToExecute, Dictionary`2 parameters)
   at OpenQA.Selenium.WebDriver.FindElement(String mechanism, String value)
   at OpenQA.Selenium.By.<.ctor>b__11_0(ISearchContext context)
   at OpenQA.Selenium.By.FindElement(ISearchContext context)
   at OpenQA.Selenium.WebDriver.FindElement(By by)
   at CianAgencyComplaint.AgencyManager.ClickViewAllOffersLink(IWebDriver driver) in C:\Users\Goga\source\repos\CianAgencyComplaint\AgencyManager.cs:line 537
2023-07-21 18:10:54.380 +08:00 [ERR] Не удалось отправить жалобу: no such element: Unable to locate element: {"method":"css selector","selector":"[data-name='ComplaintItemForm'] textarea[name='message']"}
  (Session info: chrome=114.0.5735.199); For documentation on this error, please visit: https://www.selenium.dev/documentation/webdriver/troubleshooting/errors#no-such-element-exception
OpenQA.Selenium.NoSuchElementException: no such element: Unable to locate element: {"method":"css selector","selector":"[data-name='ComplaintItemForm'] textarea[name='message']"}
  (Session info: chrome=114.0.5735.199); For documentation on this error, please visit: https://www.selenium.dev/documentation/webdriver/troubleshooting/errors#no-such-element-exception
   at OpenQA.Selenium.WebDriver.UnpackAndThrowOnError(Response errorResponse, String commandToExecute)
   at OpenQA.Selenium.WebDriver.Execute(String driverCommandToExecute, Dictionary`2 parameters)
   at OpenQA.Selenium.WebDriver.FindElement(String mechanism, String value)
   at OpenQA.Selenium.By.<.ctor>b__11_0(ISearchContext context)
   at OpenQA.Selenium.By.FindElement(ISearchContext context)
   at OpenQA.Selenium.WebDriver.FindElement(By by)
   at CianAgencyComplaint.AgencyManager.SendComplaintAsync(IWebDriver driver, IWebElement offerCard) in C:\Users\Goga\source\repos\CianAgencyComplaint\AgencyManager.cs:line 332
2023-07-21 18:11:03.960 +08:00 [ERR] Не удалось отправить жалобу: no such element: Unable to locate element: {"method":"css selector","selector":"[data-name='ComplaintItemForm'] textarea[name='message']"}
  (Session info: chrome=114.0.5735.199); For documentation on this error, please visit: https://www.selenium.dev/documentation/webdriver/troubleshooting/errors#no-such-element-exception
OpenQA.Selenium.NoSuchElementException: no such element: Unable to locate element: {"method":"css selector","selector":"[data-name='ComplaintItemForm'] textarea[name='message']"}
  (Session info: chrome=114.0.5735.199); For documentation on this error, please visit: https://www.selenium.dev/documentation/webdriver/troubleshooting/errors#no-such-element-exception
   at OpenQA.Selenium.WebDriver.UnpackAndThrowOnError(Response errorResponse, String commandToExecute)
   at OpenQA.Selenium.WebDriver.Execute(String driverCommandToExecute, Dictionary`2 parameters)
   at OpenQA.Selenium.WebDriver.FindElement(String mechanism, String value)
   at OpenQA.Selenium.By.<.ctor>b__11_0(ISearchContext context)
   at OpenQA.Selenium.By.FindElement(ISearchContext context)
   at OpenQA.Selenium.WebDriver.FindElement(By by)
   at CianAgencyComplaint.AgencyManager.SendComplaintAsync(IWebDriver driver, IWebElement offerCard) in C:\Users\Goga\source\repos\CianAgencyComplaint\AgencyManager.cs:line 332
2023-07-21 18:12:15.674 +08:00 [ERR] Не удалось отправить жалобу: no such element: Unable to locate element: {"method":"css selector","selector":"[data-name='ComplaintItemForm'] textarea[name='message']"}
  (Session info: chrome=114.0.5735.199); For documentation on this error, please visit: https://www.selenium.dev/documentation/webdriver/troubleshooting/errors#no-such-element-exception
OpenQA.Selenium.NoSuchElementException: no such element: Unable to locate element: {"method":"css selector","selector":"[data-name='ComplaintItemForm'] textarea[name='message']"}
  (Session info: chrome=114.0.5735.199); For documentation on this error, please visit: https://www.selenium.dev/documentation/webdriver/troubleshooting/errors#no-such-element-exception
   at OpenQA.Selenium.WebDriver.UnpackAndThrowOnError(Response errorResponse, String commandToExecute)
   at OpenQA.Selenium.WebDriver.Execute(String driverCommandToExecute, Dictionary`2 parameters)
   at OpenQA.Selenium.WebDriver.FindElement(String mechanism, String value)
   at OpenQA.Selenium.By.<.ctor>b__11_0(ISearchContext context)
   at OpenQA.Selenium.By.FindElement(ISearchContext context)
   at OpenQA.Selenium.WebDriver.FindElement(By by)
   at CianAgencyComplaint.AgencyManager.SendComplaintAsync(IWebDriver driver, IWebElement offerCard) in C:\Users\Goga\source\repos\CianAgencyComplaint\AgencyManager.cs:line 332
2023-07-21 18:12:25.218 +08:00 [ERR] Не удалось отправить жалобу: no such element: Unable to locate element: {"method":"css selector","selector":"[data-name='ComplaintItemForm'] textarea[name='message']"}
  (Session info: chrome=114.0.5735.199); For documentation on this error, please visit: https://www.selenium.dev/documentation/webdriver/troubleshooting/errors#no-such-element-exception
OpenQA.Selenium.NoSuchElementException: no such element: Unable to locate element: {"method":"css selector","selector":"[data-name='ComplaintItemForm'] textarea[name='message']"}
  (Session info: chrome=114.0.5735.199); For documentation on this error, please visit: https://www.selenium.dev/documentation/webdriver/troubleshooting/errors#no-such-element-exception
   at OpenQA.Selenium.WebDriver.UnpackAndThrowOnError(Response errorResponse, String commandToExecute)
   at OpenQA.Selenium.WebDriver.Execute(String driverCommandToExecute, Dictionary`2 parameters)
   at OpenQA.Selenium.WebDriver.FindElement(String mechanism, String value)
   at OpenQA.Selenium.By.<.ctor>b__11_0(ISearchContext context)
   at OpenQA.Selenium.By.FindElement(ISearchContext context)
   at OpenQA.Selenium.WebDriver.FindElement(By by)
   at CianAgencyComplaint.AgencyManager.SendComplaintAsync(IWebDriver driver, IWebElement offerCard) in C:\Users\Goga\source\repos\CianAgencyComplaint\AgencyManager.cs:line 332
2023-07-21 20:24:44.387 +08:00 [ERR] Не удалось отправить жалобу: no such element: Unable to locate element: {"method":"css selector","selector":"[data-name='ComplaintItemForm'] textarea[name='message']"}
  (Session info: chrome=114.0.5735.199); For documentation on this error, please visit: https://www.selenium.dev/documentation/webdriver/troubleshooting/errors#no-such-element-exception
OpenQA.Selenium.NoSuchElementException: no such element: Unable to locate element: {"method":"css selector","selector":"[data-name='ComplaintItemForm'] textarea[name='message']"}
  (Session info: chrome=114.0.5735.199); For documentation on this error, please visit: https://www.selenium.dev/documentation/webdriver/troubleshooting/errors#no-such-element-exception
   at OpenQA.Selenium.WebDriver.UnpackAndThrowOnError(Response errorResponse, String commandToExecute)
   at OpenQA.Selenium.WebDriver.Execute(String driverCommandToExecute, Dictionary`2 parameters)
   at OpenQA.Selenium.WebDriver.FindElement(String mechanism, String value)
   at OpenQA.Selenium.By.<.ctor>b__11_0(ISearchContext context)
   at OpenQA.Selenium.By.FindElement(ISearchContext context)
   at OpenQA.Selenium.WebDriver.FindElement(By by)
   at CianAgencyComplaint.AgencyManager.SendComplaintAsync(IWebDriver driver, IWebElement offerCard) in C:\Users\Goga\source\repos\CianAgencyComplaint\AgencyManager.cs:line 332
2023-07-24 12:08:33.493 +08:00 [ERR] Не удалось отправить вставить email: no such element: Unable to locate element: {"method":"css selector","selector":"input[name='email']"}
  (Session info: chrome=114.0.5735.199); For documentation on this error, please visit: https://www.selenium.dev/documentation/webdriver/troubleshooting/errors#no-such-element-exception
OpenQA.Selenium.NoSuchElementException: no such element: Unable to locate element: {"method":"css selector","selector":"input[name='email']"}
  (Session info: chrome=114.0.5735.199); For documentation on this error, please visit: https://www.selenium.dev/documentation/webdriver/troubleshooting/errors#no-such-element-exception
   at OpenQA.Selenium.WebDriver.UnpackAndThrowOnError(Response errorResponse, String commandToExecute)
   at OpenQA.Selenium.WebDriver.Execute(String driverCommandToExecute, Dictionary`2 parameters)
   at OpenQA.Selenium.WebDriver.FindElement(String mechanism, String value)
   at OpenQA.Selenium.By.<.ctor>b__11_0(ISearchContext context)
   at OpenQA.Selenium.By.FindElement(ISearchContext context)
   at OpenQA.Selenium.WebDriver.FindElement(By by)
   at CianAgencyComplaint.AgencyManager.SendComplaintAsync(IWebDriver driver, IWebElement offerCard) in C:\Users\Goga\source\repos\CianAgencyComplaint\AgencyManager.cs:line 370
2023-07-24 12:08:58.583 +08:00 [ERR] Не удалось отправить вставить email: no such element: Unable to locate element: {"method":"css selector","selector":"input[name='email']"}
  (Session info: chrome=114.0.5735.199); For documentation on this error, please visit: https://www.selenium.dev/documentation/webdriver/troubleshooting/errors#no-such-element-exception
OpenQA.Selenium.NoSuchElementException: no such element: Unable to locate element: {"method":"css selector","selector":"input[name='email']"}
  (Session info: chrome=114.0.5735.199); For documentation on this error, please visit: https://www.selenium.dev/documentation/webdriver/troubleshooting/errors#no-such-element-exception
   at OpenQA.Selenium.WebDriver.UnpackAndThrowOnError(Response errorResponse, String commandToExecute)
   at OpenQA.Selenium.WebDriver.Execute(String driverCommandToExecute, Dictionary`2 parameters)
   at OpenQA.Selenium.WebDriver.FindElement(String mechanism, String value)
   at OpenQA.Selenium.By.<.ctor>b__11_0(ISearchContext context)
   at OpenQA.Selenium.By.FindElement(ISearchContext context)
   at OpenQA.Selenium.WebDriver.FindElement(By by)
   at CianAgencyComplaint.AgencyManager.SendComplaintAsync(IWebDriver driver, IWebElement offerCard) in C:\Users\Goga\source\repos\CianAgencyComplaint\AgencyManager.cs:line 370
2023-07-24 12:09:23.724 +08:00 [ERR] Не удалось отправить вставить email: no such element: Unable to locate element: {"method":"css selector","selector":"input[name='email']"}
  (Session info: chrome=114.0.5735.199); For documentation on this error, please visit: https://www.selenium.dev/documentation/webdriver/troubleshooting/errors#no-such-element-exception
OpenQA.Selenium.NoSuchElementException: no such element: Unable to locate element: {"method":"css selector","selector":"input[name='email']"}
  (Session info: chrome=114.0.5735.199); For documentation on this error, please visit: https://www.selenium.dev/documentation/webdriver/troubleshooting/errors#no-such-element-exception
   at OpenQA.Selenium.WebDriver.UnpackAndThrowOnError(Response errorResponse, String commandToExecute)
   at OpenQA.Selenium.WebDriver.Execute(String driverCommandToExecute, Dictionary`2 parameters)
   at OpenQA.Selenium.WebDriver.FindElement(String mechanism, String value)
   at OpenQA.Selenium.By.<.ctor>b__11_0(ISearchContext context)
   at OpenQA.Selenium.By.FindElement(ISearchContext context)
   at OpenQA.Selenium.WebDriver.FindElement(By by)
   at CianAgencyComplaint.AgencyManager.SendComplaintAsync(IWebDriver driver, IWebElement offerCard) in C:\Users\Goga\source\repos\CianAgencyComplaint\AgencyManager.cs:line 370
2023-07-24 12:12:26.816 +08:00 [ERR] Не удалось отправить жалобу: no such element: Unable to locate element: {"method":"css selector","selector":"[data-name='ComplaintItemForm'] textarea[name='message']"}
  (Session info: chrome=114.0.5735.199); For documentation on this error, please visit: https://www.selenium.dev/documentation/webdriver/troubleshooting/errors#no-such-element-exception
OpenQA.Selenium.NoSuchElementException: no such element: Unable to locate element: {"method":"css selector","selector":"[data-name='ComplaintItemForm'] textarea[name='message']"}
  (Session info: chrome=114.0.5735.199); For documentation on this error, please visit: https://www.selenium.dev/documentation/webdriver/troubleshooting/errors#no-such-element-exception
   at OpenQA.Selenium.WebDriver.UnpackAndThrowOnError(Response errorResponse, String commandToExecute)
   at OpenQA.Selenium.WebDriver.Execute(String driverCommandToExecute, Dictionary`2 parameters)
   at OpenQA.Selenium.WebDriver.FindElement(String mechanism, String value)
   at OpenQA.Selenium.By.<.ctor>b__11_0(ISearchContext context)
   at OpenQA.Selenium.By.FindElement(ISearchContext context)
   at OpenQA.Selenium.WebDriver.FindElement(By by)
   at CianAgencyComplaint.AgencyManager.SendComplaintAsync(IWebDriver driver, IWebElement offerCard) in C:\Users\Goga\source\repos\CianAgencyComplaint\AgencyManager.cs:line 332
2023-07-24 12:12:36.344 +08:00 [ERR] Не удалось отправить жалобу: no such element: Unable to locate element: {"method":"css selector","selector":"[data-name='ComplaintItemForm'] textarea[name='message']"}
  (Session info: chrome=114.0.5735.199); For documentation on this error, please visit: https://www.selenium.dev/documentation/webdriver/troubleshooting/errors#no-such-element-exception
OpenQA.Selenium.NoSuchElementException: no such element: Unable to locate element: {"method":"css selector","selector":"[data-name='ComplaintItemForm'] textarea[name='message']"}
  (Session info: chrome=114.0.5735.199); For documentation on this error, please visit: https://www.selenium.dev/documentation/webdriver/troubleshooting/errors#no-such-element-exception
   at OpenQA.Selenium.WebDriver.UnpackAndThrowOnError(Response errorResponse, String commandToExecute)
   at OpenQA.Selenium.WebDriver.Execute(String driverCommandToExecute, Dictionary`2 parameters)
   at OpenQA.Selenium.WebDriver.FindElement(String mechanism, String value)
   at OpenQA.Selenium.By.<.ctor>b__11_0(ISearchContext context)
   at OpenQA.Selenium.By.FindElement(ISearchContext context)
   at OpenQA.Selenium.WebDriver.FindElement(By by)
   at CianAgencyComplaint.AgencyManager.SendComplaintAsync(IWebDriver driver, IWebElement offerCard) in C:\Users\Goga\source\repos\CianAgencyComplaint\AgencyManager.cs:line 332
2023-07-24 12:14:13.369 +08:00 [ERR] Не удалось отправить жалобу: no such element: Unable to locate element: {"method":"css selector","selector":"[data-name='ComplaintItemForm'] textarea[name='message']"}
  (Session info: chrome=114.0.5735.199); For documentation on this error, please visit: https://www.selenium.dev/documentation/webdriver/troubleshooting/errors#no-such-element-exception
OpenQA.Selenium.NoSuchElementException: no such element: Unable to locate element: {"method":"css selector","selector":"[data-name='ComplaintItemForm'] textarea[name='message']"}
  (Session info: chrome=114.0.5735.199); For documentation on this error, please visit: https://www.selenium.dev/documentation/webdriver/troubleshooting/errors#no-such-element-exception
   at OpenQA.Selenium.WebDriver.UnpackAndThrowOnError(Response errorResponse, String commandToExecute)
   at OpenQA.Selenium.WebDriver.Execute(String driverCommandToExecute, Dictionary`2 parameters)
   at OpenQA.Selenium.WebDriver.FindElement(String mechanism, String value)
   at OpenQA.Selenium.By.<.ctor>b__11_0(ISearchContext context)
   at OpenQA.Selenium.By.FindElement(ISearchContext context)
   at OpenQA.Selenium.WebDriver.FindElement(By by)
   at CianAgencyComplaint.AgencyManager.SendComplaintAsync(IWebDriver driver, IWebElement offerCard) in C:\Users\Goga\source\repos\CianAgencyComplaint\AgencyManager.cs:line 332
2023-07-24 12:15:39.475 +08:00 [ERR] Не удалось отправить жалобу: no such element: Unable to locate element: {"method":"css selector","selector":"[data-name='ComplaintItemForm'] textarea[name='message']"}
  (Session info: chrome=114.0.5735.199); For documentation on this error, please visit: https://www.selenium.dev/documentation/webdriver/troubleshooting/errors#no-such-element-exception
OpenQA.Selenium.NoSuchElementException: no such element: Unable to locate element: {"method":"css selector","selector":"[data-name='ComplaintItemForm'] textarea[name='message']"}
  (Session info: chrome=114.0.5735.199); For documentation on this error, please visit: https://www.selenium.dev/documentation/webdriver/troubleshooting/errors#no-such-element-exception
   at OpenQA.Selenium.WebDriver.UnpackAndThrowOnError(Response errorResponse, String commandToExecute)
   at OpenQA.Selenium.WebDriver.Execute(String driverCommandToExecute, Dictionary`2 parameters)
   at OpenQA.Selenium.WebDriver.FindElement(String mechanism, String value)
   at OpenQA.Selenium.By.<.ctor>b__11_0(ISearchContext context)
   at OpenQA.Selenium.By.FindElement(ISearchContext context)
   at OpenQA.Selenium.WebDriver.FindElement(By by)
   at CianAgencyComplaint.AgencyManager.SendComplaintAsync(IWebDriver driver, IWebElement offerCard) in C:\Users\Goga\source\repos\CianAgencyComplaint\AgencyManager.cs:line 332
2023-07-24 12:15:49.006 +08:00 [ERR] Не удалось отправить жалобу: no such element: Unable to locate element: {"method":"css selector","selector":"[data-name='ComplaintItemForm'] textarea[name='message']"}
  (Session info: chrome=114.0.5735.199); For documentation on this error, please visit: https://www.selenium.dev/documentation/webdriver/troubleshooting/errors#no-such-element-exception
OpenQA.Selenium.NoSuchElementException: no such element: Unable to locate element: {"method":"css selector","selector":"[data-name='ComplaintItemForm'] textarea[name='message']"}
  (Session info: chrome=114.0.5735.199); For documentation on this error, please visit: https://www.selenium.dev/documentation/webdriver/troubleshooting/errors#no-such-element-exception
   at OpenQA.Selenium.WebDriver.UnpackAndThrowOnError(Response errorResponse, String commandToExecute)
   at OpenQA.Selenium.WebDriver.Execute(String driverCommandToExecute, Dictionary`2 parameters)
   at OpenQA.Selenium.WebDriver.FindElement(String mechanism, String value)
   at OpenQA.Selenium.By.<.ctor>b__11_0(ISearchContext context)
   at OpenQA.Selenium.By.FindElement(ISearchContext context)
   at OpenQA.Selenium.WebDriver.FindElement(By by)
   at CianAgencyComplaint.AgencyManager.SendComplaintAsync(IWebDriver driver, IWebElement offerCard) in C:\Users\Goga\source\repos\CianAgencyComplaint\AgencyManager.cs:line 332
2023-07-24 12:16:26.939 +08:00 [ERR] Не удалось отправить жалобу: no such element: Unable to locate element: {"method":"css selector","selector":"[data-name='ComplaintItemForm'] textarea[name='message']"}
  (Session info: chrome=114.0.5735.199); For documentation on this error, please visit: https://www.selenium.dev/documentation/webdriver/troubleshooting/errors#no-such-element-exception
OpenQA.Selenium.NoSuchElementException: no such element: Unable to locate element: {"method":"css selector","selector":"[data-name='ComplaintItemForm'] textarea[name='message']"}
  (Session info: chrome=114.0.5735.199); For documentation on this error, please visit: https://www.selenium.dev/documentation/webdriver/troubleshooting/errors#no-such-element-exception
   at OpenQA.Selenium.WebDriver.UnpackAndThrowOnError(Response errorResponse, String commandToExecute)
   at OpenQA.Selenium.WebDriver.Execute(String driverCommandToExecute, Dictionary`2 parameters)
   at OpenQA.Selenium.WebDriver.FindElement(String mechanism, String value)
   at OpenQA.Selenium.By.<.ctor>b__11_0(ISearchContext context)
   at OpenQA.Selenium.By.FindElement(ISearchContext context)
   at OpenQA.Selenium.WebDriver.FindElement(By by)
   at CianAgencyComplaint.AgencyManager.SendComplaintAsync(IWebDriver driver, IWebElement offerCard) in C:\Users\Goga\source\repos\CianAgencyComplaint\AgencyManager.cs:line 332
2023-07-24 12:16:36.479 +08:00 [ERR] Не удалось отправить жалобу: no such element: Unable to locate element: {"method":"css selector","selector":"[data-name='ComplaintItemForm'] textarea[name='message']"}
  (Session info: chrome=114.0.5735.199); For documentation on this error, please visit: https://www.selenium.dev/documentation/webdriver/troubleshooting/errors#no-such-element-exception
OpenQA.Selenium.NoSuchElementException: no such element: Unable to locate element: {"method":"css selector","selector":"[data-name='ComplaintItemForm'] textarea[name='message']"}
  (Session info: chrome=114.0.5735.199); For documentation on this error, please visit: https://www.selenium.dev/documentation/webdriver/troubleshooting/errors#no-such-element-exception
   at OpenQA.Selenium.WebDriver.UnpackAndThrowOnError(Response errorResponse, String commandToExecute)
   at OpenQA.Selenium.WebDriver.Execute(String driverCommandToExecute, Dictionary`2 parameters)
   at OpenQA.Selenium.WebDriver.FindElement(String mechanism, String value)
   at OpenQA.Selenium.By.<.ctor>b__11_0(ISearchContext context)
   at OpenQA.Selenium.By.FindElement(ISearchContext context)
   at OpenQA.Selenium.WebDriver.FindElement(By by)
   at CianAgencyComplaint.AgencyManager.SendComplaintAsync(IWebDriver driver, IWebElement offerCard) in C:\Users\Goga\source\repos\CianAgencyComplaint\AgencyManager.cs:line 332
2023-07-24 12:17:58.579 +08:00 [ERR] Не удалось отправить жалобу: no such element: Unable to locate element: {"method":"css selector","selector":"[data-name='ComplaintItemForm'] textarea[name='message']"}
  (Session info: chrome=114.0.5735.199); For documentation on this error, please visit: https://www.selenium.dev/documentation/webdriver/troubleshooting/errors#no-such-element-exception
OpenQA.Selenium.NoSuchElementException: no such element: Unable to locate element: {"method":"css selector","selector":"[data-name='ComplaintItemForm'] textarea[name='message']"}
  (Session info: chrome=114.0.5735.199); For documentation on this error, please visit: https://www.selenium.dev/documentation/webdriver/troubleshooting/errors#no-such-element-exception
   at OpenQA.Selenium.WebDriver.UnpackAndThrowOnError(Response errorResponse, String commandToExecute)
   at OpenQA.Selenium.WebDriver.Execute(String driverCommandToExecute, Dictionary`2 parameters)
   at OpenQA.Selenium.WebDriver.FindElement(String mechanism, String value)
   at OpenQA.Selenium.By.<.ctor>b__11_0(ISearchContext context)
   at OpenQA.Selenium.By.FindElement(ISearchContext context)
   at OpenQA.Selenium.WebDriver.FindElement(By by)
   at CianAgencyComplaint.AgencyManager.SendComplaintAsync(IWebDriver driver, IWebElement offerCard) in C:\Users\Goga\source\repos\CianAgencyComplaint\AgencyManager.cs:line 332
2023-07-24 12:18:08.257 +08:00 [ERR] Не удалось отправить жалобу: no such element: Unable to locate element: {"method":"css selector","selector":"[data-name='ComplaintItemForm'] textarea[name='message']"}
  (Session info: chrome=114.0.5735.199); For documentation on this error, please visit: https://www.selenium.dev/documentation/webdriver/troubleshooting/errors#no-such-element-exception
OpenQA.Selenium.NoSuchElementException: no such element: Unable to locate element: {"method":"css selector","selector":"[data-name='ComplaintItemForm'] textarea[name='message']"}
  (Session info: chrome=114.0.5735.199); For documentation on this error, please visit: https://www.selenium.dev/documentation/webdriver/troubleshooting/errors#no-such-element-exception
   at OpenQA.Selenium.WebDriver.UnpackAndThrowOnError(Response errorResponse, String commandToExecute)
   at OpenQA.Selenium.WebDriver.Execute(String driverCommandToExecute, Dictionary`2 parameters)
   at OpenQA.Selenium.WebDriver.FindElement(String mechanism, String value)
   at OpenQA.Selenium.By.<.ctor>b__11_0(ISearchContext context)
   at OpenQA.Selenium.By.FindElement(ISearchContext context)
   at OpenQA.Selenium.WebDriver.FindElement(By by)
   at CianAgencyComplaint.AgencyManager.SendComplaintAsync(IWebDriver driver, IWebElement offerCard) in C:\Users\Goga\source\repos\CianAgencyComplaint\AgencyManager.cs:line 332
2023-07-24 12:19:32.014 +08:00 [ERR] Не удалось отправить жалобу: no such element: Unable to locate element: {"method":"css selector","selector":"[data-name='ComplaintItemForm'] textarea[name='message']"}
  (Session info: chrome=114.0.5735.199); For documentation on this error, please visit: https://www.selenium.dev/documentation/webdriver/troubleshooting/errors#no-such-element-exception
OpenQA.Selenium.NoSuchElementException: no such element: Unable to locate element: {"method":"css selector","selector":"[data-name='ComplaintItemForm'] textarea[name='message']"}
  (Session info: chrome=114.0.5735.199); For documentation on this error, please visit: https://www.selenium.dev/documentation/webdriver/troubleshooting/errors#no-such-element-exception
   at OpenQA.Selenium.WebDriver.UnpackAndThrowOnError(Response errorResponse, String commandToExecute)
   at OpenQA.Selenium.WebDriver.Execute(String driverCommandToExecute, Dictionary`2 parameters)
   at OpenQA.Selenium.WebDriver.FindElement(String mechanism, String value)
   at OpenQA.Selenium.By.<.ctor>b__11_0(ISearchContext context)
   at OpenQA.Selenium.By.FindElement(ISearchContext context)
   at OpenQA.Selenium.WebDriver.FindElement(By by)
   at CianAgencyComplaint.AgencyManager.SendComplaintAsync(IWebDriver driver, IWebElement offerCard) in C:\Users\Goga\source\repos\CianAgencyComplaint\AgencyManager.cs:line 332
2023-07-24 12:21:13.086 +08:00 [ERR] Не удалось отправить жалобу: no such element: Unable to locate element: {"method":"css selector","selector":"[data-name='ComplaintItemForm'] textarea[name='message']"}
  (Session info: chrome=114.0.5735.199); For documentation on this error, please visit: https://www.selenium.dev/documentation/webdriver/troubleshooting/errors#no-such-element-exception
OpenQA.Selenium.NoSuchElementException: no such element: Unable to locate element: {"method":"css selector","selector":"[data-name='ComplaintItemForm'] textarea[name='message']"}
  (Session info: chrome=114.0.5735.199); For documentation on this error, please visit: https://www.selenium.dev/documentation/webdriver/troubleshooting/errors#no-such-element-exception
   at OpenQA.Selenium.WebDriver.UnpackAndThrowOnError(Response errorResponse, String commandToExecute)
   at OpenQA.Selenium.WebDriver.Execute(String driverCommandToExecute, Dictionary`2 parameters)
   at OpenQA.Selenium.WebDriver.FindElement(String mechanism, String value)
   at OpenQA.Selenium.By.<.ctor>b__11_0(ISearchContext context)
   at OpenQA.Selenium.By.FindElement(ISearchContext context)
   at OpenQA.Selenium.WebDriver.FindElement(By by)
   at CianAgencyComplaint.AgencyManager.SendComplaintAsync(IWebDriver driver, IWebElement offerCard) in C:\Users\Goga\source\repos\CianAgencyComplaint\AgencyManager.cs:line 332
2023-07-24 12:21:22.639 +08:00 [ERR] Не удалось отправить жалобу: no such element: Unable to locate element: {"method":"css selector","selector":"[data-name='ComplaintItemForm'] textarea[name='message']"}
  (Session info: chrome=114.0.5735.199); For documentation on this error, please visit: https://www.selenium.dev/documentation/webdriver/troubleshooting/errors#no-such-element-exception
OpenQA.Selenium.NoSuchElementException: no such element: Unable to locate element: {"method":"css selector","selector":"[data-name='ComplaintItemForm'] textarea[name='message']"}
  (Session info: chrome=114.0.5735.199); For documentation on this error, please visit: https://www.selenium.dev/documentation/webdriver/troubleshooting/errors#no-such-element-exception
   at OpenQA.Selenium.WebDriver.UnpackAndThrowOnError(Response errorResponse, String commandToExecute)
   at OpenQA.Selenium.WebDriver.Execute(String driverCommandToExecute, Dictionary`2 parameters)
   at OpenQA.Selenium.WebDriver.FindElement(String mechanism, String value)
   at OpenQA.Selenium.By.<.ctor>b__11_0(ISearchContext context)
   at OpenQA.Selenium.By.FindElement(ISearchContext context)
   at OpenQA.Selenium.WebDriver.FindElement(By by)
   at CianAgencyComplaint.AgencyManager.SendComplaintAsync(IWebDriver driver, IWebElement offerCard) in C:\Users\Goga\source\repos\CianAgencyComplaint\AgencyManager.cs:line 332
2023-07-24 12:23:39.693 +08:00 [ERR] Не удалось отправить жалобу: no such element: Unable to locate element: {"method":"css selector","selector":"[data-name='ComplaintItemForm'] textarea[name='message']"}
  (Session info: chrome=114.0.5735.199); For documentation on this error, please visit: https://www.selenium.dev/documentation/webdriver/troubleshooting/errors#no-such-element-exception
OpenQA.Selenium.NoSuchElementException: no such element: Unable to locate element: {"method":"css selector","selector":"[data-name='ComplaintItemForm'] textarea[name='message']"}
  (Session info: chrome=114.0.5735.199); For documentation on this error, please visit: https://www.selenium.dev/documentation/webdriver/troubleshooting/errors#no-such-element-exception
   at OpenQA.Selenium.WebDriver.UnpackAndThrowOnError(Response errorResponse, String commandToExecute)
   at OpenQA.Selenium.WebDriver.Execute(String driverCommandToExecute, Dictionary`2 parameters)
   at OpenQA.Selenium.WebDriver.FindElement(String mechanism, String value)
   at OpenQA.Selenium.By.<.ctor>b__11_0(ISearchContext context)
   at OpenQA.Selenium.By.FindElement(ISearchContext context)
   at OpenQA.Selenium.WebDriver.FindElement(By by)
   at CianAgencyComplaint.AgencyManager.SendComplaintAsync(IWebDriver driver, IWebElement offerCard) in C:\Users\Goga\source\repos\CianAgencyComplaint\AgencyManager.cs:line 332
2023-07-24 12:25:05.840 +08:00 [ERR] Не удалось отправить жалобу: no such element: Unable to locate element: {"method":"css selector","selector":"[data-name='ComplaintItemForm'] textarea[name='message']"}
  (Session info: chrome=114.0.5735.199); For documentation on this error, please visit: https://www.selenium.dev/documentation/webdriver/troubleshooting/errors#no-such-element-exception
OpenQA.Selenium.NoSuchElementException: no such element: Unable to locate element: {"method":"css selector","selector":"[data-name='ComplaintItemForm'] textarea[name='message']"}
  (Session info: chrome=114.0.5735.199); For documentation on this error, please visit: https://www.selenium.dev/documentation/webdriver/troubleshooting/errors#no-such-element-exception
   at OpenQA.Selenium.WebDriver.UnpackAndThrowOnError(Response errorResponse, String commandToExecute)
   at OpenQA.Selenium.WebDriver.Execute(String driverCommandToExecute, Dictionary`2 parameters)
   at OpenQA.Selenium.WebDriver.FindElement(String mechanism, String value)
   at OpenQA.Selenium.By.<.ctor>b__11_0(ISearchContext context)
   at OpenQA.Selenium.By.FindElement(ISearchContext context)
   at OpenQA.Selenium.WebDriver.FindElement(By by)
   at CianAgencyComplaint.AgencyManager.SendComplaintAsync(IWebDriver driver, IWebElement offerCard) in C:\Users\Goga\source\repos\CianAgencyComplaint\AgencyManager.cs:line 332
2023-07-24 12:25:15.362 +08:00 [ERR] Не удалось отправить жалобу: no such element: Unable to locate element: {"method":"css selector","selector":"[data-name='ComplaintItemForm'] textarea[name='message']"}
  (Session info: chrome=114.0.5735.199); For documentation on this error, please visit: https://www.selenium.dev/documentation/webdriver/troubleshooting/errors#no-such-element-exception
OpenQA.Selenium.NoSuchElementException: no such element: Unable to locate element: {"method":"css selector","selector":"[data-name='ComplaintItemForm'] textarea[name='message']"}
  (Session info: chrome=114.0.5735.199); For documentation on this error, please visit: https://www.selenium.dev/documentation/webdriver/troubleshooting/errors#no-such-element-exception
   at OpenQA.Selenium.WebDriver.UnpackAndThrowOnError(Response errorResponse, String commandToExecute)
   at OpenQA.Selenium.WebDriver.Execute(String driverCommandToExecute, Dictionary`2 parameters)
   at OpenQA.Selenium.WebDriver.FindElement(String mechanism, String value)
   at OpenQA.Selenium.By.<.ctor>b__11_0(ISearchContext context)
   at OpenQA.Selenium.By.FindElement(ISearchContext context)
   at OpenQA.Selenium.WebDriver.FindElement(By by)
   at CianAgencyComplaint.AgencyManager.SendComplaintAsync(IWebDriver driver, IWebElement offerCard) in C:\Users\Goga\source\repos\CianAgencyComplaint\AgencyManager.cs:line 332
2023-07-24 12:25:53.683 +08:00 [ERR] Не удалось отправить жалобу: no such element: Unable to locate element: {"method":"css selector","selector":"[data-name='ComplaintItemForm'] textarea[name='message']"}
  (Session info: chrome=114.0.5735.199); For documentation on this error, please visit: https://www.selenium.dev/documentation/webdriver/troubleshooting/errors#no-such-element-exception
OpenQA.Selenium.NoSuchElementException: no such element: Unable to locate element: {"method":"css selector","selector":"[data-name='ComplaintItemForm'] textarea[name='message']"}
  (Session info: chrome=114.0.5735.199); For documentation on this error, please visit: https://www.selenium.dev/documentation/webdriver/troubleshooting/errors#no-such-element-exception
   at OpenQA.Selenium.WebDriver.UnpackAndThrowOnError(Response errorResponse, String commandToExecute)
   at OpenQA.Selenium.WebDriver.Execute(String driverCommandToExecute, Dictionary`2 parameters)
   at OpenQA.Selenium.WebDriver.FindElement(String mechanism, String value)
   at OpenQA.Selenium.By.<.ctor>b__11_0(ISearchContext context)
   at OpenQA.Selenium.By.FindElement(ISearchContext context)
   at OpenQA.Selenium.WebDriver.FindElement(By by)
   at CianAgencyComplaint.AgencyManager.SendComplaintAsync(IWebDriver driver, IWebElement offerCard) in C:\Users\Goga\source\repos\CianAgencyComplaint\AgencyManager.cs:line 332
2023-07-24 12:26:03.334 +08:00 [ERR] Не удалось отправить жалобу: no such element: Unable to locate element: {"method":"css selector","selector":"[data-name='ComplaintItemForm'] textarea[name='message']"}
  (Session info: chrome=114.0.5735.199); For documentation on this error, please visit: https://www.selenium.dev/documentation/webdriver/troubleshooting/errors#no-such-element-exception
OpenQA.Selenium.NoSuchElementException: no such element: Unable to locate element: {"method":"css selector","selector":"[data-name='ComplaintItemForm'] textarea[name='message']"}
  (Session info: chrome=114.0.5735.199); For documentation on this error, please visit: https://www.selenium.dev/documentation/webdriver/troubleshooting/errors#no-such-element-exception
   at OpenQA.Selenium.WebDriver.UnpackAndThrowOnError(Response errorResponse, String commandToExecute)
   at OpenQA.Selenium.WebDriver.Execute(String driverCommandToExecute, Dictionary`2 parameters)
   at OpenQA.Selenium.WebDriver.FindElement(String mechanism, String value)
   at OpenQA.Selenium.By.<.ctor>b__11_0(ISearchContext context)
   at OpenQA.Selenium.By.FindElement(ISearchContext context)
   at OpenQA.Selenium.WebDriver.FindElement(By by)
   at CianAgencyComplaint.AgencyManager.SendComplaintAsync(IWebDriver driver, IWebElement offerCard) in C:\Users\Goga\source\repos\CianAgencyComplaint\AgencyManager.cs:line 332
2023-07-24 12:26:12.899 +08:00 [ERR] Не удалось отправить жалобу: no such element: Unable to locate element: {"method":"css selector","selector":"[data-name='ComplaintItemForm'] textarea[name='message']"}
  (Session info: chrome=114.0.5735.199); For documentation on this error, please visit: https://www.selenium.dev/documentation/webdriver/troubleshooting/errors#no-such-element-exception
OpenQA.Selenium.NoSuchElementException: no such element: Unable to locate element: {"method":"css selector","selector":"[data-name='ComplaintItemForm'] textarea[name='message']"}
  (Session info: chrome=114.0.5735.199); For documentation on this error, please visit: https://www.selenium.dev/documentation/webdriver/troubleshooting/errors#no-such-element-exception
   at OpenQA.Selenium.WebDriver.UnpackAndThrowOnError(Response errorResponse, String commandToExecute)
   at OpenQA.Selenium.WebDriver.Execute(String driverCommandToExecute, Dictionary`2 parameters)
   at OpenQA.Selenium.WebDriver.FindElement(String mechanism, String value)
   at OpenQA.Selenium.By.<.ctor>b__11_0(ISearchContext context)
   at OpenQA.Selenium.By.FindElement(ISearchContext context)
   at OpenQA.Selenium.WebDriver.FindElement(By by)
   at CianAgencyComplaint.AgencyManager.SendComplaintAsync(IWebDriver driver, IWebElement offerCard) in C:\Users\Goga\source\repos\CianAgencyComplaint\AgencyManager.cs:line 332
2023-07-24 12:26:52.060 +08:00 [ERR] Не удалось отправить жалобу: no such element: Unable to locate element: {"method":"css selector","selector":"[data-name='ComplaintItemForm'] textarea[name='message']"}
  (Session info: chrome=114.0.5735.199); For documentation on this error, please visit: https://www.selenium.dev/documentation/webdriver/troubleshooting/errors#no-such-element-exception
OpenQA.Selenium.NoSuchElementException: no such element: Unable to locate element: {"method":"css selector","selector":"[data-name='ComplaintItemForm'] textarea[name='message']"}
  (Session info: chrome=114.0.5735.199); For documentation on this error, please visit: https://www.selenium.dev/documentation/webdriver/troubleshooting/errors#no-such-element-exception
   at OpenQA.Selenium.WebDriver.UnpackAndThrowOnError(Response errorResponse, String commandToExecute)
   at OpenQA.Selenium.WebDriver.Execute(String driverCommandToExecute, Dictionary`2 parameters)
   at OpenQA.Selenium.WebDriver.FindElement(String mechanism, String value)
   at OpenQA.Selenium.By.<.ctor>b__11_0(ISearchContext context)
   at OpenQA.Selenium.By.FindElement(ISearchContext context)
   at OpenQA.Selenium.WebDriver.FindElement(By by)
   at CianAgencyComplaint.AgencyManager.SendComplaintAsync(IWebDriver driver, IWebElement offerCard) in C:\Users\Goga\source\repos\CianAgencyComplaint\AgencyManager.cs:line 332
2023-07-24 12:27:02.257 +08:00 [ERR] Не удалось отправить жалобу: no such window: target window already closed
from unknown error: web view not found
  (Session info: chrome=114.0.5735.199)
OpenQA.Selenium.NoSuchWindowException: no such window: target window already closed
from unknown error: web view not found
  (Session info: chrome=114.0.5735.199)
   at OpenQA.Selenium.WebDriver.UnpackAndThrowOnError(Response errorResponse, String commandToExecute)
   at OpenQA.Selenium.WebDriver.Execute(String driverCommandToExecute, Dictionary`2 parameters)
   at OpenQA.Selenium.WebDriver.FindElement(String mechanism, String value)
   at OpenQA.Selenium.By.<.ctor>b__11_0(ISearchContext context)
   at OpenQA.Selenium.By.FindElement(ISearchContext context)
   at OpenQA.Selenium.WebDriver.FindElement(By by)
   at CianAgencyComplaint.AgencyManager.SendComplaintAsync(IWebDriver driver, IWebElement offerCard) in C:\Users\Goga\source\repos\CianAgencyComplaint\AgencyManager.cs:line 332
2023-07-24 18:17:49.407 +08:00 [ERR] Не удалось отправить вставить email: no such element: Unable to locate element: {"method":"css selector","selector":"input[name='email']"}
  (Session info: chrome=114.0.5735.199); For documentation on this error, please visit: https://www.selenium.dev/documentation/webdriver/troubleshooting/errors#no-such-element-exception
OpenQA.Selenium.NoSuchElementException: no such element: Unable to locate element: {"method":"css selector","selector":"input[name='email']"}
  (Session info: chrome=114.0.5735.199); For documentation on this error, please visit: https://www.selenium.dev/documentation/webdriver/troubleshooting/errors#no-such-element-exception
   at OpenQA.Selenium.WebDriver.UnpackAndThrowOnError(Response errorResponse, String commandToExecute)
   at OpenQA.Selenium.WebDriver.Execute(String driverCommandToExecute, Dictionary`2 parameters)
   at OpenQA.Selenium.WebDriver.FindElement(String mechanism, String value)
   at OpenQA.Selenium.By.<.ctor>b__11_0(ISearchContext context)
   at OpenQA.Selenium.By.FindElement(ISearchContext context)
   at OpenQA.Selenium.WebDriver.FindElement(By by)
   at CianAgencyComplaint.AgencyManager.SendComplaintAsync(IWebDriver driver, IWebElement offerCard) in C:\Users\Goga\source\repos\CianAgencyComplaint\AgencyManager.cs:line 371
2023-07-24 18:18:11.892 +08:00 [ERR] Не удалось отправить жалобу: no such element: Unable to locate element: {"method":"css selector","selector":"[data-name='ComplaintItemForm'] textarea[name='message']"}
  (Session info: chrome=114.0.5735.199); For documentation on this error, please visit: https://www.selenium.dev/documentation/webdriver/troubleshooting/errors#no-such-element-exception
OpenQA.Selenium.NoSuchElementException: no such element: Unable to locate element: {"method":"css selector","selector":"[data-name='ComplaintItemForm'] textarea[name='message']"}
  (Session info: chrome=114.0.5735.199); For documentation on this error, please visit: https://www.selenium.dev/documentation/webdriver/troubleshooting/errors#no-such-element-exception
   at OpenQA.Selenium.WebDriver.UnpackAndThrowOnError(Response errorResponse, String commandToExecute)
   at OpenQA.Selenium.WebDriver.Execute(String driverCommandToExecute, Dictionary`2 parameters)
   at OpenQA.Selenium.WebDriver.FindElement(String mechanism, String value)
   at OpenQA.Selenium.By.<.ctor>b__11_0(ISearchContext context)
   at OpenQA.Selenium.By.FindElement(ISearchContext context)
   at OpenQA.Selenium.WebDriver.FindElement(By by)
   at CianAgencyComplaint.AgencyManager.SendComplaintAsync(IWebDriver driver, IWebElement offerCard) in C:\Users\Goga\source\repos\CianAgencyComplaint\AgencyManager.cs:line 333
2023-07-24 18:18:21.406 +08:00 [ERR] Не удалось отправить жалобу: no such element: Unable to locate element: {"method":"css selector","selector":"[data-name='ComplaintItemForm'] textarea[name='message']"}
  (Session info: chrome=114.0.5735.199); For documentation on this error, please visit: https://www.selenium.dev/documentation/webdriver/troubleshooting/errors#no-such-element-exception
OpenQA.Selenium.NoSuchElementException: no such element: Unable to locate element: {"method":"css selector","selector":"[data-name='ComplaintItemForm'] textarea[name='message']"}
  (Session info: chrome=114.0.5735.199); For documentation on this error, please visit: https://www.selenium.dev/documentation/webdriver/troubleshooting/errors#no-such-element-exception
   at OpenQA.Selenium.WebDriver.UnpackAndThrowOnError(Response errorResponse, String commandToExecute)
   at OpenQA.Selenium.WebDriver.Execute(String driverCommandToExecute, Dictionary`2 parameters)
   at OpenQA.Selenium.WebDriver.FindElement(String mechanism, String value)
   at OpenQA.Selenium.By.<.ctor>b__11_0(ISearchContext context)
   at OpenQA.Selenium.By.FindElement(ISearchContext context)
   at OpenQA.Selenium.WebDriver.FindElement(By by)
   at CianAgencyComplaint.AgencyManager.SendComplaintAsync(IWebDriver driver, IWebElement offerCard) in C:\Users\Goga\source\repos\CianAgencyComplaint\AgencyManager.cs:line 333
2023-07-24 18:18:30.965 +08:00 [ERR] Не удалось отправить жалобу: no such element: Unable to locate element: {"method":"css selector","selector":"[data-name='ComplaintItemForm'] textarea[name='message']"}
  (Session info: chrome=114.0.5735.199); For documentation on this error, please visit: https://www.selenium.dev/documentation/webdriver/troubleshooting/errors#no-such-element-exception
OpenQA.Selenium.NoSuchElementException: no such element: Unable to locate element: {"method":"css selector","selector":"[data-name='ComplaintItemForm'] textarea[name='message']"}
  (Session info: chrome=114.0.5735.199); For documentation on this error, please visit: https://www.selenium.dev/documentation/webdriver/troubleshooting/errors#no-such-element-exception
   at OpenQA.Selenium.WebDriver.UnpackAndThrowOnError(Response errorResponse, String commandToExecute)
   at OpenQA.Selenium.WebDriver.Execute(String driverCommandToExecute, Dictionary`2 parameters)
   at OpenQA.Selenium.WebDriver.FindElement(String mechanism, String value)
   at OpenQA.Selenium.By.<.ctor>b__11_0(ISearchContext context)
   at OpenQA.Selenium.By.FindElement(ISearchContext context)
   at OpenQA.Selenium.WebDriver.FindElement(By by)
   at CianAgencyComplaint.AgencyManager.SendComplaintAsync(IWebDriver driver, IWebElement offerCard) in C:\Users\Goga\source\repos\CianAgencyComplaint\AgencyManager.cs:line 333
2023-07-24 18:19:20.210 +08:00 [ERR] Не удалось отправить жалобу: no such element: Unable to locate element: {"method":"css selector","selector":"[data-name='ComplaintItemForm'] textarea[name='message']"}
  (Session info: chrome=114.0.5735.199); For documentation on this error, please visit: https://www.selenium.dev/documentation/webdriver/troubleshooting/errors#no-such-element-exception
OpenQA.Selenium.NoSuchElementException: no such element: Unable to locate element: {"method":"css selector","selector":"[data-name='ComplaintItemForm'] textarea[name='message']"}
  (Session info: chrome=114.0.5735.199); For documentation on this error, please visit: https://www.selenium.dev/documentation/webdriver/troubleshooting/errors#no-such-element-exception
   at OpenQA.Selenium.WebDriver.UnpackAndThrowOnError(Response errorResponse, String commandToExecute)
   at OpenQA.Selenium.WebDriver.Execute(String driverCommandToExecute, Dictionary`2 parameters)
   at OpenQA.Selenium.WebDriver.FindElement(String mechanism, String value)
   at OpenQA.Selenium.By.<.ctor>b__11_0(ISearchContext context)
   at OpenQA.Selenium.By.FindElement(ISearchContext context)
   at OpenQA.Selenium.WebDriver.FindElement(By by)
   at CianAgencyComplaint.AgencyManager.SendComplaintAsync(IWebDriver driver, IWebElement offerCard) in C:\Users\Goga\source\repos\CianAgencyComplaint\AgencyManager.cs:line 333
2023-07-24 18:22:46.146 +08:00 [ERR] Не удалось отправить жалобу: no such element: Unable to locate element: {"method":"css selector","selector":"[data-name='ComplaintItemForm'] textarea[name='message']"}
  (Session info: chrome=114.0.5735.199); For documentation on this error, please visit: https://www.selenium.dev/documentation/webdriver/troubleshooting/errors#no-such-element-exception
OpenQA.Selenium.NoSuchElementException: no such element: Unable to locate element: {"method":"css selector","selector":"[data-name='ComplaintItemForm'] textarea[name='message']"}
  (Session info: chrome=114.0.5735.199); For documentation on this error, please visit: https://www.selenium.dev/documentation/webdriver/troubleshooting/errors#no-such-element-exception
   at OpenQA.Selenium.WebDriver.UnpackAndThrowOnError(Response errorResponse, String commandToExecute)
   at OpenQA.Selenium.WebDriver.Execute(String driverCommandToExecute, Dictionary`2 parameters)
   at OpenQA.Selenium.WebDriver.FindElement(String mechanism, String value)
   at OpenQA.Selenium.By.<.ctor>b__11_0(ISearchContext context)
   at OpenQA.Selenium.By.FindElement(ISearchContext context)
   at OpenQA.Selenium.WebDriver.FindElement(By by)
   at CianAgencyComplaint.AgencyManager.SendComplaintAsync(IWebDriver driver, IWebElement offerCard) in C:\Users\Goga\source\repos\CianAgencyComplaint\AgencyManager.cs:line 333
2023-07-24 18:24:32.880 +08:00 [ERR] Не удалось отправить жалобу: no such element: Unable to locate element: {"method":"css selector","selector":"[data-name='ComplaintItemForm'] textarea[name='message']"}
  (Session info: chrome=114.0.5735.199); For documentation on this error, please visit: https://www.selenium.dev/documentation/webdriver/troubleshooting/errors#no-such-element-exception
OpenQA.Selenium.NoSuchElementException: no such element: Unable to locate element: {"method":"css selector","selector":"[data-name='ComplaintItemForm'] textarea[name='message']"}
  (Session info: chrome=114.0.5735.199); For documentation on this error, please visit: https://www.selenium.dev/documentation/webdriver/troubleshooting/errors#no-such-element-exception
   at OpenQA.Selenium.WebDriver.UnpackAndThrowOnError(Response errorResponse, String commandToExecute)
   at OpenQA.Selenium.WebDriver.Execute(String driverCommandToExecute, Dictionary`2 parameters)
   at OpenQA.Selenium.WebDriver.FindElement(String mechanism, String value)
   at OpenQA.Selenium.By.<.ctor>b__11_0(ISearchContext context)
   at OpenQA.Selenium.By.FindElement(ISearchContext context)
   at OpenQA.Selenium.WebDriver.FindElement(By by)
   at CianAgencyComplaint.AgencyManager.SendComplaintAsync(IWebDriver driver, IWebElement offerCard) in C:\Users\Goga\source\repos\CianAgencyComplaint\AgencyManager.cs:line 333
2023-07-24 18:28:48.647 +08:00 [ERR] Не удалось отправить жалобу: no such element: Unable to locate element: {"method":"css selector","selector":"[data-name='ComplaintItemForm'] textarea[name='message']"}
  (Session info: chrome=114.0.5735.199); For documentation on this error, please visit: https://www.selenium.dev/documentation/webdriver/troubleshooting/errors#no-such-element-exception
OpenQA.Selenium.NoSuchElementException: no such element: Unable to locate element: {"method":"css selector","selector":"[data-name='ComplaintItemForm'] textarea[name='message']"}
  (Session info: chrome=114.0.5735.199); For documentation on this error, please visit: https://www.selenium.dev/documentation/webdriver/troubleshooting/errors#no-such-element-exception
   at OpenQA.Selenium.WebDriver.UnpackAndThrowOnError(Response errorResponse, String commandToExecute)
   at OpenQA.Selenium.WebDriver.Execute(String driverCommandToExecute, Dictionary`2 parameters)
   at OpenQA.Selenium.WebDriver.FindElement(String mechanism, String value)
   at OpenQA.Selenium.By.<.ctor>b__11_0(ISearchContext context)
   at OpenQA.Selenium.By.FindElement(ISearchContext context)
   at OpenQA.Selenium.WebDriver.FindElement(By by)
   at CianAgencyComplaint.AgencyManager.SendComplaintAsync(IWebDriver driver, IWebElement offerCard) in C:\Users\Goga\source\repos\CianAgencyComplaint\AgencyManager.cs:line 333
2023-07-24 18:28:58.669 +08:00 [ERR] Не удалось отправить жалобу: no such element: Unable to locate element: {"method":"css selector","selector":"[data-name='ComplaintItemForm'] textarea[name='message']"}
  (Session info: chrome=114.0.5735.199); For documentation on this error, please visit: https://www.selenium.dev/documentation/webdriver/troubleshooting/errors#no-such-element-exception
OpenQA.Selenium.NoSuchElementException: no such element: Unable to locate element: {"method":"css selector","selector":"[data-name='ComplaintItemForm'] textarea[name='message']"}
  (Session info: chrome=114.0.5735.199); For documentation on this error, please visit: https://www.selenium.dev/documentation/webdriver/troubleshooting/errors#no-such-element-exception
   at OpenQA.Selenium.WebDriver.UnpackAndThrowOnError(Response errorResponse, String commandToExecute)
   at OpenQA.Selenium.WebDriver.Execute(String driverCommandToExecute, Dictionary`2 parameters)
   at OpenQA.Selenium.WebDriver.FindElement(String mechanism, String value)
   at OpenQA.Selenium.By.<.ctor>b__11_0(ISearchContext context)
   at OpenQA.Selenium.By.FindElement(ISearchContext context)
   at OpenQA.Selenium.WebDriver.FindElement(By by)
   at CianAgencyComplaint.AgencyManager.SendComplaintAsync(IWebDriver driver, IWebElement offerCard) in C:\Users\Goga\source\repos\CianAgencyComplaint\AgencyManager.cs:line 333
2023-07-24 18:29:10.791 +08:00 [ERR] Не удалось отправить вставить email: no such element: Unable to locate element: {"method":"css selector","selector":"input[name='email']"}
  (Session info: chrome=114.0.5735.199); For documentation on this error, please visit: https://www.selenium.dev/documentation/webdriver/troubleshooting/errors#no-such-element-exception
OpenQA.Selenium.NoSuchElementException: no such element: Unable to locate element: {"method":"css selector","selector":"input[name='email']"}
  (Session info: chrome=114.0.5735.199); For documentation on this error, please visit: https://www.selenium.dev/documentation/webdriver/troubleshooting/errors#no-such-element-exception
   at OpenQA.Selenium.WebDriver.UnpackAndThrowOnError(Response errorResponse, String commandToExecute)
   at OpenQA.Selenium.WebDriver.Execute(String driverCommandToExecute, Dictionary`2 parameters)
   at OpenQA.Selenium.WebDriver.FindElement(String mechanism, String value)
   at OpenQA.Selenium.By.<.ctor>b__11_0(ISearchContext context)
   at OpenQA.Selenium.By.FindElement(ISearchContext context)
   at OpenQA.Selenium.WebDriver.FindElement(By by)
   at CianAgencyComplaint.AgencyManager.SendComplaintAsync(IWebDriver driver, IWebElement offerCard) in C:\Users\Goga\source\repos\CianAgencyComplaint\AgencyManager.cs:line 371
2023-07-24 18:29:52.315 +08:00 [ERR] Не удалось отправить вставить email: no such element: Unable to locate element: {"method":"css selector","selector":"input[name='email']"}
  (Session info: chrome=114.0.5735.199); For documentation on this error, please visit: https://www.selenium.dev/documentation/webdriver/troubleshooting/errors#no-such-element-exception
OpenQA.Selenium.NoSuchElementException: no such element: Unable to locate element: {"method":"css selector","selector":"input[name='email']"}
  (Session info: chrome=114.0.5735.199); For documentation on this error, please visit: https://www.selenium.dev/documentation/webdriver/troubleshooting/errors#no-such-element-exception
   at OpenQA.Selenium.WebDriver.UnpackAndThrowOnError(Response errorResponse, String commandToExecute)
   at OpenQA.Selenium.WebDriver.Execute(String driverCommandToExecute, Dictionary`2 parameters)
   at OpenQA.Selenium.WebDriver.FindElement(String mechanism, String value)
   at OpenQA.Selenium.By.<.ctor>b__11_0(ISearchContext context)
   at OpenQA.Selenium.By.FindElement(ISearchContext context)
   at OpenQA.Selenium.WebDriver.FindElement(By by)
   at CianAgencyComplaint.AgencyManager.SendComplaintAsync(IWebDriver driver, IWebElement offerCard) in C:\Users\Goga\source\repos\CianAgencyComplaint\AgencyManager.cs:line 371
2023-07-24 18:30:18.630 +08:00 [ERR] Не удалось отправить жалобу: no such element: Unable to locate element: {"method":"css selector","selector":"[data-name='ComplaintItemForm'] textarea[name='message']"}
  (Session info: chrome=114.0.5735.199); For documentation on this error, please visit: https://www.selenium.dev/documentation/webdriver/troubleshooting/errors#no-such-element-exception
OpenQA.Selenium.NoSuchElementException: no such element: Unable to locate element: {"method":"css selector","selector":"[data-name='ComplaintItemForm'] textarea[name='message']"}
  (Session info: chrome=114.0.5735.199); For documentation on this error, please visit: https://www.selenium.dev/documentation/webdriver/troubleshooting/errors#no-such-element-exception
   at OpenQA.Selenium.WebDriver.UnpackAndThrowOnError(Response errorResponse, String commandToExecute)
   at OpenQA.Selenium.WebDriver.Execute(String driverCommandToExecute, Dictionary`2 parameters)
   at OpenQA.Selenium.WebDriver.FindElement(String mechanism, String value)
   at OpenQA.Selenium.By.<.ctor>b__11_0(ISearchContext context)
   at OpenQA.Selenium.By.FindElement(ISearchContext context)
   at OpenQA.Selenium.WebDriver.FindElement(By by)
   at CianAgencyComplaint.AgencyManager.SendComplaintAsync(IWebDriver driver, IWebElement offerCard) in C:\Users\Goga\source\repos\CianAgencyComplaint\AgencyManager.cs:line 333
2023-07-24 18:30:28.176 +08:00 [ERR] Не удалось отправить жалобу: no such element: Unable to locate element: {"method":"css selector","selector":"[data-name='ComplaintItemForm'] textarea[name='message']"}
  (Session info: chrome=114.0.5735.199); For documentation on this error, please visit: https://www.selenium.dev/documentation/webdriver/troubleshooting/errors#no-such-element-exception
OpenQA.Selenium.NoSuchElementException: no such element: Unable to locate element: {"method":"css selector","selector":"[data-name='ComplaintItemForm'] textarea[name='message']"}
  (Session info: chrome=114.0.5735.199); For documentation on this error, please visit: https://www.selenium.dev/documentation/webdriver/troubleshooting/errors#no-such-element-exception
   at OpenQA.Selenium.WebDriver.UnpackAndThrowOnError(Response errorResponse, String commandToExecute)
   at OpenQA.Selenium.WebDriver.Execute(String driverCommandToExecute, Dictionary`2 parameters)
   at OpenQA.Selenium.WebDriver.FindElement(String mechanism, String value)
   at OpenQA.Selenium.By.<.ctor>b__11_0(ISearchContext context)
   at OpenQA.Selenium.By.FindElement(ISearchContext context)
   at OpenQA.Selenium.WebDriver.FindElement(By by)
   at CianAgencyComplaint.AgencyManager.SendComplaintAsync(IWebDriver driver, IWebElement offerCard) in C:\Users\Goga\source\repos\CianAgencyComplaint\AgencyManager.cs:line 333
2023-07-24 18:32:48.028 +08:00 [ERR] Не удалось отправить жалобу: no such element: Unable to locate element: {"method":"css selector","selector":"[data-name='ComplaintItemForm'] textarea[name='message']"}
  (Session info: chrome=114.0.5735.199); For documentation on this error, please visit: https://www.selenium.dev/documentation/webdriver/troubleshooting/errors#no-such-element-exception
OpenQA.Selenium.NoSuchElementException: no such element: Unable to locate element: {"method":"css selector","selector":"[data-name='ComplaintItemForm'] textarea[name='message']"}
  (Session info: chrome=114.0.5735.199); For documentation on this error, please visit: https://www.selenium.dev/documentation/webdriver/troubleshooting/errors#no-such-element-exception
   at OpenQA.Selenium.WebDriver.UnpackAndThrowOnError(Response errorResponse, String commandToExecute)
   at OpenQA.Selenium.WebDriver.Execute(String driverCommandToExecute, Dictionary`2 parameters)
   at OpenQA.Selenium.WebDriver.FindElement(String mechanism, String value)
   at OpenQA.Selenium.By.<.ctor>b__11_0(ISearchContext context)
   at OpenQA.Selenium.By.FindElement(ISearchContext context)
   at OpenQA.Selenium.WebDriver.FindElement(By by)
   at CianAgencyComplaint.AgencyManager.SendComplaintAsync(IWebDriver driver, IWebElement offerCard) in C:\Users\Goga\source\repos\CianAgencyComplaint\AgencyManager.cs:line 333
2023-07-24 18:36:38.609 +08:00 [ERR] Не удалось отправить жалобу: no such element: Unable to locate element: {"method":"css selector","selector":"[data-name='ComplaintItemForm'] textarea[name='message']"}
  (Session info: chrome=114.0.5735.199); For documentation on this error, please visit: https://www.selenium.dev/documentation/webdriver/troubleshooting/errors#no-such-element-exception
OpenQA.Selenium.NoSuchElementException: no such element: Unable to locate element: {"method":"css selector","selector":"[data-name='ComplaintItemForm'] textarea[name='message']"}
  (Session info: chrome=114.0.5735.199); For documentation on this error, please visit: https://www.selenium.dev/documentation/webdriver/troubleshooting/errors#no-such-element-exception
   at OpenQA.Selenium.WebDriver.UnpackAndThrowOnError(Response errorResponse, String commandToExecute)
   at OpenQA.Selenium.WebDriver.Execute(String driverCommandToExecute, Dictionary`2 parameters)
   at OpenQA.Selenium.WebDriver.FindElement(String mechanism, String value)
   at OpenQA.Selenium.By.<.ctor>b__11_0(ISearchContext context)
   at OpenQA.Selenium.By.FindElement(ISearchContext context)
   at OpenQA.Selenium.WebDriver.FindElement(By by)
   at CianAgencyComplaint.AgencyManager.SendComplaintAsync(IWebDriver driver, IWebElement offerCard) in C:\Users\Goga\source\repos\CianAgencyComplaint\AgencyManager.cs:line 333
2023-07-24 18:38:38.824 +08:00 [ERR] Не удалось отправить жалобу: no such element: Unable to locate element: {"method":"css selector","selector":"[data-name='ComplaintItemForm'] textarea[name='message']"}
  (Session info: chrome=114.0.5735.199); For documentation on this error, please visit: https://www.selenium.dev/documentation/webdriver/troubleshooting/errors#no-such-element-exception
OpenQA.Selenium.NoSuchElementException: no such element: Unable to locate element: {"method":"css selector","selector":"[data-name='ComplaintItemForm'] textarea[name='message']"}
  (Session info: chrome=114.0.5735.199); For documentation on this error, please visit: https://www.selenium.dev/documentation/webdriver/troubleshooting/errors#no-such-element-exception
   at OpenQA.Selenium.WebDriver.UnpackAndThrowOnError(Response errorResponse, String commandToExecute)
   at OpenQA.Selenium.WebDriver.Execute(String driverCommandToExecute, Dictionary`2 parameters)
   at OpenQA.Selenium.WebDriver.FindElement(String mechanism, String value)
   at OpenQA.Selenium.By.<.ctor>b__11_0(ISearchContext context)
   at OpenQA.Selenium.By.FindElement(ISearchContext context)
   at OpenQA.Selenium.WebDriver.FindElement(By by)
   at CianAgencyComplaint.AgencyManager.SendComplaintAsync(IWebDriver driver, IWebElement offerCard) in C:\Users\Goga\source\repos\CianAgencyComplaint\AgencyManager.cs:line 333
2023-07-24 18:41:07.459 +08:00 [ERR] Не удалось отправить жалобу: no such element: Unable to locate element: {"method":"css selector","selector":"[data-name='ComplaintItemForm'] textarea[name='message']"}
  (Session info: chrome=114.0.5735.199); For documentation on this error, please visit: https://www.selenium.dev/documentation/webdriver/troubleshooting/errors#no-such-element-exception
OpenQA.Selenium.NoSuchElementException: no such element: Unable to locate element: {"method":"css selector","selector":"[data-name='ComplaintItemForm'] textarea[name='message']"}
  (Session info: chrome=114.0.5735.199); For documentation on this error, please visit: https://www.selenium.dev/documentation/webdriver/troubleshooting/errors#no-such-element-exception
   at OpenQA.Selenium.WebDriver.UnpackAndThrowOnError(Response errorResponse, String commandToExecute)
   at OpenQA.Selenium.WebDriver.Execute(String driverCommandToExecute, Dictionary`2 parameters)
   at OpenQA.Selenium.WebDriver.FindElement(String mechanism, String value)
   at OpenQA.Selenium.By.<.ctor>b__11_0(ISearchContext context)
   at OpenQA.Selenium.By.FindElement(ISearchContext context)
   at OpenQA.Selenium.WebDriver.FindElement(By by)
   at CianAgencyComplaint.AgencyManager.SendComplaintAsync(IWebDriver driver, IWebElement offerCard) in C:\Users\Goga\source\repos\CianAgencyComplaint\AgencyManager.cs:line 333
2023-07-24 18:42:53.653 +08:00 [ERR] Не удалось отправить жалобу: no such element: Unable to locate element: {"method":"css selector","selector":"[data-name='ComplaintItemForm'] textarea[name='message']"}
  (Session info: chrome=114.0.5735.199); For documentation on this error, please visit: https://www.selenium.dev/documentation/webdriver/troubleshooting/errors#no-such-element-exception
OpenQA.Selenium.NoSuchElementException: no such element: Unable to locate element: {"method":"css selector","selector":"[data-name='ComplaintItemForm'] textarea[name='message']"}
  (Session info: chrome=114.0.5735.199); For documentation on this error, please visit: https://www.selenium.dev/documentation/webdriver/troubleshooting/errors#no-such-element-exception
   at OpenQA.Selenium.WebDriver.UnpackAndThrowOnError(Response errorResponse, String commandToExecute)
   at OpenQA.Selenium.WebDriver.Execute(String driverCommandToExecute, Dictionary`2 parameters)
   at OpenQA.Selenium.WebDriver.FindElement(String mechanism, String value)
   at OpenQA.Selenium.By.<.ctor>b__11_0(ISearchContext context)
   at OpenQA.Selenium.By.FindElement(ISearchContext context)
   at OpenQA.Selenium.WebDriver.FindElement(By by)
   at CianAgencyComplaint.AgencyManager.SendComplaintAsync(IWebDriver driver, IWebElement offerCard) in C:\Users\Goga\source\repos\CianAgencyComplaint\AgencyManager.cs:line 333
2023-07-24 18:43:03.151 +08:00 [ERR] Не удалось отправить жалобу: no such element: Unable to locate element: {"method":"css selector","selector":"[data-name='ComplaintItemForm'] textarea[name='message']"}
  (Session info: chrome=114.0.5735.199); For documentation on this error, please visit: https://www.selenium.dev/documentation/webdriver/troubleshooting/errors#no-such-element-exception
OpenQA.Selenium.NoSuchElementException: no such element: Unable to locate element: {"method":"css selector","selector":"[data-name='ComplaintItemForm'] textarea[name='message']"}
  (Session info: chrome=114.0.5735.199); For documentation on this error, please visit: https://www.selenium.dev/documentation/webdriver/troubleshooting/errors#no-such-element-exception
   at OpenQA.Selenium.WebDriver.UnpackAndThrowOnError(Response errorResponse, String commandToExecute)
   at OpenQA.Selenium.WebDriver.Execute(String driverCommandToExecute, Dictionary`2 parameters)
   at OpenQA.Selenium.WebDriver.FindElement(String mechanism, String value)
   at OpenQA.Selenium.By.<.ctor>b__11_0(ISearchContext context)
   at OpenQA.Selenium.By.FindElement(ISearchContext context)
   at OpenQA.Selenium.WebDriver.FindElement(By by)
   at CianAgencyComplaint.AgencyManager.SendComplaintAsync(IWebDriver driver, IWebElement offerCard) in C:\Users\Goga\source\repos\CianAgencyComplaint\AgencyManager.cs:line 333
2023-07-24 18:43:44.380 +08:00 [ERR] Не удалось отправить жалобу: no such element: Unable to locate element: {"method":"css selector","selector":"[data-name='ComplaintItemForm'] textarea[name='message']"}
  (Session info: chrome=114.0.5735.199); For documentation on this error, please visit: https://www.selenium.dev/documentation/webdriver/troubleshooting/errors#no-such-element-exception
OpenQA.Selenium.NoSuchElementException: no such element: Unable to locate element: {"method":"css selector","selector":"[data-name='ComplaintItemForm'] textarea[name='message']"}
  (Session info: chrome=114.0.5735.199); For documentation on this error, please visit: https://www.selenium.dev/documentation/webdriver/troubleshooting/errors#no-such-element-exception
   at OpenQA.Selenium.WebDriver.UnpackAndThrowOnError(Response errorResponse, String commandToExecute)
   at OpenQA.Selenium.WebDriver.Execute(String driverCommandToExecute, Dictionary`2 parameters)
   at OpenQA.Selenium.WebDriver.FindElement(String mechanism, String value)
   at OpenQA.Selenium.By.<.ctor>b__11_0(ISearchContext context)
   at OpenQA.Selenium.By.FindElement(ISearchContext context)
   at OpenQA.Selenium.WebDriver.FindElement(By by)
   at CianAgencyComplaint.AgencyManager.SendComplaintAsync(IWebDriver driver, IWebElement offerCard) in C:\Users\Goga\source\repos\CianAgencyComplaint\AgencyManager.cs:line 333
2023-07-24 18:45:35.551 +08:00 [ERR] Не удалось отправить жалобу: no such element: Unable to locate element: {"method":"css selector","selector":"[data-name='ComplaintItemForm'] textarea[name='message']"}
  (Session info: chrome=114.0.5735.199); For documentation on this error, please visit: https://www.selenium.dev/documentation/webdriver/troubleshooting/errors#no-such-element-exception
OpenQA.Selenium.NoSuchElementException: no such element: Unable to locate element: {"method":"css selector","selector":"[data-name='ComplaintItemForm'] textarea[name='message']"}
  (Session info: chrome=114.0.5735.199); For documentation on this error, please visit: https://www.selenium.dev/documentation/webdriver/troubleshooting/errors#no-such-element-exception
   at OpenQA.Selenium.WebDriver.UnpackAndThrowOnError(Response errorResponse, String commandToExecute)
   at OpenQA.Selenium.WebDriver.Execute(String driverCommandToExecute, Dictionary`2 parameters)
   at OpenQA.Selenium.WebDriver.FindElement(String mechanism, String value)
   at OpenQA.Selenium.By.<.ctor>b__11_0(ISearchContext context)
   at OpenQA.Selenium.By.FindElement(ISearchContext context)
   at OpenQA.Selenium.WebDriver.FindElement(By by)
   at CianAgencyComplaint.AgencyManager.SendComplaintAsync(IWebDriver driver, IWebElement offerCard) in C:\Users\Goga\source\repos\CianAgencyComplaint\AgencyManager.cs:line 333
2023-07-24 18:45:45.122 +08:00 [ERR] Не удалось отправить жалобу: no such element: Unable to locate element: {"method":"css selector","selector":"[data-name='ComplaintItemForm'] textarea[name='message']"}
  (Session info: chrome=114.0.5735.199); For documentation on this error, please visit: https://www.selenium.dev/documentation/webdriver/troubleshooting/errors#no-such-element-exception
OpenQA.Selenium.NoSuchElementException: no such element: Unable to locate element: {"method":"css selector","selector":"[data-name='ComplaintItemForm'] textarea[name='message']"}
  (Session info: chrome=114.0.5735.199); For documentation on this error, please visit: https://www.selenium.dev/documentation/webdriver/troubleshooting/errors#no-such-element-exception
   at OpenQA.Selenium.WebDriver.UnpackAndThrowOnError(Response errorResponse, String commandToExecute)
   at OpenQA.Selenium.WebDriver.Execute(String driverCommandToExecute, Dictionary`2 parameters)
   at OpenQA.Selenium.WebDriver.FindElement(String mechanism, String value)
   at OpenQA.Selenium.By.<.ctor>b__11_0(ISearchContext context)
   at OpenQA.Selenium.By.FindElement(ISearchContext context)
   at OpenQA.Selenium.WebDriver.FindElement(By by)
   at CianAgencyComplaint.AgencyManager.SendComplaintAsync(IWebDriver driver, IWebElement offerCard) in C:\Users\Goga\source\repos\CianAgencyComplaint\AgencyManager.cs:line 333
2023-07-24 18:46:28.517 +08:00 [ERR] Не удалось отправить жалобу: no such element: Unable to locate element: {"method":"css selector","selector":"[data-name='ComplaintItemForm'] textarea[name='message']"}
  (Session info: chrome=114.0.5735.199); For documentation on this error, please visit: https://www.selenium.dev/documentation/webdriver/troubleshooting/errors#no-such-element-exception
OpenQA.Selenium.NoSuchElementException: no such element: Unable to locate element: {"method":"css selector","selector":"[data-name='ComplaintItemForm'] textarea[name='message']"}
  (Session info: chrome=114.0.5735.199); For documentation on this error, please visit: https://www.selenium.dev/documentation/webdriver/troubleshooting/errors#no-such-element-exception
   at OpenQA.Selenium.WebDriver.UnpackAndThrowOnError(Response errorResponse, String commandToExecute)
   at OpenQA.Selenium.WebDriver.Execute(String driverCommandToExecute, Dictionary`2 parameters)
   at OpenQA.Selenium.WebDriver.FindElement(String mechanism, String value)
   at OpenQA.Selenium.By.<.ctor>b__11_0(ISearchContext context)
   at OpenQA.Selenium.By.FindElement(ISearchContext context)
   at OpenQA.Selenium.WebDriver.FindElement(By by)
   at CianAgencyComplaint.AgencyManager.SendComplaintAsync(IWebDriver driver, IWebElement offerCard) in C:\Users\Goga\source\repos\CianAgencyComplaint\AgencyManager.cs:line 333
2023-07-24 18:46:38.494 +08:00 [ERR] Не удалось отправить жалобу: no such element: Unable to locate element: {"method":"css selector","selector":"[data-name='ComplaintItemForm'] textarea[name='message']"}
  (Session info: chrome=114.0.5735.199); For documentation on this error, please visit: https://www.selenium.dev/documentation/webdriver/troubleshooting/errors#no-such-element-exception
OpenQA.Selenium.NoSuchElementException: no such element: Unable to locate element: {"method":"css selector","selector":"[data-name='ComplaintItemForm'] textarea[name='message']"}
  (Session info: chrome=114.0.5735.199); For documentation on this error, please visit: https://www.selenium.dev/documentation/webdriver/troubleshooting/errors#no-such-element-exception
   at OpenQA.Selenium.WebDriver.UnpackAndThrowOnError(Response errorResponse, String commandToExecute)
   at OpenQA.Selenium.WebDriver.Execute(String driverCommandToExecute, Dictionary`2 parameters)
   at OpenQA.Selenium.WebDriver.FindElement(String mechanism, String value)
   at OpenQA.Selenium.By.<.ctor>b__11_0(ISearchContext context)
   at OpenQA.Selenium.By.FindElement(ISearchContext context)
   at OpenQA.Selenium.WebDriver.FindElement(By by)
   at CianAgencyComplaint.AgencyManager.SendComplaintAsync(IWebDriver driver, IWebElement offerCard) in C:\Users\Goga\source\repos\CianAgencyComplaint\AgencyManager.cs:line 333
2023-07-24 18:46:50.660 +08:00 [ERR] Не удалось отправить вставить email: no such element: Unable to locate element: {"method":"css selector","selector":"input[name='email']"}
  (Session info: chrome=114.0.5735.199); For documentation on this error, please visit: https://www.selenium.dev/documentation/webdriver/troubleshooting/errors#no-such-element-exception
OpenQA.Selenium.NoSuchElementException: no such element: Unable to locate element: {"method":"css selector","selector":"input[name='email']"}
  (Session info: chrome=114.0.5735.199); For documentation on this error, please visit: https://www.selenium.dev/documentation/webdriver/troubleshooting/errors#no-such-element-exception
   at OpenQA.Selenium.WebDriver.UnpackAndThrowOnError(Response errorResponse, String commandToExecute)
   at OpenQA.Selenium.WebDriver.Execute(String driverCommandToExecute, Dictionary`2 parameters)
   at OpenQA.Selenium.WebDriver.FindElement(String mechanism, String value)
   at OpenQA.Selenium.By.<.ctor>b__11_0(ISearchContext context)
   at OpenQA.Selenium.By.FindElement(ISearchContext context)
   at OpenQA.Selenium.WebDriver.FindElement(By by)
   at CianAgencyComplaint.AgencyManager.SendComplaintAsync(IWebDriver driver, IWebElement offerCard) in C:\Users\Goga\source\repos\CianAgencyComplaint\AgencyManager.cs:line 371
2023-07-24 18:47:17.605 +08:00 [ERR] Не удалось отправить жалобу: no such element: Unable to locate element: {"method":"css selector","selector":"[data-name='ComplaintItemForm'] textarea[name='message']"}
  (Session info: chrome=114.0.5735.199); For documentation on this error, please visit: https://www.selenium.dev/documentation/webdriver/troubleshooting/errors#no-such-element-exception
OpenQA.Selenium.NoSuchElementException: no such element: Unable to locate element: {"method":"css selector","selector":"[data-name='ComplaintItemForm'] textarea[name='message']"}
  (Session info: chrome=114.0.5735.199); For documentation on this error, please visit: https://www.selenium.dev/documentation/webdriver/troubleshooting/errors#no-such-element-exception
   at OpenQA.Selenium.WebDriver.UnpackAndThrowOnError(Response errorResponse, String commandToExecute)
   at OpenQA.Selenium.WebDriver.Execute(String driverCommandToExecute, Dictionary`2 parameters)
   at OpenQA.Selenium.WebDriver.FindElement(String mechanism, String value)
   at OpenQA.Selenium.By.<.ctor>b__11_0(ISearchContext context)
   at OpenQA.Selenium.By.FindElement(ISearchContext context)
   at OpenQA.Selenium.WebDriver.FindElement(By by)
   at CianAgencyComplaint.AgencyManager.SendComplaintAsync(IWebDriver driver, IWebElement offerCard) in C:\Users\Goga\source\repos\CianAgencyComplaint\AgencyManager.cs:line 333
2023-07-24 18:49:58.655 +08:00 [ERR] Не удалось отправить жалобу: no such element: Unable to locate element: {"method":"css selector","selector":"[data-name='ComplaintItemForm'] textarea[name='message']"}
  (Session info: chrome=114.0.5735.199); For documentation on this error, please visit: https://www.selenium.dev/documentation/webdriver/troubleshooting/errors#no-such-element-exception
OpenQA.Selenium.NoSuchElementException: no such element: Unable to locate element: {"method":"css selector","selector":"[data-name='ComplaintItemForm'] textarea[name='message']"}
  (Session info: chrome=114.0.5735.199); For documentation on this error, please visit: https://www.selenium.dev/documentation/webdriver/troubleshooting/errors#no-such-element-exception
   at OpenQA.Selenium.WebDriver.UnpackAndThrowOnError(Response errorResponse, String commandToExecute)
   at OpenQA.Selenium.WebDriver.Execute(String driverCommandToExecute, Dictionary`2 parameters)
   at OpenQA.Selenium.WebDriver.FindElement(String mechanism, String value)
   at OpenQA.Selenium.By.<.ctor>b__11_0(ISearchContext context)
   at OpenQA.Selenium.By.FindElement(ISearchContext context)
   at OpenQA.Selenium.WebDriver.FindElement(By by)
   at CianAgencyComplaint.AgencyManager.SendComplaintAsync(IWebDriver driver, IWebElement offerCard) in C:\Users\Goga\source\repos\CianAgencyComplaint\AgencyManager.cs:line 333
2023-07-24 18:50:08.243 +08:00 [ERR] Не удалось отправить жалобу: no such element: Unable to locate element: {"method":"css selector","selector":"[data-name='ComplaintItemForm'] textarea[name='message']"}
  (Session info: chrome=114.0.5735.199); For documentation on this error, please visit: https://www.selenium.dev/documentation/webdriver/troubleshooting/errors#no-such-element-exception
OpenQA.Selenium.NoSuchElementException: no such element: Unable to locate element: {"method":"css selector","selector":"[data-name='ComplaintItemForm'] textarea[name='message']"}
  (Session info: chrome=114.0.5735.199); For documentation on this error, please visit: https://www.selenium.dev/documentation/webdriver/troubleshooting/errors#no-such-element-exception
   at OpenQA.Selenium.WebDriver.UnpackAndThrowOnError(Response errorResponse, String commandToExecute)
   at OpenQA.Selenium.WebDriver.Execute(String driverCommandToExecute, Dictionary`2 parameters)
   at OpenQA.Selenium.WebDriver.FindElement(String mechanism, String value)
   at OpenQA.Selenium.By.<.ctor>b__11_0(ISearchContext context)
   at OpenQA.Selenium.By.FindElement(ISearchContext context)
   at OpenQA.Selenium.WebDriver.FindElement(By by)
   at CianAgencyComplaint.AgencyManager.SendComplaintAsync(IWebDriver driver, IWebElement offerCard) in C:\Users\Goga\source\repos\CianAgencyComplaint\AgencyManager.cs:line 333
2023-07-24 18:50:17.756 +08:00 [ERR] Не удалось отправить жалобу: no such element: Unable to locate element: {"method":"css selector","selector":"[data-name='ComplaintItemForm'] textarea[name='message']"}
  (Session info: chrome=114.0.5735.199); For documentation on this error, please visit: https://www.selenium.dev/documentation/webdriver/troubleshooting/errors#no-such-element-exception
OpenQA.Selenium.NoSuchElementException: no such element: Unable to locate element: {"method":"css selector","selector":"[data-name='ComplaintItemForm'] textarea[name='message']"}
  (Session info: chrome=114.0.5735.199); For documentation on this error, please visit: https://www.selenium.dev/documentation/webdriver/troubleshooting/errors#no-such-element-exception
   at OpenQA.Selenium.WebDriver.UnpackAndThrowOnError(Response errorResponse, String commandToExecute)
   at OpenQA.Selenium.WebDriver.Execute(String driverCommandToExecute, Dictionary`2 parameters)
   at OpenQA.Selenium.WebDriver.FindElement(String mechanism, String value)
   at OpenQA.Selenium.By.<.ctor>b__11_0(ISearchContext context)
   at OpenQA.Selenium.By.FindElement(ISearchContext context)
   at OpenQA.Selenium.WebDriver.FindElement(By by)
   at CianAgencyComplaint.AgencyManager.SendComplaintAsync(IWebDriver driver, IWebElement offerCard) in C:\Users\Goga\source\repos\CianAgencyComplaint\AgencyManager.cs:line 333
2023-07-24 18:51:19.157 +08:00 [ERR] Не удалось отправить вставить email: no such element: Unable to locate element: {"method":"css selector","selector":"input[name='email']"}
  (Session info: chrome=114.0.5735.199); For documentation on this error, please visit: https://www.selenium.dev/documentation/webdriver/troubleshooting/errors#no-such-element-exception
OpenQA.Selenium.NoSuchElementException: no such element: Unable to locate element: {"method":"css selector","selector":"input[name='email']"}
  (Session info: chrome=114.0.5735.199); For documentation on this error, please visit: https://www.selenium.dev/documentation/webdriver/troubleshooting/errors#no-such-element-exception
   at OpenQA.Selenium.WebDriver.UnpackAndThrowOnError(Response errorResponse, String commandToExecute)
   at OpenQA.Selenium.WebDriver.Execute(String driverCommandToExecute, Dictionary`2 parameters)
   at OpenQA.Selenium.WebDriver.FindElement(String mechanism, String value)
   at OpenQA.Selenium.By.<.ctor>b__11_0(ISearchContext context)
   at OpenQA.Selenium.By.FindElement(ISearchContext context)
   at OpenQA.Selenium.WebDriver.FindElement(By by)
   at CianAgencyComplaint.AgencyManager.SendComplaintAsync(IWebDriver driver, IWebElement offerCard) in C:\Users\Goga\source\repos\CianAgencyComplaint\AgencyManager.cs:line 371
2023-07-24 18:51:49.555 +08:00 [ERR] Не удалось отправить жалобу: no such element: Unable to locate element: {"method":"css selector","selector":"[data-name='ComplaintItemForm'] textarea[name='message']"}
  (Session info: chrome=114.0.5735.199); For documentation on this error, please visit: https://www.selenium.dev/documentation/webdriver/troubleshooting/errors#no-such-element-exception
OpenQA.Selenium.NoSuchElementException: no such element: Unable to locate element: {"method":"css selector","selector":"[data-name='ComplaintItemForm'] textarea[name='message']"}
  (Session info: chrome=114.0.5735.199); For documentation on this error, please visit: https://www.selenium.dev/documentation/webdriver/troubleshooting/errors#no-such-element-exception
   at OpenQA.Selenium.WebDriver.UnpackAndThrowOnError(Response errorResponse, String commandToExecute)
   at OpenQA.Selenium.WebDriver.Execute(String driverCommandToExecute, Dictionary`2 parameters)
   at OpenQA.Selenium.WebDriver.FindElement(String mechanism, String value)
   at OpenQA.Selenium.By.<.ctor>b__11_0(ISearchContext context)
   at OpenQA.Selenium.By.FindElement(ISearchContext context)
   at OpenQA.Selenium.WebDriver.FindElement(By by)
   at CianAgencyComplaint.AgencyManager.SendComplaintAsync(IWebDriver driver, IWebElement offerCard) in C:\Users\Goga\source\repos\CianAgencyComplaint\AgencyManager.cs:line 333
2023-07-24 18:51:59.127 +08:00 [ERR] Не удалось отправить жалобу: no such element: Unable to locate element: {"method":"css selector","selector":"[data-name='ComplaintItemForm'] textarea[name='message']"}
  (Session info: chrome=114.0.5735.199); For documentation on this error, please visit: https://www.selenium.dev/documentation/webdriver/troubleshooting/errors#no-such-element-exception
OpenQA.Selenium.NoSuchElementException: no such element: Unable to locate element: {"method":"css selector","selector":"[data-name='ComplaintItemForm'] textarea[name='message']"}
  (Session info: chrome=114.0.5735.199); For documentation on this error, please visit: https://www.selenium.dev/documentation/webdriver/troubleshooting/errors#no-such-element-exception
   at OpenQA.Selenium.WebDriver.UnpackAndThrowOnError(Response errorResponse, String commandToExecute)
   at OpenQA.Selenium.WebDriver.Execute(String driverCommandToExecute, Dictionary`2 parameters)
   at OpenQA.Selenium.WebDriver.FindElement(String mechanism, String value)
   at OpenQA.Selenium.By.<.ctor>b__11_0(ISearchContext context)
   at OpenQA.Selenium.By.FindElement(ISearchContext context)
   at OpenQA.Selenium.WebDriver.FindElement(By by)
   at CianAgencyComplaint.AgencyManager.SendComplaintAsync(IWebDriver driver, IWebElement offerCard) in C:\Users\Goga\source\repos\CianAgencyComplaint\AgencyManager.cs:line 333
2023-07-24 18:55:48.004 +08:00 [ERR] Не удалось отправить вставить email: no such element: Unable to locate element: {"method":"css selector","selector":"input[name='email']"}
  (Session info: chrome=114.0.5735.199); For documentation on this error, please visit: https://www.selenium.dev/documentation/webdriver/troubleshooting/errors#no-such-element-exception
OpenQA.Selenium.NoSuchElementException: no such element: Unable to locate element: {"method":"css selector","selector":"input[name='email']"}
  (Session info: chrome=114.0.5735.199); For documentation on this error, please visit: https://www.selenium.dev/documentation/webdriver/troubleshooting/errors#no-such-element-exception
   at OpenQA.Selenium.WebDriver.UnpackAndThrowOnError(Response errorResponse, String commandToExecute)
   at OpenQA.Selenium.WebDriver.Execute(String driverCommandToExecute, Dictionary`2 parameters)
   at OpenQA.Selenium.WebDriver.FindElement(String mechanism, String value)
   at OpenQA.Selenium.By.<.ctor>b__11_0(ISearchContext context)
   at OpenQA.Selenium.By.FindElement(ISearchContext context)
   at OpenQA.Selenium.WebDriver.FindElement(By by)
   at CianAgencyComplaint.AgencyManager.SendComplaintAsync(IWebDriver driver, IWebElement offerCard) in C:\Users\Goga\source\repos\CianAgencyComplaint\AgencyManager.cs:line 371
2023-07-24 18:56:26.316 +08:00 [ERR] Не удалось отправить жалобу: no such element: Unable to locate element: {"method":"css selector","selector":"[data-name='ComplaintItemForm'] textarea[name='message']"}
  (Session info: chrome=114.0.5735.199); For documentation on this error, please visit: https://www.selenium.dev/documentation/webdriver/troubleshooting/errors#no-such-element-exception
OpenQA.Selenium.NoSuchElementException: no such element: Unable to locate element: {"method":"css selector","selector":"[data-name='ComplaintItemForm'] textarea[name='message']"}
  (Session info: chrome=114.0.5735.199); For documentation on this error, please visit: https://www.selenium.dev/documentation/webdriver/troubleshooting/errors#no-such-element-exception
   at OpenQA.Selenium.WebDriver.UnpackAndThrowOnError(Response errorResponse, String commandToExecute)
   at OpenQA.Selenium.WebDriver.Execute(String driverCommandToExecute, Dictionary`2 parameters)
   at OpenQA.Selenium.WebDriver.FindElement(String mechanism, String value)
   at OpenQA.Selenium.By.<.ctor>b__11_0(ISearchContext context)
   at OpenQA.Selenium.By.FindElement(ISearchContext context)
   at OpenQA.Selenium.WebDriver.FindElement(By by)
   at CianAgencyComplaint.AgencyManager.SendComplaintAsync(IWebDriver driver, IWebElement offerCard) in C:\Users\Goga\source\repos\CianAgencyComplaint\AgencyManager.cs:line 333
2023-07-24 18:56:35.894 +08:00 [ERR] Не удалось отправить жалобу: no such element: Unable to locate element: {"method":"css selector","selector":"[data-name='ComplaintItemForm'] textarea[name='message']"}
  (Session info: chrome=114.0.5735.199); For documentation on this error, please visit: https://www.selenium.dev/documentation/webdriver/troubleshooting/errors#no-such-element-exception
OpenQA.Selenium.NoSuchElementException: no such element: Unable to locate element: {"method":"css selector","selector":"[data-name='ComplaintItemForm'] textarea[name='message']"}
  (Session info: chrome=114.0.5735.199); For documentation on this error, please visit: https://www.selenium.dev/documentation/webdriver/troubleshooting/errors#no-such-element-exception
   at OpenQA.Selenium.WebDriver.UnpackAndThrowOnError(Response errorResponse, String commandToExecute)
   at OpenQA.Selenium.WebDriver.Execute(String driverCommandToExecute, Dictionary`2 parameters)
   at OpenQA.Selenium.WebDriver.FindElement(String mechanism, String value)
   at OpenQA.Selenium.By.<.ctor>b__11_0(ISearchContext context)
   at OpenQA.Selenium.By.FindElement(ISearchContext context)
   at OpenQA.Selenium.WebDriver.FindElement(By by)
   at CianAgencyComplaint.AgencyManager.SendComplaintAsync(IWebDriver driver, IWebElement offerCard) in C:\Users\Goga\source\repos\CianAgencyComplaint\AgencyManager.cs:line 333
2023-07-24 18:58:09.947 +08:00 [ERR] Не удалось отправить жалобу: no such element: Unable to locate element: {"method":"css selector","selector":"[data-name='ComplaintItemForm'] textarea[name='message']"}
  (Session info: chrome=114.0.5735.199); For documentation on this error, please visit: https://www.selenium.dev/documentation/webdriver/troubleshooting/errors#no-such-element-exception
OpenQA.Selenium.NoSuchElementException: no such element: Unable to locate element: {"method":"css selector","selector":"[data-name='ComplaintItemForm'] textarea[name='message']"}
  (Session info: chrome=114.0.5735.199); For documentation on this error, please visit: https://www.selenium.dev/documentation/webdriver/troubleshooting/errors#no-such-element-exception
   at OpenQA.Selenium.WebDriver.UnpackAndThrowOnError(Response errorResponse, String commandToExecute)
   at OpenQA.Selenium.WebDriver.Execute(String driverCommandToExecute, Dictionary`2 parameters)
   at OpenQA.Selenium.WebDriver.FindElement(String mechanism, String value)
   at OpenQA.Selenium.By.<.ctor>b__11_0(ISearchContext context)
   at OpenQA.Selenium.By.FindElement(ISearchContext context)
   at OpenQA.Selenium.WebDriver.FindElement(By by)
   at CianAgencyComplaint.AgencyManager.SendComplaintAsync(IWebDriver driver, IWebElement offerCard) in C:\Users\Goga\source\repos\CianAgencyComplaint\AgencyManager.cs:line 333
2023-07-24 18:59:21.471 +08:00 [ERR] Не удалось отправить жалобу: no such element: Unable to locate element: {"method":"css selector","selector":"[data-name='ComplaintItemForm'] textarea[name='message']"}
  (Session info: chrome=114.0.5735.199); For documentation on this error, please visit: https://www.selenium.dev/documentation/webdriver/troubleshooting/errors#no-such-element-exception
OpenQA.Selenium.NoSuchElementException: no such element: Unable to locate element: {"method":"css selector","selector":"[data-name='ComplaintItemForm'] textarea[name='message']"}
  (Session info: chrome=114.0.5735.199); For documentation on this error, please visit: https://www.selenium.dev/documentation/webdriver/troubleshooting/errors#no-such-element-exception
   at OpenQA.Selenium.WebDriver.UnpackAndThrowOnError(Response errorResponse, String commandToExecute)
   at OpenQA.Selenium.WebDriver.Execute(String driverCommandToExecute, Dictionary`2 parameters)
   at OpenQA.Selenium.WebDriver.FindElement(String mechanism, String value)
   at OpenQA.Selenium.By.<.ctor>b__11_0(ISearchContext context)
   at OpenQA.Selenium.By.FindElement(ISearchContext context)
   at OpenQA.Selenium.WebDriver.FindElement(By by)
   at CianAgencyComplaint.AgencyManager.SendComplaintAsync(IWebDriver driver, IWebElement offerCard) in C:\Users\Goga\source\repos\CianAgencyComplaint\AgencyManager.cs:line 333
2023-07-24 18:59:31.286 +08:00 [ERR] Не удалось отправить жалобу: no such element: Unable to locate element: {"method":"css selector","selector":"[data-name='ComplaintItemForm'] textarea[name='message']"}
  (Session info: chrome=114.0.5735.199); For documentation on this error, please visit: https://www.selenium.dev/documentation/webdriver/troubleshooting/errors#no-such-element-exception
OpenQA.Selenium.NoSuchElementException: no such element: Unable to locate element: {"method":"css selector","selector":"[data-name='ComplaintItemForm'] textarea[name='message']"}
  (Session info: chrome=114.0.5735.199); For documentation on this error, please visit: https://www.selenium.dev/documentation/webdriver/troubleshooting/errors#no-such-element-exception
   at OpenQA.Selenium.WebDriver.UnpackAndThrowOnError(Response errorResponse, String commandToExecute)
   at OpenQA.Selenium.WebDriver.Execute(String driverCommandToExecute, Dictionary`2 parameters)
   at OpenQA.Selenium.WebDriver.FindElement(String mechanism, String value)
   at OpenQA.Selenium.By.<.ctor>b__11_0(ISearchContext context)
   at OpenQA.Selenium.By.FindElement(ISearchContext context)
   at OpenQA.Selenium.WebDriver.FindElement(By by)
   at CianAgencyComplaint.AgencyManager.SendComplaintAsync(IWebDriver driver, IWebElement offerCard) in C:\Users\Goga\source\repos\CianAgencyComplaint\AgencyManager.cs:line 333
2023-07-24 18:59:43.411 +08:00 [ERR] Не удалось отправить вставить email: no such element: Unable to locate element: {"method":"css selector","selector":"input[name='email']"}
  (Session info: chrome=114.0.5735.199); For documentation on this error, please visit: https://www.selenium.dev/documentation/webdriver/troubleshooting/errors#no-such-element-exception
OpenQA.Selenium.NoSuchElementException: no such element: Unable to locate element: {"method":"css selector","selector":"input[name='email']"}
  (Session info: chrome=114.0.5735.199); For documentation on this error, please visit: https://www.selenium.dev/documentation/webdriver/troubleshooting/errors#no-such-element-exception
   at OpenQA.Selenium.WebDriver.UnpackAndThrowOnError(Response errorResponse, String commandToExecute)
   at OpenQA.Selenium.WebDriver.Execute(String driverCommandToExecute, Dictionary`2 parameters)
   at OpenQA.Selenium.WebDriver.FindElement(String mechanism, String value)
   at OpenQA.Selenium.By.<.ctor>b__11_0(ISearchContext context)
   at OpenQA.Selenium.By.FindElement(ISearchContext context)
   at OpenQA.Selenium.WebDriver.FindElement(By by)
   at CianAgencyComplaint.AgencyManager.SendComplaintAsync(IWebDriver driver, IWebElement offerCard) in C:\Users\Goga\source\repos\CianAgencyComplaint\AgencyManager.cs:line 371
2023-07-24 19:00:09.697 +08:00 [ERR] Не удалось отправить жалобу: no such element: Unable to locate element: {"method":"css selector","selector":"[data-name='ComplaintItemForm'] textarea[name='message']"}
  (Session info: chrome=114.0.5735.199); For documentation on this error, please visit: https://www.selenium.dev/documentation/webdriver/troubleshooting/errors#no-such-element-exception
OpenQA.Selenium.NoSuchElementException: no such element: Unable to locate element: {"method":"css selector","selector":"[data-name='ComplaintItemForm'] textarea[name='message']"}
  (Session info: chrome=114.0.5735.199); For documentation on this error, please visit: https://www.selenium.dev/documentation/webdriver/troubleshooting/errors#no-such-element-exception
   at OpenQA.Selenium.WebDriver.UnpackAndThrowOnError(Response errorResponse, String commandToExecute)
   at OpenQA.Selenium.WebDriver.Execute(String driverCommandToExecute, Dictionary`2 parameters)
   at OpenQA.Selenium.WebDriver.FindElement(String mechanism, String value)
   at OpenQA.Selenium.By.<.ctor>b__11_0(ISearchContext context)
   at OpenQA.Selenium.By.FindElement(ISearchContext context)
   at OpenQA.Selenium.WebDriver.FindElement(By by)
   at CianAgencyComplaint.AgencyManager.SendComplaintAsync(IWebDriver driver, IWebElement offerCard) in C:\Users\Goga\source\repos\CianAgencyComplaint\AgencyManager.cs:line 333
2023-07-24 19:00:19.312 +08:00 [ERR] Не удалось отправить жалобу: no such element: Unable to locate element: {"method":"css selector","selector":"[data-name='ComplaintItemForm'] textarea[name='message']"}
  (Session info: chrome=114.0.5735.199); For documentation on this error, please visit: https://www.selenium.dev/documentation/webdriver/troubleshooting/errors#no-such-element-exception
OpenQA.Selenium.NoSuchElementException: no such element: Unable to locate element: {"method":"css selector","selector":"[data-name='ComplaintItemForm'] textarea[name='message']"}
  (Session info: chrome=114.0.5735.199); For documentation on this error, please visit: https://www.selenium.dev/documentation/webdriver/troubleshooting/errors#no-such-element-exception
   at OpenQA.Selenium.WebDriver.UnpackAndThrowOnError(Response errorResponse, String commandToExecute)
   at OpenQA.Selenium.WebDriver.Execute(String driverCommandToExecute, Dictionary`2 parameters)
   at OpenQA.Selenium.WebDriver.FindElement(String mechanism, String value)
   at OpenQA.Selenium.By.<.ctor>b__11_0(ISearchContext context)
   at OpenQA.Selenium.By.FindElement(ISearchContext context)
   at OpenQA.Selenium.WebDriver.FindElement(By by)
   at CianAgencyComplaint.AgencyManager.SendComplaintAsync(IWebDriver driver, IWebElement offerCard) in C:\Users\Goga\source\repos\CianAgencyComplaint\AgencyManager.cs:line 333
2023-07-24 19:02:59.772 +08:00 [ERR] Не удалось отправить жалобу: no such element: Unable to locate element: {"method":"css selector","selector":"[data-name='ComplaintItemForm'] textarea[name='message']"}
  (Session info: chrome=114.0.5735.199); For documentation on this error, please visit: https://www.selenium.dev/documentation/webdriver/troubleshooting/errors#no-such-element-exception
OpenQA.Selenium.NoSuchElementException: no such element: Unable to locate element: {"method":"css selector","selector":"[data-name='ComplaintItemForm'] textarea[name='message']"}
  (Session info: chrome=114.0.5735.199); For documentation on this error, please visit: https://www.selenium.dev/documentation/webdriver/troubleshooting/errors#no-such-element-exception
   at OpenQA.Selenium.WebDriver.UnpackAndThrowOnError(Response errorResponse, String commandToExecute)
   at OpenQA.Selenium.WebDriver.Execute(String driverCommandToExecute, Dictionary`2 parameters)
   at OpenQA.Selenium.WebDriver.FindElement(String mechanism, String value)
   at OpenQA.Selenium.By.<.ctor>b__11_0(ISearchContext context)
   at OpenQA.Selenium.By.FindElement(ISearchContext context)
   at OpenQA.Selenium.WebDriver.FindElement(By by)
   at CianAgencyComplaint.AgencyManager.SendComplaintAsync(IWebDriver driver, IWebElement offerCard) in C:\Users\Goga\source\repos\CianAgencyComplaint\AgencyManager.cs:line 333
2023-07-24 19:06:35.435 +08:00 [ERR] Не удалось отправить жалобу: no such element: Unable to locate element: {"method":"css selector","selector":"[data-name='ComplaintItemForm'] textarea[name='message']"}
  (Session info: chrome=114.0.5735.199); For documentation on this error, please visit: https://www.selenium.dev/documentation/webdriver/troubleshooting/errors#no-such-element-exception
OpenQA.Selenium.NoSuchElementException: no such element: Unable to locate element: {"method":"css selector","selector":"[data-name='ComplaintItemForm'] textarea[name='message']"}
  (Session info: chrome=114.0.5735.199); For documentation on this error, please visit: https://www.selenium.dev/documentation/webdriver/troubleshooting/errors#no-such-element-exception
   at OpenQA.Selenium.WebDriver.UnpackAndThrowOnError(Response errorResponse, String commandToExecute)
   at OpenQA.Selenium.WebDriver.Execute(String driverCommandToExecute, Dictionary`2 parameters)
   at OpenQA.Selenium.WebDriver.FindElement(String mechanism, String value)
   at OpenQA.Selenium.By.<.ctor>b__11_0(ISearchContext context)
   at OpenQA.Selenium.By.FindElement(ISearchContext context)
   at OpenQA.Selenium.WebDriver.FindElement(By by)
   at CianAgencyComplaint.AgencyManager.SendComplaintAsync(IWebDriver driver, IWebElement offerCard) in C:\Users\Goga\source\repos\CianAgencyComplaint\AgencyManager.cs:line 333
2023-07-24 19:09:48.712 +08:00 [ERR] Не удалось отправить жалобу: no such element: Unable to locate element: {"method":"css selector","selector":"[data-name='ComplaintItemForm'] textarea[name='message']"}
  (Session info: chrome=114.0.5735.199); For documentation on this error, please visit: https://www.selenium.dev/documentation/webdriver/troubleshooting/errors#no-such-element-exception
OpenQA.Selenium.NoSuchElementException: no such element: Unable to locate element: {"method":"css selector","selector":"[data-name='ComplaintItemForm'] textarea[name='message']"}
  (Session info: chrome=114.0.5735.199); For documentation on this error, please visit: https://www.selenium.dev/documentation/webdriver/troubleshooting/errors#no-such-element-exception
   at OpenQA.Selenium.WebDriver.UnpackAndThrowOnError(Response errorResponse, String commandToExecute)
   at OpenQA.Selenium.WebDriver.Execute(String driverCommandToExecute, Dictionary`2 parameters)
   at OpenQA.Selenium.WebDriver.FindElement(String mechanism, String value)
   at OpenQA.Selenium.By.<.ctor>b__11_0(ISearchContext context)
   at OpenQA.Selenium.By.FindElement(ISearchContext context)
   at OpenQA.Selenium.WebDriver.FindElement(By by)
   at CianAgencyComplaint.AgencyManager.SendComplaintAsync(IWebDriver driver, IWebElement offerCard) in C:\Users\Goga\source\repos\CianAgencyComplaint\AgencyManager.cs:line 333
2023-07-24 19:11:23.401 +08:00 [ERR] Не удалось отправить жалобу: no such element: Unable to locate element: {"method":"css selector","selector":"[data-name='ComplaintItemForm'] textarea[name='message']"}
  (Session info: chrome=114.0.5735.199); For documentation on this error, please visit: https://www.selenium.dev/documentation/webdriver/troubleshooting/errors#no-such-element-exception
OpenQA.Selenium.NoSuchElementException: no such element: Unable to locate element: {"method":"css selector","selector":"[data-name='ComplaintItemForm'] textarea[name='message']"}
  (Session info: chrome=114.0.5735.199); For documentation on this error, please visit: https://www.selenium.dev/documentation/webdriver/troubleshooting/errors#no-such-element-exception
   at OpenQA.Selenium.WebDriver.UnpackAndThrowOnError(Response errorResponse, String commandToExecute)
   at OpenQA.Selenium.WebDriver.Execute(String driverCommandToExecute, Dictionary`2 parameters)
   at OpenQA.Selenium.WebDriver.FindElement(String mechanism, String value)
   at OpenQA.Selenium.By.<.ctor>b__11_0(ISearchContext context)
   at OpenQA.Selenium.By.FindElement(ISearchContext context)
   at OpenQA.Selenium.WebDriver.FindElement(By by)
   at CianAgencyComplaint.AgencyManager.SendComplaintAsync(IWebDriver driver, IWebElement offerCard) in C:\Users\Goga\source\repos\CianAgencyComplaint\AgencyManager.cs:line 333
2023-07-24 19:12:56.873 +08:00 [ERR] Не удалось отправить жалобу: no such element: Unable to locate element: {"method":"css selector","selector":"[data-name='ComplaintItemForm'] textarea[name='message']"}
  (Session info: chrome=114.0.5735.199); For documentation on this error, please visit: https://www.selenium.dev/documentation/webdriver/troubleshooting/errors#no-such-element-exception
OpenQA.Selenium.NoSuchElementException: no such element: Unable to locate element: {"method":"css selector","selector":"[data-name='ComplaintItemForm'] textarea[name='message']"}
  (Session info: chrome=114.0.5735.199); For documentation on this error, please visit: https://www.selenium.dev/documentation/webdriver/troubleshooting/errors#no-such-element-exception
   at OpenQA.Selenium.WebDriver.UnpackAndThrowOnError(Response errorResponse, String commandToExecute)
   at OpenQA.Selenium.WebDriver.Execute(String driverCommandToExecute, Dictionary`2 parameters)
   at OpenQA.Selenium.WebDriver.FindElement(String mechanism, String value)
   at OpenQA.Selenium.By.<.ctor>b__11_0(ISearchContext context)
   at OpenQA.Selenium.By.FindElement(ISearchContext context)
   at OpenQA.Selenium.WebDriver.FindElement(By by)
   at CianAgencyComplaint.AgencyManager.SendComplaintAsync(IWebDriver driver, IWebElement offerCard) in C:\Users\Goga\source\repos\CianAgencyComplaint\AgencyManager.cs:line 333
2023-07-24 19:13:06.416 +08:00 [ERR] Не удалось отправить жалобу: no such element: Unable to locate element: {"method":"css selector","selector":"[data-name='ComplaintItemForm'] textarea[name='message']"}
  (Session info: chrome=114.0.5735.199); For documentation on this error, please visit: https://www.selenium.dev/documentation/webdriver/troubleshooting/errors#no-such-element-exception
OpenQA.Selenium.NoSuchElementException: no such element: Unable to locate element: {"method":"css selector","selector":"[data-name='ComplaintItemForm'] textarea[name='message']"}
  (Session info: chrome=114.0.5735.199); For documentation on this error, please visit: https://www.selenium.dev/documentation/webdriver/troubleshooting/errors#no-such-element-exception
   at OpenQA.Selenium.WebDriver.UnpackAndThrowOnError(Response errorResponse, String commandToExecute)
   at OpenQA.Selenium.WebDriver.Execute(String driverCommandToExecute, Dictionary`2 parameters)
   at OpenQA.Selenium.WebDriver.FindElement(String mechanism, String value)
   at OpenQA.Selenium.By.<.ctor>b__11_0(ISearchContext context)
   at OpenQA.Selenium.By.FindElement(ISearchContext context)
   at OpenQA.Selenium.WebDriver.FindElement(By by)
   at CianAgencyComplaint.AgencyManager.SendComplaintAsync(IWebDriver driver, IWebElement offerCard) in C:\Users\Goga\source\repos\CianAgencyComplaint\AgencyManager.cs:line 333
2023-07-24 19:13:15.949 +08:00 [ERR] Не удалось отправить жалобу: no such element: Unable to locate element: {"method":"css selector","selector":"[data-name='ComplaintItemForm'] textarea[name='message']"}
  (Session info: chrome=114.0.5735.199); For documentation on this error, please visit: https://www.selenium.dev/documentation/webdriver/troubleshooting/errors#no-such-element-exception
OpenQA.Selenium.NoSuchElementException: no such element: Unable to locate element: {"method":"css selector","selector":"[data-name='ComplaintItemForm'] textarea[name='message']"}
  (Session info: chrome=114.0.5735.199); For documentation on this error, please visit: https://www.selenium.dev/documentation/webdriver/troubleshooting/errors#no-such-element-exception
   at OpenQA.Selenium.WebDriver.UnpackAndThrowOnError(Response errorResponse, String commandToExecute)
   at OpenQA.Selenium.WebDriver.Execute(String driverCommandToExecute, Dictionary`2 parameters)
   at OpenQA.Selenium.WebDriver.FindElement(String mechanism, String value)
   at OpenQA.Selenium.By.<.ctor>b__11_0(ISearchContext context)
   at OpenQA.Selenium.By.FindElement(ISearchContext context)
   at OpenQA.Selenium.WebDriver.FindElement(By by)
   at CianAgencyComplaint.AgencyManager.SendComplaintAsync(IWebDriver driver, IWebElement offerCard) in C:\Users\Goga\source\repos\CianAgencyComplaint\AgencyManager.cs:line 333
2023-07-24 19:15:47.645 +08:00 [ERR] Не удалось отправить жалобу: no such element: Unable to locate element: {"method":"css selector","selector":"[data-name='ComplaintItemForm'] textarea[name='message']"}
  (Session info: chrome=114.0.5735.199); For documentation on this error, please visit: https://www.selenium.dev/documentation/webdriver/troubleshooting/errors#no-such-element-exception
OpenQA.Selenium.NoSuchElementException: no such element: Unable to locate element: {"method":"css selector","selector":"[data-name='ComplaintItemForm'] textarea[name='message']"}
  (Session info: chrome=114.0.5735.199); For documentation on this error, please visit: https://www.selenium.dev/documentation/webdriver/troubleshooting/errors#no-such-element-exception
   at OpenQA.Selenium.WebDriver.UnpackAndThrowOnError(Response errorResponse, String commandToExecute)
   at OpenQA.Selenium.WebDriver.Execute(String driverCommandToExecute, Dictionary`2 parameters)
   at OpenQA.Selenium.WebDriver.FindElement(String mechanism, String value)
   at OpenQA.Selenium.By.<.ctor>b__11_0(ISearchContext context)
   at OpenQA.Selenium.By.FindElement(ISearchContext context)
   at OpenQA.Selenium.WebDriver.FindElement(By by)
   at CianAgencyComplaint.AgencyManager.SendComplaintAsync(IWebDriver driver, IWebElement offerCard) in C:\Users\Goga\source\repos\CianAgencyComplaint\AgencyManager.cs:line 333
2023-07-24 19:15:57.213 +08:00 [ERR] Не удалось отправить жалобу: no such element: Unable to locate element: {"method":"css selector","selector":"[data-name='ComplaintItemForm'] textarea[name='message']"}
  (Session info: chrome=114.0.5735.199); For documentation on this error, please visit: https://www.selenium.dev/documentation/webdriver/troubleshooting/errors#no-such-element-exception
OpenQA.Selenium.NoSuchElementException: no such element: Unable to locate element: {"method":"css selector","selector":"[data-name='ComplaintItemForm'] textarea[name='message']"}
  (Session info: chrome=114.0.5735.199); For documentation on this error, please visit: https://www.selenium.dev/documentation/webdriver/troubleshooting/errors#no-such-element-exception
   at OpenQA.Selenium.WebDriver.UnpackAndThrowOnError(Response errorResponse, String commandToExecute)
   at OpenQA.Selenium.WebDriver.Execute(String driverCommandToExecute, Dictionary`2 parameters)
   at OpenQA.Selenium.WebDriver.FindElement(String mechanism, String value)
   at OpenQA.Selenium.By.<.ctor>b__11_0(ISearchContext context)
   at OpenQA.Selenium.By.FindElement(ISearchContext context)
   at OpenQA.Selenium.WebDriver.FindElement(By by)
   at CianAgencyComplaint.AgencyManager.SendComplaintAsync(IWebDriver driver, IWebElement offerCard) in C:\Users\Goga\source\repos\CianAgencyComplaint\AgencyManager.cs:line 333
2023-07-24 19:19:33.613 +08:00 [ERR] Не удалось отправить жалобу: no such element: Unable to locate element: {"method":"css selector","selector":"[data-name='ComplaintItemForm'] textarea[name='message']"}
  (Session info: chrome=114.0.5735.199); For documentation on this error, please visit: https://www.selenium.dev/documentation/webdriver/troubleshooting/errors#no-such-element-exception
OpenQA.Selenium.NoSuchElementException: no such element: Unable to locate element: {"method":"css selector","selector":"[data-name='ComplaintItemForm'] textarea[name='message']"}
  (Session info: chrome=114.0.5735.199); For documentation on this error, please visit: https://www.selenium.dev/documentation/webdriver/troubleshooting/errors#no-such-element-exception
   at OpenQA.Selenium.WebDriver.UnpackAndThrowOnError(Response errorResponse, String commandToExecute)
   at OpenQA.Selenium.WebDriver.Execute(String driverCommandToExecute, Dictionary`2 parameters)
   at OpenQA.Selenium.WebDriver.FindElement(String mechanism, String value)
   at OpenQA.Selenium.By.<.ctor>b__11_0(ISearchContext context)
   at OpenQA.Selenium.By.FindElement(ISearchContext context)
   at OpenQA.Selenium.WebDriver.FindElement(By by)
   at CianAgencyComplaint.AgencyManager.SendComplaintAsync(IWebDriver driver, IWebElement offerCard) in C:\Users\Goga\source\repos\CianAgencyComplaint\AgencyManager.cs:line 333
2023-07-24 19:19:43.219 +08:00 [ERR] Не удалось отправить жалобу: no such element: Unable to locate element: {"method":"css selector","selector":"[data-name='ComplaintItemForm'] textarea[name='message']"}
  (Session info: chrome=114.0.5735.199); For documentation on this error, please visit: https://www.selenium.dev/documentation/webdriver/troubleshooting/errors#no-such-element-exception
OpenQA.Selenium.NoSuchElementException: no such element: Unable to locate element: {"method":"css selector","selector":"[data-name='ComplaintItemForm'] textarea[name='message']"}
  (Session info: chrome=114.0.5735.199); For documentation on this error, please visit: https://www.selenium.dev/documentation/webdriver/troubleshooting/errors#no-such-element-exception
   at OpenQA.Selenium.WebDriver.UnpackAndThrowOnError(Response errorResponse, String commandToExecute)
   at OpenQA.Selenium.WebDriver.Execute(String driverCommandToExecute, Dictionary`2 parameters)
   at OpenQA.Selenium.WebDriver.FindElement(String mechanism, String value)
   at OpenQA.Selenium.By.<.ctor>b__11_0(ISearchContext context)
   at OpenQA.Selenium.By.FindElement(ISearchContext context)
   at OpenQA.Selenium.WebDriver.FindElement(By by)
   at CianAgencyComplaint.AgencyManager.SendComplaintAsync(IWebDriver driver, IWebElement offerCard) in C:\Users\Goga\source\repos\CianAgencyComplaint\AgencyManager.cs:line 333
2023-07-24 19:23:55.744 +08:00 [ERR] Не удалось отправить жалобу: no such element: Unable to locate element: {"method":"css selector","selector":"[data-name='ComplaintItemForm'] textarea[name='message']"}
  (Session info: chrome=114.0.5735.199); For documentation on this error, please visit: https://www.selenium.dev/documentation/webdriver/troubleshooting/errors#no-such-element-exception
OpenQA.Selenium.NoSuchElementException: no such element: Unable to locate element: {"method":"css selector","selector":"[data-name='ComplaintItemForm'] textarea[name='message']"}
  (Session info: chrome=114.0.5735.199); For documentation on this error, please visit: https://www.selenium.dev/documentation/webdriver/troubleshooting/errors#no-such-element-exception
   at OpenQA.Selenium.WebDriver.UnpackAndThrowOnError(Response errorResponse, String commandToExecute)
   at OpenQA.Selenium.WebDriver.Execute(String driverCommandToExecute, Dictionary`2 parameters)
   at OpenQA.Selenium.WebDriver.FindElement(String mechanism, String value)
   at OpenQA.Selenium.By.<.ctor>b__11_0(ISearchContext context)
   at OpenQA.Selenium.By.FindElement(ISearchContext context)
   at OpenQA.Selenium.WebDriver.FindElement(By by)
   at CianAgencyComplaint.AgencyManager.SendComplaintAsync(IWebDriver driver, IWebElement offerCard) in C:\Users\Goga\source\repos\CianAgencyComplaint\AgencyManager.cs:line 333
